Empezando algoritmo genético con los siguientes parámetros
==============================================================
Factor mutación: 0.02
Factor crossover: 0.6
Total generaciones: 20
Tamaño población: 200
Número individuos torneo: 2
Cantidad de individuos elitimo: 4
Utilizando 2 hebras simultaneas para evaluaciones.
Inicializando población
Evaluando población:200
[0](0.06408333333333334 min).....[5](0.4539666666666667 min).....[10](0.8006833333333333 min).....[15](1.1065666666666667 min).....[20](1.33955 min).....[25](1.5316 min).....[30](1.7843666666666667 min).....[35](2.1147833333333335 min).....[40](2.39385 min).....[45](2.72605 min).....[50](3.0235333333333334 min).....[55](3.3733166666666667 min).....[60](3.613916666666667 min).....[65](3.7979166666666666 min).....[70](4.153083333333333 min).....[75](4.457566666666667 min).....[80](4.9472 min).....[85](5.115183333333333 min).....[90](5.414766666666667 min).....[95](5.657983333333333 min).....[100](6.012016666666667 min).....[105](6.284133333333333 min).....[110](6.52225 min).....[115](6.765716666666666 min).....[120](7.058483333333333 min).....[125](7.297983333333334 min).....[130](7.534916666666667 min).....[135](7.6924 min).....[140](7.974733333333333 min).....[145](8.1193 min).....[150](8.457833333333333 min).....[155](8.698816666666666 min).....[160](8.990733333333333 min).....[165](9.182350000000001 min).....[170](9.483416666666667 min).....[175](9.656566666666667 min).....[180](10.033033333333332 min).....[185](10.479133333333333 min).....[190](10.714133333333333 min).....[195](11.045516666666666 min)...
 Ajustando población
Almacenando información sobre individuos
La población se encuentra en la 1 generación
Población:200
Evaluando población:200
[0](0.07065 min).....[5](0.21203333333333332 min).....[10](0.45518333333333333 min).....[15](0.5648 min).....[20](0.7619333333333334 min).....[25](0.8921333333333333 min).....[30](1.2469 min).....[35](1.45215 min).....[40](1.7056666666666667 min).....[45](1.8501833333333333 min).....[50](2.1557000000000004 min).....[55](2.2957833333333335 min).....[60](2.5142333333333338 min).....[65](2.640833333333333 min).....[70](2.836 min).....[75](3.25975 min).....[80](3.57735 min).....[85](3.8839166666666665 min).....[90](4.128616666666667 min).....[95](4.339616666666667 min).....[100](4.587633333333333 min).....[105](4.839366666666667 min).....[110](5.230983333333333 min).....[115](5.6185833333333335 min).....[120](6.004833333333334 min).....[125](6.156000000000001 min).....[130](6.377116666666667 min).....[135](6.58355 min).....[140](6.8441833333333335 min).....[145](7.1364 min).....[150](7.443733333333333 min).....[155](7.868366666666666 min).....[160](8.256616666666666 min).....[165](8.457 min).....[170](8.729583333333332 min).....[175](9.2064 min).....[180](9.839599999999999 min).....[185](10.285783333333335 min).....[190](10.742516666666667 min).....[195](11.041666666666666 min)...
La población se encuentra en la 2 generación
Población:200
Evaluando población:200
[0](0.05171666666666667 min).....[5](0.18573333333333333 min).....[10](0.41763333333333336 min).....[15](0.5759833333333333 min).....[20](0.7899166666666667 min).....[25](0.9434333333333333 min).....[30](1.1754333333333333 min).....[35](1.3211000000000002 min).....[40](1.5108166666666667 min).....[45](1.6548166666666666 min).....[50](1.82725 min).....[55](1.9528833333333333 min).....[60](2.1489666666666665 min).....[65](2.2693333333333334 min).....[70](2.4745666666666666 min).....[75](2.618733333333333 min).....[80](2.8731166666666668 min).....[85](3.0324 min).....[90](3.2414 min).....[95](3.4230500000000004 min).....[100](3.670533333333333 min).....[105](3.84785 min).....[110](4.06635 min).....[115](4.22155 min).....[120](4.436383333333334 min).....[125](4.5951 min).....[130](4.794183333333334 min).....[135](4.9969833333333336 min).....[140](5.186816666666667 min).....[145](5.346866666666667 min).....[150](5.634966666666667 min).....[155](5.7618833333333335 min).....[160](6.053633333333334 min).....[165](6.4328 min).....[170](6.862466666666666 min).....[175](7.3186 min).....[180](7.991433333333333 min).....[185](8.4532 min).....[190](9.067200000000001 min).....[195](9.580583333333333 min)...
La población se encuentra en la 3 generación
Población:200
Evaluando población:200
[0](0.06058333333333333 min).....[5](0.16561666666666666 min).....[10](0.36665 min).....[15](0.5488 min).....[20](0.7394666666666667 min).....[25](0.862 min).....[30](1.0750166666666667 min).....[35](1.2578333333333334 min).....[40](1.4829833333333333 min).....[45](1.6250333333333333 min).....[50](1.8496 min).....[55](1.9706833333333333 min).....[60](2.1233333333333335 min).....[65](2.22885 min).....[70](2.403766666666667 min).....[75](2.5437166666666666 min).....[80](2.7844166666666665 min).....[85](2.9486 min).....[90](3.1790666666666665 min).....[95](3.3721 min).....[100](3.69385 min).....[105](3.8510833333333334 min).....[110](4.102216666666667 min).....[115](4.2812833333333336 min).....[120](4.559966666666667 min).....[125](4.734016666666666 min).....[130](4.948666666666667 min).....[135](5.188599999999999 min).....[140](5.430533333333333 min).....[145](5.5847 min).....[150](5.799716666666667 min).....[155](5.993883333333333 min).....[160](6.327299999999999 min).....[165](6.624783333333334 min).....[170](6.923916666666667 min).....[175](7.1139 min).....[180](7.395016666666667 min).....[185](7.5598 min).....[190](8.23945 min).....[195](8.650066666666667 min)...
La población se encuentra en la 4 generación
Población:200
Evaluando población:200
[0](0.046683333333333334 min).....[5](0.1571 min).....[10](0.36206666666666665 min).....[15](0.4824833333333334 min).....[20](0.6452000000000001 min).....[25](0.7804 min).....[30](0.97205 min).....[35](1.0662166666666666 min).....[40](1.2798666666666667 min).....[45](1.39705 min).....[50](1.5668 min).....[55](1.6924666666666668 min).....[60](1.9145666666666665 min).....[65](2.07775 min).....[70](2.3347333333333333 min).....[75](2.5290000000000004 min).....[80](2.7319833333333334 min).....[85](2.939316666666667 min).....[90](3.1631333333333336 min).....[95](3.483433333333333 min).....[100](3.7512833333333333 min).....[105](3.9716333333333336 min).....[110](4.22445 min).....[115](4.394733333333334 min).....[120](4.60975 min).....[125](4.753950000000001 min).....[130](5.008083333333333 min).....[135](5.21655 min).....[140](5.454983333333333 min).....[145](5.7775 min).....[150](6.016850000000001 min).....[155](6.176283333333333 min).....[160](6.491583333333334 min).....[165](6.645866666666667 min).....[170](6.898433333333333 min).....[175](7.0971 min).....[180](7.400316666666667 min).....[185](7.726616666666667 min).....[190](8.213133333333333 min).....[195](8.511966666666668 min)...
La población se encuentra en la 5 generación
Población:200
Evaluando población:200
[0](0.055716666666666664 min).....[5](0.18896666666666664 min).....[10](0.37260000000000004 min).....[15](0.5745166666666666 min).....[20](0.7824333333333333 min).....[25](0.8933333333333333 min).....[30](1.066 min).....[35](1.18805 min).....[40](1.4017333333333333 min).....[45](1.59 min).....[50](1.7808833333333332 min).....[55](1.9461333333333333 min).....[60](2.158983333333333 min).....[65](2.30015 min).....[70](2.4780333333333333 min).....[75](2.5824 min).....[80](2.7906 min).....[85](2.9941999999999998 min).....[90](3.3379 min).....[95](3.6012166666666667 min).....[100](3.9071333333333333 min).....[105](4.027466666666666 min).....[110](4.2786333333333335 min).....[115](4.426733333333333 min).....[120](4.629483333333334 min).....[125](4.811016666666666 min).....[130](5.058183333333333 min).....[135](5.265416666666667 min).....[140](5.6710666666666665 min).....[145](5.8323 min).....[150](6.066966666666667 min).....[155](6.245583333333333 min).....[160](6.4959999999999996 min).....[165](6.656333333333333 min).....[170](6.850433333333333 min).....[175](6.965716666666666 min).....[180](7.296966666666666 min).....[185](7.438316666666666 min).....[190](7.7476166666666675 min).....[195](8.065333333333333 min)...
La población se encuentra en la 6 generación
Población:200
Evaluando población:200
[0](0.04161666666666666 min).....[5](0.13428333333333334 min).....[10](0.3201333333333333 min).....[15](0.4665666666666667 min).....[20](0.6832166666666667 min).....[25](0.8061833333333334 min).....[30](0.9872166666666666 min).....[35](1.1326333333333334 min).....[40](1.3206333333333333 min).....[45](1.4430166666666666 min).....[50](1.6146 min).....[55](1.7556 min).....[60](1.95335 min).....[65](2.0856166666666667 min).....[70](2.2488 min).....[75](2.3821166666666667 min).....[80](2.556166666666667 min).....[85](2.7242666666666664 min).....[90](2.9879000000000002 min).....[95](3.2384833333333334 min).....[100](3.4724999999999997 min).....[105](3.657366666666667 min).....[110](3.90635 min).....[115](4.053416666666667 min).....[120](4.375133333333333 min).....[125](4.551516666666667 min).....[130](4.818983333333334 min).....[135](4.962016666666667 min).....[140](5.217183333333334 min).....[145](5.3994 min).....[150](5.68665 min).....[155](5.865283333333333 min).....[160](6.1802 min).....[165](6.329116666666667 min).....[170](6.66435 min).....[175](6.822 min).....[180](7.030516666666667 min).....[185](7.1585833333333335 min).....[190](7.39355 min).....[195](7.548633333333333 min)...
La población se encuentra en la 7 generación
Población:200
Evaluando población:200
[0](0.04201666666666667 min).....[5](0.13701666666666668 min).....[10](0.3020333333333333 min).....[15](0.41141666666666665 min).....[20](0.5723166666666667 min).....[25](0.6776833333333333 min).....[30](0.8390500000000001 min).....[35](0.9618333333333333 min).....[40](1.1215833333333334 min).....[45](1.2317666666666667 min).....[50](1.4097 min).....[55](1.5126 min).....[60](1.68155 min).....[65](1.7763166666666665 min).....[70](1.9546666666666668 min).....[75](2.0704666666666665 min).....[80](2.2635333333333336 min).....[85](2.3890833333333332 min).....[90](2.5703833333333335 min).....[95](2.7194 min).....[100](2.909066666666667 min).....[105](3.040233333333333 min).....[110](3.2506166666666667 min).....[115](3.3995 min).....[120](3.632566666666667 min).....[125](3.7555 min).....[130](3.9502333333333337 min).....[135](4.114683333333334 min).....[140](4.392266666666667 min).....[145](4.54375 min).....[150](4.784400000000001 min).....[155](5.030716666666667 min).....[160](5.270483333333333 min).....[165](5.4229666666666665 min).....[170](5.686933333333333 min).....[175](5.871933333333333 min).....[180](6.169683333333333 min).....[185](6.39945 min).....[190](6.707533333333333 min).....[195](6.9005833333333335 min)...
La población se encuentra en la 8 generación
Población:200
Evaluando población:200
[0](0.046683333333333334 min).....[5](0.13940000000000002 min).....[10](0.29923333333333335 min).....[15](0.41675 min).....[20](0.6034166666666666 min).....[25](0.72835 min).....[30](0.90215 min).....[35](1.0113333333333334 min).....[40](1.1673333333333333 min).....[45](1.2744666666666666 min).....[50](1.46045 min).....[55](1.5690833333333332 min).....[60](1.7429 min).....[65](1.8570333333333333 min).....[70](2.0198833333333335 min).....[75](2.1421666666666668 min).....[80](2.3546 min).....[85](2.501316666666667 min).....[90](2.71885 min).....[95](2.8456333333333332 min).....[100](3.0237833333333333 min).....[105](3.1677666666666666 min).....[110](3.3639333333333337 min).....[115](3.50725 min).....[120](3.7587333333333333 min).....[125](3.90655 min).....[130](4.10205 min).....[135](4.21695 min).....[140](4.446783333333333 min).....[145](4.571566666666667 min).....[150](4.764566666666667 min).....[155](4.980766666666667 min).....[160](5.251366666666667 min).....[165](5.3554 min).....[170](5.6692833333333335 min).....[175](5.805783333333333 min).....[180](6.003183333333333 min).....[185](6.330016666666666 min).....[190](6.609366666666667 min).....[195](6.8908 min)...
La población se encuentra en la 9 generación
Población:200
Evaluando población:200
[0](0.04636666666666667 min).....[5](0.15176666666666666 min).....[10](0.37455 min).....[15](0.48191666666666666 min).....[20](0.6449833333333334 min).....[25](0.7609333333333334 min).....[30](0.9418333333333333 min).....[35](1.0603333333333333 min).....[40](1.29995 min).....[45](1.4758333333333333 min).....[50](1.68205 min).....[55](1.7930333333333333 min).....[60](1.9946666666666668 min).....[65](2.2034666666666665 min).....[70](2.4135666666666666 min).....[75](2.5244666666666666 min).....[80](2.7626666666666666 min).....[85](2.977716666666667 min).....[90](3.3091333333333335 min).....[95](3.436 min).....[100](3.675 min).....[105](3.7880499999999997 min).....[110](4.029216666666667 min).....[115](4.15755 min).....[120](4.35235 min).....[125](4.474833333333334 min).....[130](4.704283333333334 min).....[135](4.825483333333334 min).....[140](5.035633333333333 min).....[145](5.167116666666667 min).....[150](5.3716 min).....[155](5.5171166666666664 min).....[160](5.754266666666666 min).....[165](5.900083333333333 min).....[170](6.0984 min).....[175](6.242333333333334 min).....[180](6.518016666666667 min).....[185](6.736400000000001 min).....[190](7.0433666666666666 min).....[195](7.22185 min)...
La población se encuentra en la 10 generación
Población:200
Evaluando población:200
[0](0.042383333333333335 min).....[5](0.1225 min).....[10](0.2683 min).....[15](0.37161666666666665 min).....[20](0.5194833333333333 min).....[25](0.6187 min).....[30](0.7895166666666668 min).....[35](0.9044666666666666 min).....[40](1.0964166666666666 min).....[45](1.2296833333333335 min).....[50](1.4054666666666666 min).....[55](1.5148833333333334 min).....[60](1.7097499999999999 min).....[65](1.8305166666666668 min).....[70](2.012366666666667 min).....[75](2.1335166666666665 min).....[80](2.356466666666667 min).....[85](2.481466666666667 min).....[90](2.649916666666667 min).....[95](2.7866333333333335 min).....[100](3.004833333333333 min).....[105](3.147583333333333 min).....[110](3.3340666666666667 min).....[115](3.47955 min).....[120](3.6897333333333333 min).....[125](3.8287166666666668 min).....[130](4.024516666666667 min).....[135](4.164616666666666 min).....[140](4.3473500000000005 min).....[145](4.48005 min).....[150](4.69605 min).....[155](4.80375 min).....[160](4.999766666666667 min).....[165](5.174966666666666 min).....[170](5.434633333333333 min).....[175](5.604916666666667 min).....[180](5.8170166666666665 min).....[185](5.989633333333333 min).....[190](6.204316666666667 min).....[195](6.433366666666667 min)...
La población se encuentra en la 11 generación
Población:200
Evaluando población:200
[0](0.04518333333333333 min).....[5](0.13478333333333334 min).....[10](0.2833333333333333 min).....[15](0.37761666666666666 min).....[20](0.5360499999999999 min).....[25](0.6462166666666668 min).....[30](0.8023333333333333 min).....[35](0.91755 min).....[40](1.10545 min).....[45](1.2212333333333334 min).....[50](1.4156833333333334 min).....[55](1.5240333333333331 min).....[60](1.6878333333333333 min).....[65](1.8157999999999999 min).....[70](1.977 min).....[75](2.080966666666667 min).....[80](2.2643 min).....[85](2.38615 min).....[90](2.5453833333333336 min).....[95](2.6622333333333335 min).....[100](2.875383333333333 min).....[105](2.9871166666666666 min).....[110](3.1747500000000004 min).....[115](3.284966666666667 min).....[120](3.5044166666666663 min).....[125](3.6452999999999998 min).....[130](3.8733666666666666 min).....[135](4.016366666666666 min).....[140](4.2238500000000005 min).....[145](4.398883333333333 min).....[150](4.6211 min).....[155](4.7595833333333335 min).....[160](5.00805 min).....[165](5.1513 min).....[170](5.384916666666667 min).....[175](5.5480833333333335 min).....[180](5.778099999999999 min).....[185](5.9345 min).....[190](6.242866666666667 min).....[195](6.421433333333334 min)...
La población se encuentra en la 12 generación
Población:200
Evaluando población:200
[0](0.039933333333333335 min).....[5](0.12716666666666668 min).....[10](0.2841333333333333 min).....[15](0.38165 min).....[20](0.5399666666666667 min).....[25](0.6496999999999999 min).....[30](0.80675 min).....[35](0.8891666666666667 min).....[40](1.03755 min).....[45](1.1331333333333333 min).....[50](1.29445 min).....[55](1.3929 min).....[60](1.55875 min).....[65](1.67935 min).....[70](1.8610333333333335 min).....[75](1.9979333333333333 min).....[80](2.2080333333333333 min).....[85](2.34085 min).....[90](2.518133333333333 min).....[95](2.6471333333333336 min).....[100](2.902733333333333 min).....[105](3.0533333333333332 min).....[110](3.260483333333333 min).....[115](3.384133333333333 min).....[120](3.578233333333333 min).....[125](3.7051666666666665 min).....[130](3.983433333333333 min).....[135](4.125266666666667 min).....[140](4.30565 min).....[145](4.454416666666666 min).....[150](4.6485666666666665 min).....[155](4.789183333333333 min).....[160](5.068116666666667 min).....[165](5.216316666666667 min).....[170](5.471333333333333 min).....[175](5.653683333333333 min).....[180](5.871433333333333 min).....[185](6.100816666666666 min).....[190](6.32375 min).....[195](6.507033333333334 min)...
La población se encuentra en la 13 generación
Población:200
Evaluando población:200
[0](0.04133333333333333 min).....[5](0.1381166666666667 min).....[10](0.30046666666666666 min).....[15](0.4044666666666667 min).....[20](0.5913833333333333 min).....[25](0.6966833333333333 min).....[30](0.8857 min).....[35](1.0188 min).....[40](1.2031833333333333 min).....[45](1.3287333333333333 min).....[50](1.4970333333333334 min).....[55](1.6029666666666667 min).....[60](1.7853999999999999 min).....[65](1.9159333333333335 min).....[70](2.1184833333333333 min).....[75](2.2207 min).....[80](2.4068833333333335 min).....[85](2.5979 min).....[90](2.7497666666666665 min).....[95](2.865016666666667 min).....[100](3.05225 min).....[105](3.1933166666666666 min).....[110](3.4296333333333333 min).....[115](3.5828333333333333 min).....[120](3.8878 min).....[125](4.0466999999999995 min).....[130](4.258816666666666 min).....[135](4.413633333333333 min).....[140](4.659383333333333 min).....[145](4.802466666666667 min).....[150](5.0189 min).....[155](5.142799999999999 min).....[160](5.3680666666666665 min).....[165](5.514083333333334 min).....[170](5.717250000000001 min).....[175](5.863883333333334 min).....[180](6.1009166666666665 min).....[185](6.259216666666666 min).....[190](6.6075333333333335 min).....[195](6.909083333333333 min)...
La población se encuentra en la 14 generación
Población:200
Evaluando población:200
[0](0.043000000000000003 min).....[5](0.1295 min).....[10](0.2952 min).....[15](0.4030833333333333 min).....[20](0.57405 min).....[25](0.724 min).....[30](0.9021666666666667 min).....[35](1.0027666666666666 min).....[40](1.1852666666666667 min).....[45](1.2985 min).....[50](1.4999833333333332 min).....[55](1.62235 min).....[60](1.7758166666666668 min).....[65](1.8818166666666667 min).....[70](2.080433333333333 min).....[75](2.1988833333333333 min).....[80](2.383483333333333 min).....[85](2.498816666666667 min).....[90](2.7013666666666665 min).....[95](2.8277 min).....[100](2.997333333333333 min).....[105](3.1420166666666662 min).....[110](3.3055499999999998 min).....[115](3.4418166666666665 min).....[120](3.707066666666667 min).....[125](3.842566666666667 min).....[130](4.039433333333333 min).....[135](4.207983333333334 min).....[140](4.380116666666667 min).....[145](4.530833333333334 min).....[150](4.694183333333333 min).....[155](4.830783333333333 min).....[160](5.0388166666666665 min).....[165](5.15285 min).....[170](5.353750000000001 min).....[175](5.48245 min).....[180](5.728350000000001 min).....[185](5.850766666666667 min).....[190](6.1064 min).....[195](6.331549999999999 min)...
La población se encuentra en la 15 generación
Población:200
Evaluando población:200
[0](0.04173333333333333 min).....[5](0.14703333333333332 min).....[10](0.29975 min).....[15](0.40873333333333334 min).....[20](0.5927 min).....[25](0.6904 min).....[30](0.8320833333333333 min).....[35](0.9710833333333333 min).....[40](1.1601666666666666 min).....[45](1.2484499999999998 min).....[50](1.4134333333333333 min).....[55](1.5060499999999999 min).....[60](1.6796499999999999 min).....[65](1.7797333333333334 min).....[70](1.9599833333333334 min).....[75](2.0794166666666665 min).....[80](2.2421333333333333 min).....[85](2.3416833333333336 min).....[90](2.5125333333333333 min).....[95](2.6135666666666664 min).....[100](2.796133333333333 min).....[105](2.8966 min).....[110](3.0608999999999997 min).....[115](3.1538833333333334 min).....[120](3.33195 min).....[125](3.4747666666666666 min).....[130](3.6820333333333335 min).....[135](3.78465 min).....[140](3.9611500000000004 min).....[145](4.065166666666666 min).....[150](4.26095 min).....[155](4.3865 min).....[160](4.565483333333333 min).....[165](4.6850000000000005 min).....[170](4.880383333333333 min).....[175](4.981933333333333 min).....[180](5.166733333333334 min).....[185](5.382383333333333 min).....[190](5.6778666666666675 min).....[195](5.749066666666667 min)...
La población se encuentra en la 16 generación
Población:200
Evaluando población:200
[0](0.042583333333333334 min).....[5](0.16740000000000002 min).....[10](0.39518333333333333 min).....[15](0.5399999999999999 min).....[20](0.7455666666666667 min).....[25](0.8632500000000001 min).....[30](1.1181833333333333 min).....[35](1.2448833333333333 min).....[40](1.4628333333333332 min).....[45](1.5980666666666667 min).....[50](1.8067166666666667 min).....[55](1.9250666666666667 min).....[60](2.0908333333333333 min).....[65](2.18575 min).....[70](2.3677333333333332 min).....[75](2.48645 min).....[80](2.6689333333333334 min).....[85](2.774583333333333 min).....[90](2.94585 min).....[95](3.0665833333333334 min).....[100](3.2395833333333335 min).....[105](3.362 min).....[110](3.504766666666667 min).....[115](3.6161666666666665 min).....[120](3.8014 min).....[125](3.9373833333333335 min).....[130](4.127 min).....[135](4.23425 min).....[140](4.418216666666667 min).....[145](4.622316666666666 min).....[150](4.716866666666666 min).....[155](4.7804166666666665 min).....[160](4.8763 min).....[165](4.9385 min).....[170](5.034883333333334 min).....[175](5.1 min).....[180](5.195266666666667 min).....[185](5.262683333333333 min).....[190](5.358933333333334 min).....[195](5.422 min)...
La población se encuentra en la 17 generación
Población:200
Evaluando población:200
[0](0.0384 min).....[5](0.1259 min).....[10](0.26985 min).....[15](0.39213333333333333 min).....[20](0.5998 min).....[25](0.7230333333333333 min).....[30](0.9093166666666667 min).....[35](1.0104166666666667 min).....[40](1.19575 min).....[45](1.3255833333333333 min).....[50](1.5181333333333333 min).....[55](1.6318833333333334 min).....[60](1.8316833333333333 min).....[65](1.9577 min).....[70](2.147483333333333 min).....[75](2.27785 min).....[80](2.4639666666666664 min).....[85](2.5832333333333333 min).....[90](2.7881333333333336 min).....[95](2.9442833333333334 min).....[100](3.1505666666666667 min).....[105](3.270366666666667 min).....[110](3.4770333333333334 min).....[115](3.6100333333333334 min).....[120](3.9358999999999997 min).....[125](4.117233333333333 min).....[130](4.315799999999999 min).....[135](4.396249999999999 min).....[140](4.500683333333333 min).....[145](4.603 min).....[150](4.737016666666666 min).....[155](4.848466666666667 min).....[160](4.9965 min).....[165](5.078333333333333 min).....[170](5.181383333333333 min).....[175](5.3136833333333335 min).....[180](5.439383333333334 min).....[185](5.552783333333333 min).....[190](5.764083333333334 min).....[195](5.871083333333333 min)...
La población se encuentra en la 18 generación
Población:200
Evaluando población:200
[0](0.040383333333333334 min).....[5](0.11958333333333333 min).....[10](0.2638333333333333 min).....[15](0.3784166666666666 min).....[20](0.5453 min).....[25](0.6769833333333334 min).....[30](0.8488166666666667 min).....[35](0.9667833333333333 min).....[40](1.1365833333333333 min).....[45](1.2744333333333333 min).....[50](1.44485 min).....[55](1.55745 min).....[60](1.7439166666666668 min).....[65](1.8664166666666666 min).....[70](2.0650500000000003 min).....[75](2.1800833333333336 min).....[80](2.384666666666667 min).....[85](2.5315166666666666 min).....[90](2.7291666666666665 min).....[95](2.8492333333333333 min).....[100](3.0215666666666667 min).....[105](3.145033333333333 min).....[110](3.2984999999999998 min).....[115](3.5237 min).....[120](3.7384833333333334 min).....[125](3.88105 min).....[130](4.075566666666666 min).....[135](4.211283333333333 min).....[140](4.406766666666667 min).....[145](4.5365 min).....[150](4.7507166666666665 min).....[155](4.889016666666667 min).....[160](5.070716666666667 min).....[165](5.2486 min).....[170](5.418166666666666 min).....[175](5.491116666666667 min).....[180](5.657866666666666 min).....[185](5.745533333333333 min).....[190](5.912166666666667 min).....[195](5.998716666666667 min)...
La población se encuentra en la 19 generación
Población:200
Evaluando población:200
[0](0.04253333333333333 min).....[5](0.14488333333333334 min).....[10](0.3314166666666667 min).....[15](0.466 min).....[20](0.6554666666666668 min).....[25](0.7764333333333333 min).....[30](0.9715666666666666 min).....[35](1.0858833333333335 min).....[40](1.2562 min).....[45](1.3696833333333334 min).....[50](1.5448833333333334 min).....[55](1.68355 min).....[60](1.8728666666666667 min).....[65](2.0019666666666667 min).....[70](2.2058000000000004 min).....[75](2.3341 min).....[80](2.495033333333333 min).....[85](2.6179 min).....[90](2.7971833333333334 min).....[95](2.9074 min).....[100](3.06155 min).....[105](3.17075 min).....[110](3.3569666666666667 min).....[115](3.4930333333333334 min).....[120](3.6837 min).....[125](3.8207999999999998 min).....[130](3.9925833333333336 min).....[135](4.12935 min).....[140](4.326116666666667 min).....[145](4.465533333333334 min).....[150](4.630733333333334 min).....[155](4.760266666666666 min).....[160](4.949566666666667 min).....[165](5.068583333333334 min).....[170](5.276966666666667 min).....[175](5.382633333333334 min).....[180](5.51705 min).....[185](5.6006 min).....[190](5.7362 min).....[195](5.832116666666667 min)...
La población se encuentra en la 20 generación
Población:200
Evaluando población:200
[0](0.0454 min).....[5](0.13166666666666668 min).....[10](0.3042166666666667 min).....[15](0.41445000000000004 min).....[20](0.5859166666666666 min).....[25](0.7018833333333333 min).....[30](0.8642666666666667 min).....[35](0.9854833333333333 min).....[40](1.16035 min).....[45](1.2756333333333332 min).....[50](1.4751 min).....[55](1.5879666666666667 min).....[60](1.7933 min).....[65](1.90695 min).....[70](2.0851833333333336 min).....[75](2.2066500000000002 min).....[80](2.3948166666666664 min).....[85](2.5159666666666665 min).....[90](2.705766666666667 min).....[95](2.8436833333333333 min).....[100](3.0223333333333335 min).....[105](3.1360666666666663 min).....[110](3.3045833333333334 min).....[115](3.426216666666667 min).....[120](3.59445 min).....[125](3.7081999999999997 min).....[130](3.86785 min).....[135](3.9857333333333336 min).....[140](4.170433333333333 min).....[145](4.276833333333333 min).....[150](4.4454 min).....[155](4.581983333333333 min).....[160](4.752633333333334 min).....[165](4.8664 min).....[170](5.0399 min).....[175](5.177816666666667 min).....[180](5.371216666666667 min).....[185](5.497 min).....[190](5.831466666666667 min).....[195](5.9351 min)...
