Empezando algoritmo genético con los siguientes parámetros
==============================================================
Factor mutación: 0.02
Factor crossover: 0.6
Total generaciones: 20
Tamaño población: 200
Número individuos torneo: 2
Cantidad de individuos elitimo: 4
Utilizando 2 hebras simultaneas para evaluaciones.
Inicializando población
Evaluando población:200
[0](0.1337 min).....[5](0.4883166666666667 min).....[10](0.89085 min).....[15](1.3184166666666668 min).....[20](1.7587333333333333 min).....[25](2.0273833333333333 min).....[30](2.442533333333333 min).....[35](2.6242666666666663 min).....[40](3.0965333333333334 min).....[45](3.2504333333333335 min).....[50](3.5531333333333333 min).....[55](3.7769166666666667 min).....[60](4.1525 min).....[65](4.3264499999999995 min).....[70](4.910633333333333 min).....[75](5.356933333333333 min).....[80](5.595266666666666 min).....[85](5.956133333333333 min).....[90](6.386833333333333 min).....[95](6.5507 min).....[100](6.85515 min).....[105](7.218333333333334 min).....[110](7.669433333333333 min).....[115](7.9040333333333335 min).....[120](8.251366666666666 min).....[125](8.622133333333332 min).....[130](9.117716666666666 min).....[135](9.455716666666666 min).....[140](9.974 min).....[145](10.158199999999999 min).....[150](10.464266666666667 min).....[155](10.831366666666666 min).....[160](11.235999999999999 min).....[165](11.3332 min).....[170](11.612533333333333 min).....[175](11.78245 min).....[180](12.075683333333334 min).....[185](12.484183333333334 min).....[190](12.895233333333334 min).....[195](13.027683333333332 min)...
 Ajustando población
Almacenando información sobre individuos
La población se encuentra en la 1 generación
Población:200
Evaluando población:200
[0](0.04025 min).....[5](0.13406666666666667 min).....[10](0.2992 min).....[15](0.4311833333333333 min).....[20](0.6347666666666666 min).....[25](0.8437166666666667 min).....[30](1.1754666666666667 min).....[35](1.2945166666666668 min).....[40](1.4956333333333334 min).....[45](1.6123 min).....[50](1.8666833333333335 min).....[55](2.0220333333333333 min).....[60](2.28855 min).....[65](2.4932166666666666 min).....[70](2.772116666666667 min).....[75](2.9175666666666666 min).....[80](3.1603833333333333 min).....[85](3.2824166666666668 min).....[90](3.5817166666666664 min).....[95](3.7953666666666668 min).....[100](4.104983333333333 min).....[105](4.245916666666667 min).....[110](4.461133333333334 min).....[115](4.641983333333333 min).....[120](5.01865 min).....[125](5.3533833333333325 min).....[130](5.633083333333333 min).....[135](5.875866666666667 min).....[140](6.30465 min).....[145](6.5625333333333336 min).....[150](6.981483333333333 min).....[155](7.2395000000000005 min).....[160](7.81735 min).....[165](8.216983333333333 min).....[170](8.5127 min).....[175](8.847000000000001 min).....[180](9.46725 min).....[185](9.867316666666666 min).....[190](10.378549999999999 min).....[195](10.5522 min)...
La población se encuentra en la 2 generación
Población:200
Evaluando población:200
[0](0.05578333333333333 min).....[5](0.15763333333333335 min).....[10](0.31466666666666665 min).....[15](0.4399666666666667 min).....[20](0.6659166666666666 min).....[25](0.7873333333333333 min).....[30](1.01655 min).....[35](1.1597833333333334 min).....[40](1.4481666666666666 min).....[45](1.6096333333333335 min).....[50](1.8445166666666668 min).....[55](1.9982166666666668 min).....[60](2.2426000000000004 min).....[65](2.3820166666666664 min).....[70](2.6253666666666664 min).....[75](2.79565 min).....[80](3.0215666666666667 min).....[85](3.1660166666666667 min).....[90](3.4289666666666667 min).....[95](3.6213333333333333 min).....[100](3.93505 min).....[105](4.0808333333333335 min).....[110](4.304983333333333 min).....[115](4.439816666666667 min).....[120](4.672916666666667 min).....[125](4.810733333333333 min).....[130](5.035200000000001 min).....[135](5.19215 min).....[140](5.423566666666667 min).....[145](5.641883333333333 min).....[150](5.9289 min).....[155](6.08805 min).....[160](6.318833333333333 min).....[165](6.4649833333333335 min).....[170](6.780433333333334 min).....[175](6.964466666666667 min).....[180](7.41505 min).....[185](7.783833333333333 min).....[190](8.285533333333333 min).....[195](8.63965 min)...
La población se encuentra en la 3 generación
Población:200
Evaluando población:200
[0](0.03868333333333333 min).....[5](0.1225 min).....[10](0.30448333333333333 min).....[15](0.4626 min).....[20](0.7746666666666666 min).....[25](0.9501166666666666 min).....[30](1.2366166666666667 min).....[35](1.3677333333333332 min).....[40](1.6110666666666666 min).....[45](1.7298333333333333 min).....[50](1.9905833333333334 min).....[55](2.1093166666666665 min).....[60](2.2959 min).....[65](2.4628333333333337 min).....[70](2.6935333333333333 min).....[75](2.8430000000000004 min).....[80](3.0771333333333333 min).....[85](3.2430166666666667 min).....[90](3.4888333333333335 min).....[95](3.6653499999999997 min).....[100](3.9235666666666664 min).....[105](4.076816666666667 min).....[110](4.344033333333333 min).....[115](4.485650000000001 min).....[120](4.723066666666667 min).....[125](4.84505 min).....[130](5.02905 min).....[135](5.18055 min).....[140](5.3834 min).....[145](5.5139499999999995 min).....[150](5.7401 min).....[155](5.905466666666666 min).....[160](6.334333333333333 min).....[165](6.507516666666667 min).....[170](6.76675 min).....[175](6.99585 min).....[180](7.3082666666666665 min).....[185](7.65535 min).....[190](8.095333333333334 min).....[195](8.524316666666667 min)...
La población se encuentra en la 4 generación
Población:200
Evaluando población:200
[0](0.03655 min).....[5](0.1381166666666667 min).....[10](0.3324666666666667 min).....[15](0.4827833333333333 min).....[20](0.6933833333333334 min).....[25](0.8206 min).....[30](1.0305 min).....[35](1.1941166666666667 min).....[40](1.4012666666666667 min).....[45](1.6568 min).....[50](1.8792833333333334 min).....[55](2.0220833333333332 min).....[60](2.4333666666666667 min).....[65](2.5682166666666664 min).....[70](2.8099 min).....[75](2.9190666666666667 min).....[80](3.1122666666666663 min).....[85](3.2181166666666665 min).....[90](3.4356333333333335 min).....[95](3.6182000000000003 min).....[100](3.9061666666666666 min).....[105](4.0818666666666665 min).....[110](4.322933333333333 min).....[115](4.4996833333333335 min).....[120](4.844399999999999 min).....[125](5.091233333333333 min).....[130](5.394166666666666 min).....[135](5.5390500000000005 min).....[140](5.756733333333333 min).....[145](5.902950000000001 min).....[150](6.142483333333333 min).....[155](6.379333333333333 min).....[160](6.75115 min).....[165](6.964966666666667 min).....[170](7.2329 min).....[175](7.448683333333333 min).....[180](7.7216 min).....[185](7.88385 min).....[190](8.22455 min).....[195](8.488016666666667 min)...
La población se encuentra en la 5 generación
Población:200
Evaluando población:200
[0](0.04036666666666667 min).....[5](0.23535 min).....[10](0.36311666666666664 min).....[15](0.5994333333333334 min).....[20](0.8976333333333333 min).....[25](1.0404 min).....[30](1.23135 min).....[35](1.3683333333333332 min).....[40](1.6346666666666667 min).....[45](1.8220166666666666 min).....[50](2.1513666666666666 min).....[55](2.2851500000000002 min).....[60](2.5356666666666663 min).....[65](2.67415 min).....[70](2.93075 min).....[75](3.084216666666667 min).....[80](3.3149333333333333 min).....[85](3.4939666666666667 min).....[90](3.7799833333333335 min).....[95](3.9553000000000003 min).....[100](4.201416666666667 min).....[105](4.38015 min).....[110](4.623666666666667 min).....[115](4.794966666666666 min).....[120](5.022966666666666 min).....[125](5.184633333333333 min).....[130](5.486783333333333 min).....[135](5.6743500000000004 min).....[140](6.000683333333333 min).....[145](6.184033333333333 min).....[150](6.424716666666667 min).....[155](6.584683333333333 min).....[160](6.828316666666667 min).....[165](6.9973833333333335 min).....[170](7.204183333333333 min).....[175](7.340166666666667 min).....[180](7.6181833333333335 min).....[185](7.992416666666667 min).....[190](8.459916666666667 min).....[195](8.833633333333333 min)...
La población se encuentra en la 6 generación
Población:200
Evaluando población:200
[0](0.042050000000000004 min).....[5](0.12415 min).....[10](0.24588333333333334 min).....[15](0.3456 min).....[20](0.5242333333333333 min).....[25](0.6667166666666666 min).....[30](0.8785666666666666 min).....[35](1.043 min).....[40](1.2417 min).....[45](1.4038833333333334 min).....[50](1.6547333333333334 min).....[55](1.7944666666666669 min).....[60](2.0675166666666667 min).....[65](2.2251666666666665 min).....[70](2.5252166666666667 min).....[75](2.6927499999999998 min).....[80](2.9120833333333334 min).....[85](3.0987 min).....[90](3.3482166666666666 min).....[95](3.5029833333333333 min).....[100](3.6897333333333333 min).....[105](3.8427000000000002 min).....[110](4.076133333333334 min).....[115](4.25985 min).....[120](4.547866666666667 min).....[125](4.687799999999999 min).....[130](4.931166666666667 min).....[135](5.083366666666667 min).....[140](5.2918666666666665 min).....[145](5.492500000000001 min).....[150](5.72555 min).....[155](5.8770999999999995 min).....[160](6.09805 min).....[165](6.236583333333333 min).....[170](6.508 min).....[175](6.73115 min).....[180](6.9907666666666675 min).....[185](7.192816666666667 min).....[190](7.602733333333333 min).....[195](7.912916666666666 min)...
La población se encuentra en la 7 generación
Población:200
Evaluando población:200
[0](0.04126666666666667 min).....[5](0.13373333333333332 min).....[10](0.27738333333333337 min).....[15](0.37570000000000003 min).....[20](0.5614833333333333 min).....[25](0.7027 min).....[30](0.9442333333333334 min).....[35](1.1065833333333333 min).....[40](1.4318666666666668 min).....[45](1.59765 min).....[50](1.8513333333333333 min).....[55](2.1138166666666667 min).....[60](2.36215 min).....[65](2.5035000000000003 min).....[70](2.7105333333333332 min).....[75](2.8432833333333334 min).....[80](3.034683333333333 min).....[85](3.1695166666666665 min).....[90](3.358616666666667 min).....[95](3.510383333333333 min).....[100](3.77725 min).....[105](3.9144666666666668 min).....[110](4.116016666666667 min).....[115](4.270583333333334 min).....[120](4.55135 min).....[125](4.764383333333333 min).....[130](5.02925 min).....[135](5.204533333333333 min).....[140](5.479033333333334 min).....[145](5.648633333333334 min).....[150](5.8773833333333325 min).....[155](6.033683333333333 min).....[160](6.2406500000000005 min).....[165](6.40115 min).....[170](6.575933333333333 min).....[175](6.7675833333333335 min).....[180](6.978983333333333 min).....[185](7.126066666666667 min).....[190](7.406733333333333 min).....[195](7.5956 min)...
La población se encuentra en la 8 generación
Población:200
Evaluando población:200
[0](0.04538333333333333 min).....[5](0.12268333333333332 min).....[10](0.26658333333333334 min).....[15](0.39339999999999997 min).....[20](0.5827333333333333 min).....[25](0.7157666666666667 min).....[30](0.9192833333333332 min).....[35](1.0460833333333333 min).....[40](1.2736833333333335 min).....[45](1.41215 min).....[50](1.65405 min).....[55](1.8326500000000001 min).....[60](2.0854833333333334 min).....[65](2.2840333333333334 min).....[70](2.5206333333333335 min).....[75](2.706733333333333 min).....[80](2.9089666666666667 min).....[85](3.0625 min).....[90](3.2898666666666667 min).....[95](3.440366666666667 min).....[100](3.6546499999999997 min).....[105](3.7968166666666665 min).....[110](4.00485 min).....[115](4.13725 min).....[120](4.338883333333333 min).....[125](4.499016666666666 min).....[130](4.743316666666667 min).....[135](4.8915 min).....[140](5.211833333333333 min).....[145](5.360133333333334 min).....[150](5.603899999999999 min).....[155](5.769 min).....[160](6.000133333333333 min).....[165](6.1657166666666665 min).....[170](6.470466666666667 min).....[175](6.643516666666667 min).....[180](6.8955166666666665 min).....[185](7.098233333333334 min).....[190](7.390383333333333 min).....[195](7.6807 min)...
La población se encuentra en la 9 generación
Población:200
Evaluando población:200
[0](0.038900000000000004 min).....[5](0.14918333333333333 min).....[10](0.3327666666666667 min).....[15](0.444 min).....[20](0.6296833333333333 min).....[25](0.7864666666666668 min).....[30](0.9552999999999999 min).....[35](1.0931 min).....[40](1.28695 min).....[45](1.4181833333333331 min).....[50](1.6685666666666668 min).....[55](1.8376666666666668 min).....[60](2.0767333333333333 min).....[65](2.2510333333333334 min).....[70](2.5492666666666666 min).....[75](2.6719333333333335 min).....[80](2.919766666666667 min).....[85](3.086116666666667 min).....[90](3.2995333333333337 min).....[95](3.4710166666666664 min).....[100](3.8461166666666666 min).....[105](4.0286333333333335 min).....[110](4.3061 min).....[115](4.46595 min).....[120](4.7118166666666665 min).....[125](4.879383333333333 min).....[130](5.108133333333333 min).....[135](5.257133333333333 min).....[140](5.563883333333334 min).....[145](5.788566666666667 min).....[150](6.030283333333333 min).....[155](6.16875 min).....[160](6.396583333333334 min).....[165](6.538033333333333 min).....[170](6.784083333333333 min).....[175](6.922783333333333 min).....[180](7.1721 min).....[185](7.316599999999999 min).....[190](7.5783 min).....[195](7.770449999999999 min)...
La población se encuentra en la 10 generación
Población:200
Evaluando población:200
[0](0.06738333333333334 min).....[5](0.18136666666666665 min).....[10](0.3937666666666667 min).....[15](0.5533666666666667 min).....[20](0.7778166666666666 min).....[25](0.9219333333333334 min).....[30](1.0930333333333333 min).....[35](1.21125 min).....[40](1.4015666666666666 min).....[45](1.5482666666666667 min).....[50](1.7414333333333334 min).....[55](1.87745 min).....[60](2.1026000000000002 min).....[65](2.2323833333333334 min).....[70](2.518133333333333 min).....[75](2.70335 min).....[80](3.0298166666666666 min).....[85](3.2289000000000003 min).....[90](3.5023 min).....[95](3.772583333333333 min).....[100](4.027733333333333 min).....[105](4.25605 min).....[110](4.50695 min).....[115](4.683566666666667 min).....[120](4.924449999999999 min).....[125](5.119416666666667 min).....[130](5.324866666666667 min).....[135](5.479299999999999 min).....[140](5.716883333333333 min).....[145](5.8819333333333335 min).....[150](6.093733333333334 min).....[155](6.329766666666667 min).....[160](6.537883333333334 min).....[165](6.6921 min).....[170](6.9454166666666675 min).....[175](7.078766666666667 min).....[180](7.405633333333333 min).....[185](7.579750000000001 min).....[190](7.912933333333333 min).....[195](8.138783333333333 min)...
La población se encuentra en la 11 generación
Población:200
Evaluando población:200
[0](0.03751666666666666 min).....[5](0.13773333333333332 min).....[10](0.3613166666666666 min).....[15](0.5133166666666666 min).....[20](0.76005 min).....[25](0.92535 min).....[30](1.1478499999999998 min).....[35](1.2787666666666666 min).....[40](1.4950666666666665 min).....[45](1.6432333333333333 min).....[50](1.8342166666666666 min).....[55](1.9607333333333334 min).....[60](2.1614833333333334 min).....[65](2.29595 min).....[70](2.4847333333333332 min).....[75](2.60445 min).....[80](2.835 min).....[85](3.0856 min).....[90](3.3449166666666668 min).....[95](3.527133333333333 min).....[100](3.82035 min).....[105](3.9733500000000004 min).....[110](4.191983333333334 min).....[115](4.314466666666666 min).....[120](4.536766666666667 min).....[125](4.678766666666666 min).....[130](4.8893 min).....[135](5.010683333333334 min).....[140](5.287333333333334 min).....[145](5.507366666666667 min).....[150](5.743216666666667 min).....[155](5.90015 min).....[160](6.101 min).....[165](6.303716666666667 min).....[170](6.62905 min).....[175](6.766 min).....[180](7.12605 min).....[185](7.3077 min).....[190](7.555783333333333 min).....[195](7.7897 min)...
La población se encuentra en la 12 generación
Población:200
Evaluando población:200
[0](0.039983333333333336 min).....[5](0.13573333333333334 min).....[10](0.34049999999999997 min).....[15](0.48466666666666663 min).....[20](0.7055833333333333 min).....[25](0.8483333333333333 min).....[30](1.0619333333333334 min).....[35](1.19445 min).....[40](1.3902166666666667 min).....[45](1.52565 min).....[50](1.7288999999999999 min).....[55](1.8947833333333333 min).....[60](2.1089166666666666 min).....[65](2.2900666666666667 min).....[70](2.5712166666666665 min).....[75](2.7554000000000003 min).....[80](3.0311333333333335 min).....[85](3.1805666666666665 min).....[90](3.4255166666666668 min).....[95](3.59225 min).....[100](3.8305333333333333 min).....[105](3.9816333333333334 min).....[110](4.231716666666666 min).....[115](4.367450000000001 min).....[120](4.579133333333333 min).....[125](4.734833333333333 min).....[130](4.97225 min).....[135](5.127633333333334 min).....[140](5.456516666666667 min).....[145](5.602616666666666 min).....[150](5.878166666666667 min).....[155](6.055233333333334 min).....[160](6.3265666666666664 min).....[165](6.47565 min).....[170](6.774649999999999 min).....[175](6.91895 min).....[180](7.161583333333334 min).....[185](7.3251 min).....[190](7.5354833333333335 min).....[195](7.716583333333333 min)...
La población se encuentra en la 13 generación
Población:200
Evaluando población:200
[0](0.03855 min).....[5](0.1129 min).....[10](0.2846666666666666 min).....[15](0.4187166666666667 min).....[20](0.5898833333333333 min).....[25](0.7391333333333333 min).....[30](0.9901 min).....[35](1.11365 min).....[40](1.31535 min).....[45](1.4525000000000001 min).....[50](1.6835833333333334 min).....[55](1.8343333333333334 min).....[60](2.0392166666666665 min).....[65](2.1669166666666664 min).....[70](2.3882333333333334 min).....[75](2.5505166666666668 min).....[80](2.777066666666667 min).....[85](2.9383 min).....[90](3.1942999999999997 min).....[95](3.3556833333333334 min).....[100](3.5831999999999997 min).....[105](3.7461166666666665 min).....[110](3.968033333333333 min).....[115](4.132316666666666 min).....[120](4.3947666666666665 min).....[125](4.558366666666667 min).....[130](4.78995 min).....[135](4.960883333333333 min).....[140](5.193083333333333 min).....[145](5.371466666666667 min).....[150](5.58615 min).....[155](5.80605 min).....[160](6.03615 min).....[165](6.173966666666667 min).....[170](6.420833333333333 min).....[175](6.560933333333334 min).....[180](6.7958 min).....[185](6.961383333333333 min).....[190](7.172333333333333 min).....[195](7.306266666666667 min)...
La población se encuentra en la 14 generación
Población:200
Evaluando población:200
[0](0.03921666666666667 min).....[5](0.11845 min).....[10](0.29178333333333334 min).....[15](0.4160833333333333 min).....[20](0.63505 min).....[25](0.8319500000000001 min).....[30](1.0873 min).....[35](1.2120833333333332 min).....[40](1.4033333333333333 min).....[45](1.5431666666666668 min).....[50](1.7477166666666666 min).....[55](1.9043333333333334 min).....[60](2.1207333333333334 min).....[65](2.2682166666666665 min).....[70](2.5281833333333332 min).....[75](2.668066666666667 min).....[80](2.87655 min).....[85](3.0093 min).....[90](3.2453 min).....[95](3.3638666666666666 min).....[100](3.6062999999999996 min).....[105](3.77145 min).....[110](3.9775666666666667 min).....[115](4.08695 min).....[120](4.307566666666667 min).....[125](4.418033333333333 min).....[130](4.619933333333334 min).....[135](4.776116666666667 min).....[140](4.98875 min).....[145](5.140083333333333 min).....[150](5.35905 min).....[155](5.498716666666667 min).....[160](5.710483333333333 min).....[165](5.90085 min).....[170](6.1617 min).....[175](6.390366666666667 min).....[180](6.632616666666666 min).....[185](6.852216666666666 min).....[190](7.19165 min).....[195](7.425766666666666 min)...
La población se encuentra en la 15 generación
Población:200
Evaluando población:200
[0](0.040016666666666666 min).....[5](0.13888333333333333 min).....[10](0.30683333333333335 min).....[15](0.43706666666666666 min).....[20](0.6492666666666668 min).....[25](0.7954833333333333 min).....[30](1.01845 min).....[35](1.2160333333333333 min).....[40](1.4651500000000002 min).....[45](1.6333166666666665 min).....[50](1.8976166666666667 min).....[55](2.0595499999999998 min).....[60](2.3175666666666666 min).....[65](2.4977500000000004 min).....[70](2.7169499999999998 min).....[75](2.9045166666666664 min).....[80](3.118466666666667 min).....[85](3.2708 min).....[90](3.51435 min).....[95](3.6800166666666665 min).....[100](3.869066666666667 min).....[105](3.9952166666666664 min).....[110](4.175366666666666 min).....[115](4.296466666666666 min).....[120](4.49655 min).....[125](4.62005 min).....[130](4.821233333333334 min).....[135](4.970516666666667 min).....[140](5.170683333333333 min).....[145](5.319383333333334 min).....[150](5.51155 min).....[155](5.6566833333333335 min).....[160](5.84155 min).....[165](5.977866666666667 min).....[170](6.2972 min).....[175](6.455516666666667 min).....[180](6.700566666666666 min).....[185](6.863966666666667 min).....[190](7.231366666666667 min).....[195](7.479066666666667 min)...
La población se encuentra en la 16 generación
Población:200
Evaluando población:200
[0](0.04031666666666667 min).....[5](0.1568 min).....[10](0.3728666666666667 min).....[15](0.49146666666666666 min).....[20](0.7119166666666668 min).....[25](0.8528166666666667 min).....[30](1.0577166666666666 min).....[35](1.1912999999999998 min).....[40](1.3947833333333333 min).....[45](1.5776000000000001 min).....[50](1.7898 min).....[55](1.93525 min).....[60](2.1704 min).....[65](2.3039 min).....[70](2.5244333333333335 min).....[75](2.671683333333333 min).....[80](2.8938333333333333 min).....[85](3.0245 min).....[90](3.2346 min).....[95](3.3877499999999996 min).....[100](3.5937166666666664 min).....[105](3.7485166666666667 min).....[110](3.9642666666666666 min).....[115](4.103 min).....[120](4.30295 min).....[125](4.446916666666667 min).....[130](4.655566666666667 min).....[135](4.828116666666667 min).....[140](5.0466 min).....[145](5.1782666666666675 min).....[150](5.373333333333333 min).....[155](5.516133333333333 min).....[160](5.70965 min).....[165](5.851183333333334 min).....[170](6.05875 min).....[175](6.198449999999999 min).....[180](6.51235 min).....[185](6.652833333333334 min).....[190](6.863183333333334 min).....[195](7.055033333333333 min)...
La población se encuentra en la 17 generación
Población:200
Evaluando población:200
[0](0.039183333333333334 min).....[5](0.15940000000000001 min).....[10](0.3517166666666667 min).....[15](0.47076666666666667 min).....[20](0.6657 min).....[25](0.7947500000000001 min).....[30](0.9912500000000001 min).....[35](1.1429666666666667 min).....[40](1.3712333333333333 min).....[45](1.5232166666666667 min).....[50](1.7192666666666667 min).....[55](1.9271166666666666 min).....[60](2.1648666666666667 min).....[65](2.3200166666666666 min).....[70](2.5380499999999997 min).....[75](2.6615666666666664 min).....[80](2.8772666666666664 min).....[85](3.0092 min).....[90](3.210983333333333 min).....[95](3.3494 min).....[100](3.554933333333333 min).....[105](3.69525 min).....[110](3.915783333333333 min).....[115](4.055933333333333 min).....[120](4.27855 min).....[125](4.430166666666667 min).....[130](4.626016666666667 min).....[135](4.772166666666666 min).....[140](4.980483333333334 min).....[145](5.119249999999999 min).....[150](5.327733333333333 min).....[155](5.455016666666666 min).....[160](5.613716666666666 min).....[165](5.765866666666667 min).....[170](5.9667666666666666 min).....[175](6.102016666666667 min).....[180](6.3222 min).....[185](6.466566666666667 min).....[190](6.679683333333333 min).....[195](6.829283333333334 min)...
La población se encuentra en la 18 generación
Población:200
Evaluando población:200
[0](0.037766666666666664 min).....[5](0.13196666666666668 min).....[10](0.44939999999999997 min).....[15](0.6956 min).....[20](0.9212333333333333 min).....[25](1.075 min).....[30](1.3039666666666667 min).....[35](1.4427166666666666 min).....[40](1.6748666666666667 min).....[45](1.81365 min).....[50](2.023816666666667 min).....[55](2.1508666666666665 min).....[60](2.35355 min).....[65](2.5035666666666665 min).....[70](2.7222 min).....[75](2.89065 min).....[80](3.1116666666666664 min).....[85](3.2456166666666664 min).....[90](3.434083333333333 min).....[95](3.58515 min).....[100](3.78365 min).....[105](3.919766666666667 min).....[110](4.112783333333334 min).....[115](4.25225 min).....[120](4.4479500000000005 min).....[125](4.602716666666667 min).....[130](4.831366666666667 min).....[135](4.966933333333333 min).....[140](5.214283333333333 min).....[145](5.369566666666667 min).....[150](5.682066666666667 min).....[155](5.825266666666667 min).....[160](6.0318000000000005 min).....[165](6.195683333333333 min).....[170](6.4087499999999995 min).....[175](6.562116666666666 min).....[180](6.788266666666667 min).....[185](6.945533333333334 min).....[190](7.137783333333333 min).....[195](7.3095 min)...
La población se encuentra en la 19 generación
Población:200
Evaluando población:200
[0](0.04256666666666666 min).....[5](0.14153333333333334 min).....[10](0.33399999999999996 min).....[15](0.48558333333333337 min).....[20](0.7096333333333333 min).....[25](0.9213833333333333 min).....[30](1.14285 min).....[35](1.2671 min).....[40](1.4885333333333333 min).....[45](1.6242833333333333 min).....[50](1.8651166666666665 min).....[55](2.0151333333333334 min).....[60](2.2342 min).....[65](2.3566833333333337 min).....[70](2.6022166666666666 min).....[75](2.7321166666666667 min).....[80](2.9362500000000002 min).....[85](3.0800833333333335 min).....[90](3.2710333333333335 min).....[95](3.4108 min).....[100](3.59755 min).....[105](3.7218333333333335 min).....[110](3.924183333333333 min).....[115](4.073283333333333 min).....[120](4.258566666666667 min).....[125](4.398383333333333 min).....[130](4.59175 min).....[135](4.745433333333334 min).....[140](4.948433333333333 min).....[145](5.1174333333333335 min).....[150](5.355133333333333 min).....[155](5.514283333333334 min).....[160](5.749766666666667 min).....[165](5.8869 min).....[170](6.12125 min).....[175](6.275933333333333 min).....[180](6.50225 min).....[185](6.6547 min).....[190](6.868316666666667 min).....[195](7.014616666666667 min)...
La población se encuentra en la 20 generación
Población:200
Evaluando población:200
[0](0.03896666666666667 min).....[5](0.1176 min).....[10](0.34705 min).....[15](0.4673666666666667 min).....[20](0.6637166666666666 min).....[25](0.7977333333333333 min).....[30](0.9935833333333334 min).....[35](1.1342166666666667 min).....[40](1.3267166666666665 min).....[45](1.4554833333333332 min).....[50](1.6629833333333333 min).....[55](1.8040166666666666 min).....[60](2.0102166666666665 min).....[65](2.1494333333333335 min).....[70](2.3623833333333333 min).....[75](2.5018000000000002 min).....[80](2.7033666666666667 min).....[85](2.840233333333333 min).....[90](3.0644833333333334 min).....[95](3.1858 min).....[100](3.37545 min).....[105](3.4946166666666665 min).....[110](3.7082166666666665 min).....[115](3.8475333333333332 min).....[120](4.037450000000001 min).....[125](4.174633333333333 min).....[130](4.404883333333333 min).....[135](4.559533333333333 min).....[140](4.754883333333334 min).....[145](4.903066666666667 min).....[150](5.085800000000001 min).....[155](5.2118166666666665 min).....[160](5.372766666666666 min).....[165](5.49535 min).....[170](5.6991000000000005 min).....[175](5.849483333333334 min).....[180](6.093266666666667 min).....[185](6.3190333333333335 min).....[190](6.5243 min).....[195](6.663366666666667 min)...
