Empezando algoritmo genético con los siguientes parámetros
==============================================================
Factor mutación: 0.02
Factor crossover: 0.6
Total generaciones: 20
Tamaño población: 200
Número individuos torneo: 2
Cantidad de individuos elitimo: 4
Utilizando 2 hebras simultaneas para evaluaciones.
Inicializando población
Evaluando población:200
[0](0.09115000000000001 min).....[5](0.3783666666666667 min).....[10](0.6168 min).....[15](0.86675 min).....[20](1.2641166666666666 min).....[25](1.6639166666666665 min).....[30](2.0191 min).....[35](2.1792833333333332 min).....[40](2.449 min).....[45](2.640733333333333 min).....[50](3.127216666666667 min).....[55](3.3615 min).....[60](3.8278000000000003 min).....[65](4.0618 min).....[70](4.554733333333333 min).....[75](4.821983333333334 min).....[80](5.2059500000000005 min).....[85](5.408766666666667 min).....[90](5.812866666666666 min).....[95](6.1509833333333335 min).....[100](6.4441999999999995 min).....[105](6.606516666666667 min).....[110](6.9085833333333335 min).....[115](7.12965 min).....[120](7.6764 min).....[125](7.87465 min).....[130](8.295766666666667 min).....[135](8.525566666666666 min).....[140](8.940183333333332 min).....[145](9.189333333333334 min).....[150](9.499933333333333 min).....[155](9.833383333333334 min).....[160](10.258183333333333 min).....[165](10.425233333333333 min).....[170](10.719783333333334 min).....[175](11.288866666666667 min).....[180](11.7033 min).....[185](12.04665 min).....[190](12.652633333333334 min).....[195](12.818216666666666 min)...
 Ajustando población
Almacenando información sobre individuos
La población se encuentra en la 1 generación
Población:200
Evaluando población:200
[0](0.05625 min).....[5](0.17403333333333335 min).....[10](0.37815 min).....[15](0.5020166666666667 min).....[20](0.6660166666666666 min).....[25](0.7994666666666668 min).....[30](1.1435666666666668 min).....[35](1.29305 min).....[40](1.5271000000000001 min).....[45](1.6633333333333333 min).....[50](1.8135333333333332 min).....[55](1.9159666666666666 min).....[60](2.1029500000000003 min).....[65](2.2412 min).....[70](2.69465 min).....[75](3.0098166666666666 min).....[80](3.2828333333333335 min).....[85](3.5954166666666665 min).....[90](3.9794833333333335 min).....[95](4.287433333333333 min).....[100](4.59035 min).....[105](4.885433333333333 min).....[110](5.242633333333333 min).....[115](5.440016666666667 min).....[120](5.827916666666667 min).....[125](6.113166666666667 min).....[130](6.440683333333333 min).....[135](6.871616666666667 min).....[140](7.35585 min).....[145](7.771983333333334 min).....[150](8.2317 min).....[155](8.559066666666666 min).....[160](9.088933333333333 min).....[165](9.428466666666667 min).....[170](9.939316666666667 min).....[175](10.128583333333333 min).....[180](10.73425 min).....[185](11.029016666666667 min).....[190](11.869433333333335 min).....[195](12.1093 min)...
La población se encuentra en la 2 generación
Población:200
Evaluando población:200
[0](0.0525 min).....[5](0.17011666666666667 min).....[10](0.36628333333333335 min).....[15](0.5023000000000001 min).....[20](0.94575 min).....[25](1.3029833333333334 min).....[30](1.5617833333333333 min).....[35](1.7918333333333334 min).....[40](2.03715 min).....[45](2.1926166666666664 min).....[50](2.476783333333333 min).....[55](2.653516666666667 min).....[60](2.9019166666666667 min).....[65](3.0423166666666663 min).....[70](3.241966666666667 min).....[75](3.4626333333333337 min).....[80](3.6986166666666667 min).....[85](3.860783333333333 min).....[90](4.1357333333333335 min).....[95](4.355966666666666 min).....[100](4.721116666666666 min).....[105](4.95775 min).....[110](5.331216666666666 min).....[115](5.687749999999999 min).....[120](6.171166666666666 min).....[125](6.542583333333334 min).....[130](6.904433333333333 min).....[135](7.203416666666667 min).....[140](7.73055 min).....[145](8.025483333333334 min).....[150](8.381333333333334 min).....[155](8.76395 min).....[160](9.33455 min).....[165](9.637533333333332 min).....[170](10.106016666666667 min).....[175](10.440850000000001 min).....[180](10.970566666666667 min).....[185](11.381266666666667 min).....[190](11.842733333333333 min).....[195](12.000066666666667 min)...
La población se encuentra en la 3 generación
Población:200
Evaluando población:200
[0](0.062200000000000005 min).....[5](0.16521666666666668 min).....[10](0.36533333333333334 min).....[15](0.49115000000000003 min).....[20](0.6652166666666666 min).....[25](0.7863 min).....[30](0.9699666666666666 min).....[35](1.1045833333333335 min).....[40](1.3017833333333333 min).....[45](1.488 min).....[50](1.7132 min).....[55](1.8996 min).....[60](2.1806833333333335 min).....[65](2.3395 min).....[70](2.73015 min).....[75](2.931 min).....[80](3.34125 min).....[85](3.51825 min).....[90](3.7649833333333333 min).....[95](3.8911000000000002 min).....[100](4.0944666666666665 min).....[105](4.256783333333334 min).....[110](4.463183333333333 min).....[115](4.608549999999999 min).....[120](4.780233333333333 min).....[125](4.9495000000000005 min).....[130](5.227316666666667 min).....[135](5.4567 min).....[140](5.919866666666667 min).....[145](6.131916666666667 min).....[150](6.469233333333333 min).....[155](6.71035 min).....[160](7.1733 min).....[165](7.475583333333334 min).....[170](7.875383333333334 min).....[175](8.1425 min).....[180](8.33045 min).....[185](8.8216 min).....[190](9.214599999999999 min).....[195](9.4769 min)...
La población se encuentra en la 4 generación
Población:200
Evaluando población:200
[0](0.046683333333333334 min).....[5](0.22808333333333333 min).....[10](0.54825 min).....[15](0.6568 min).....[20](0.8126666666666666 min).....[25](0.9248999999999999 min).....[30](1.1067 min).....[35](1.2157833333333334 min).....[40](1.3904 min).....[45](1.53625 min).....[50](1.80915 min).....[55](1.9375166666666668 min).....[60](2.12785 min).....[65](2.260683333333333 min).....[70](2.49735 min).....[75](2.631533333333333 min).....[80](2.8637666666666663 min).....[85](3.0412000000000003 min).....[90](3.3333333333333335 min).....[95](3.4999166666666666 min).....[100](3.90675 min).....[105](4.1819999999999995 min).....[110](4.527466666666667 min).....[115](4.721733333333333 min).....[120](4.978233333333334 min).....[125](5.227783333333333 min).....[130](5.484066666666666 min).....[135](5.70275 min).....[140](6.069566666666666 min).....[145](6.23815 min).....[150](6.643533333333334 min).....[155](6.9425333333333334 min).....[160](7.320616666666667 min).....[165](7.499483333333333 min).....[170](7.900233333333333 min).....[175](8.086766666666668 min).....[180](8.560716666666668 min).....[185](8.7705 min).....[190](9.196566666666666 min).....[195](9.57075 min)...
La población se encuentra en la 5 generación
Población:200
Evaluando población:200
[0](0.0553 min).....[5](0.15289999999999998 min).....[10](0.30361666666666665 min).....[15](0.4098833333333333 min).....[20](0.5738833333333333 min).....[25](0.6719833333333334 min).....[30](0.83735 min).....[35](0.9758666666666667 min).....[40](1.3267 min).....[45](1.5047333333333335 min).....[50](1.7973833333333333 min).....[55](1.959 min).....[60](2.182466666666667 min).....[65](2.4573166666666664 min).....[70](2.6668499999999997 min).....[75](2.9002333333333334 min).....[80](3.1212333333333335 min).....[85](3.241316666666667 min).....[90](3.4842166666666667 min).....[95](3.59785 min).....[100](3.8386833333333334 min).....[105](4.008233333333333 min).....[110](4.251366666666667 min).....[115](4.41565 min).....[120](4.643766666666666 min).....[125](4.8157000000000005 min).....[130](5.12635 min).....[135](5.3763 min).....[140](5.658683333333333 min).....[145](5.882016666666667 min).....[150](6.308883333333333 min).....[155](6.53705 min).....[160](6.8288166666666665 min).....[165](7.078733333333333 min).....[170](7.358533333333333 min).....[175](7.559833333333333 min).....[180](7.903833333333334 min).....[185](8.192333333333334 min).....[190](8.4512 min).....[195](8.750316666666667 min)...
La población se encuentra en la 6 generación
Población:200
Evaluando población:200
[0](0.04791666666666667 min).....[5](0.14061666666666667 min).....[10](0.33836666666666665 min).....[15](0.46121666666666666 min).....[20](0.6238499999999999 min).....[25](0.72165 min).....[30](0.8744166666666667 min).....[35](0.99195 min).....[40](1.1827166666666666 min).....[45](1.3107499999999999 min).....[50](1.5451833333333334 min).....[55](1.6693500000000001 min).....[60](1.8477166666666667 min).....[65](1.9605666666666666 min).....[70](2.14135 min).....[75](2.2442833333333336 min).....[80](2.4813166666666664 min).....[85](2.6430333333333333 min).....[90](2.8718333333333335 min).....[95](3.0585166666666668 min).....[100](3.2994333333333334 min).....[105](3.46655 min).....[110](3.7202166666666665 min).....[115](3.8978166666666665 min).....[120](4.210233333333333 min).....[125](4.378166666666667 min).....[130](4.65925 min).....[135](4.863466666666667 min).....[140](5.19315 min).....[145](5.51405 min).....[150](5.7596333333333325 min).....[155](5.948616666666666 min).....[160](6.21595 min).....[165](6.419683333333333 min).....[170](6.6562833333333336 min).....[175](6.840283333333333 min).....[180](7.2526166666666665 min).....[185](7.437749999999999 min).....[190](7.7873 min).....[195](8.24305 min)...
La población se encuentra en la 7 generación
Población:200
Evaluando población:200
[0](0.05046666666666667 min).....[5](0.14781666666666665 min).....[10](0.3053666666666667 min).....[15](0.43234999999999996 min).....[20](0.6042166666666666 min).....[25](0.7200333333333333 min).....[30](0.8720833333333334 min).....[35](0.98195 min).....[40](1.1417833333333334 min).....[45](1.2583166666666665 min).....[50](1.4245166666666667 min).....[55](1.6608333333333334 min).....[60](1.8693 min).....[65](1.9755333333333334 min).....[70](2.1384166666666666 min).....[75](2.27495 min).....[80](2.4675000000000002 min).....[85](2.6141 min).....[90](2.77245 min).....[95](2.916 min).....[100](3.1365833333333333 min).....[105](3.2623666666666664 min).....[110](3.469666666666667 min).....[115](3.6331333333333333 min).....[120](3.8719166666666665 min).....[125](4.0261000000000005 min).....[130](4.298933333333333 min).....[135](4.5324333333333335 min).....[140](4.9471333333333325 min).....[145](5.124416666666666 min).....[150](5.4341333333333335 min).....[155](5.660349999999999 min).....[160](5.92135 min).....[165](6.144183333333333 min).....[170](6.5047500000000005 min).....[175](6.657466666666666 min).....[180](6.9563 min).....[185](7.12625 min).....[190](7.408383333333333 min).....[195](7.645300000000001 min)...
La población se encuentra en la 8 generación
Población:200
Evaluando población:200
[0](0.04926666666666667 min).....[5](0.16065 min).....[10](0.3266 min).....[15](0.43975000000000003 min).....[20](0.6160166666666667 min).....[25](0.7388666666666667 min).....[30](0.9075833333333333 min).....[35](1.0205 min).....[40](1.17875 min).....[45](1.2757333333333334 min).....[50](1.4426833333333335 min).....[55](1.5513000000000001 min).....[60](1.72875 min).....[65](1.8433333333333333 min).....[70](2.01775 min).....[75](2.145033333333333 min).....[80](2.3281666666666667 min).....[85](2.50635 min).....[90](2.76605 min).....[95](2.8878166666666667 min).....[100](3.2269666666666668 min).....[105](3.3737166666666667 min).....[110](3.6114166666666665 min).....[115](3.7692833333333335 min).....[120](4.025433333333334 min).....[125](4.206733333333333 min).....[130](4.505566666666667 min).....[135](4.6729 min).....[140](4.91165 min).....[145](5.055783333333333 min).....[150](5.289016666666667 min).....[155](5.4662500000000005 min).....[160](5.7147499999999996 min).....[165](5.97525 min).....[170](6.20075 min).....[175](6.403266666666667 min).....[180](6.68885 min).....[185](6.873533333333333 min).....[190](7.206533333333334 min).....[195](7.3906 min)...
La población se encuentra en la 9 generación
Población:200
Evaluando población:200
[0](0.04256666666666666 min).....[5](0.16018333333333334 min).....[10](0.3316166666666666 min).....[15](0.45995 min).....[20](0.6123166666666666 min).....[25](0.7354333333333333 min).....[30](0.8970166666666667 min).....[35](1.008 min).....[40](1.17285 min).....[45](1.2827 min).....[50](1.4429 min).....[55](1.5461333333333334 min).....[60](1.7146666666666666 min).....[65](1.8672333333333335 min).....[70](2.041 min).....[75](2.1839333333333335 min).....[80](2.3728333333333333 min).....[85](2.5144333333333337 min).....[90](2.7171833333333333 min).....[95](2.8638333333333335 min).....[100](3.066316666666667 min).....[105](3.218233333333333 min).....[110](3.4062 min).....[115](3.5477166666666666 min).....[120](3.7420166666666663 min).....[125](3.8959166666666665 min).....[130](4.146 min).....[135](4.27595 min).....[140](4.49875 min).....[145](4.654083333333333 min).....[150](4.9169833333333335 min).....[155](5.0552 min).....[160](5.270466666666667 min).....[165](5.425283333333334 min).....[170](5.671966666666666 min).....[175](5.912033333333333 min).....[180](6.182483333333334 min).....[185](6.352533333333333 min).....[190](6.5549333333333335 min).....[195](6.67045 min)...
La población se encuentra en la 10 generación
Población:200
Evaluando población:200
[0](0.05425 min).....[5](0.15121666666666667 min).....[10](0.3204666666666667 min).....[15](0.42868333333333336 min).....[20](0.5798166666666666 min).....[25](0.7203333333333333 min).....[30](0.90285 min).....[35](1.0360833333333332 min).....[40](1.1933333333333331 min).....[45](1.3043666666666667 min).....[50](1.4828833333333333 min).....[55](1.5877666666666668 min).....[60](1.75665 min).....[65](1.8881833333333333 min).....[70](2.073566666666667 min).....[75](2.22875 min).....[80](2.4317833333333336 min).....[85](2.5484500000000003 min).....[90](2.7930833333333336 min).....[95](2.9090333333333334 min).....[100](3.1077833333333333 min).....[105](3.259333333333333 min).....[110](3.4385499999999998 min).....[115](3.5523666666666665 min).....[120](3.7672499999999998 min).....[125](3.9186 min).....[130](4.122366666666667 min).....[135](4.246833333333333 min).....[140](4.474583333333333 min).....[145](4.655116666666667 min).....[150](4.8445833333333335 min).....[155](4.988566666666667 min).....[160](5.230666666666666 min).....[165](5.379866666666667 min).....[170](5.59415 min).....[175](5.7438666666666665 min).....[180](5.926550000000001 min).....[185](6.05225 min).....[190](6.288716666666667 min).....[195](6.448716666666667 min)...
La población se encuentra en la 11 generación
Población:200
Evaluando población:200
[0](0.057716666666666666 min).....[5](0.16195 min).....[10](0.3424833333333333 min).....[15](0.4575166666666667 min).....[20](0.6193333333333333 min).....[25](0.7334499999999999 min).....[30](0.9111999999999999 min).....[35](1.0147333333333333 min).....[40](1.1842833333333334 min).....[45](1.2857166666666666 min).....[50](1.46075 min).....[55](1.5945833333333332 min).....[60](1.7712166666666667 min).....[65](1.8803666666666667 min).....[70](2.0747833333333334 min).....[75](2.1931000000000003 min).....[80](2.4246166666666666 min).....[85](2.5576833333333338 min).....[90](2.7693333333333334 min).....[95](2.9206 min).....[100](3.09455 min).....[105](3.2130333333333336 min).....[110](3.3941166666666667 min).....[115](3.5223333333333335 min).....[120](3.731333333333333 min).....[125](3.8702833333333335 min).....[130](4.066316666666667 min).....[135](4.207616666666667 min).....[140](4.394283333333333 min).....[145](4.549866666666667 min).....[150](4.7775 min).....[155](4.914883333333333 min).....[160](5.123983333333333 min).....[165](5.277433333333334 min).....[170](5.522566666666666 min).....[175](5.685733333333333 min).....[180](5.876833333333334 min).....[185](5.998083333333333 min).....[190](6.18465 min).....[195](6.337433333333333 min)...
La población se encuentra en la 12 generación
Población:200
Evaluando población:200
[0](0.0534 min).....[5](0.14341666666666666 min).....[10](0.2965 min).....[15](0.40559999999999996 min).....[20](0.5744333333333334 min).....[25](0.7028166666666666 min).....[30](0.8869666666666667 min).....[35](1.0180833333333335 min).....[40](1.1885166666666669 min).....[45](1.35 min).....[50](1.5538999999999998 min).....[55](1.6841833333333334 min).....[60](1.8521333333333334 min).....[65](1.9683333333333333 min).....[70](2.1507333333333336 min).....[75](2.29005 min).....[80](2.47845 min).....[85](2.5979666666666663 min).....[90](2.77195 min).....[95](2.9139333333333335 min).....[100](3.0964 min).....[105](3.19735 min).....[110](3.4054166666666665 min).....[115](3.5379 min).....[120](3.7013666666666665 min).....[125](3.81915 min).....[130](4.033283333333333 min).....[135](4.150933333333334 min).....[140](4.3641 min).....[145](4.506466666666666 min).....[150](4.723483333333333 min).....[155](4.852133333333333 min).....[160](5.0418666666666665 min).....[165](5.176550000000001 min).....[170](5.3960333333333335 min).....[175](5.5256 min).....[180](5.7353 min).....[185](5.886566666666667 min).....[190](6.104833333333334 min).....[195](6.251933333333333 min)...
La población se encuentra en la 13 generación
Población:200
Evaluando población:200
[0](0.0536 min).....[5](0.16905 min).....[10](0.35506666666666664 min).....[15](0.4674333333333333 min).....[20](0.62125 min).....[25](0.7343333333333334 min).....[30](0.9237833333333333 min).....[35](1.0465666666666666 min).....[40](1.22555 min).....[45](1.3350166666666667 min).....[50](1.4990166666666667 min).....[55](1.6206666666666665 min).....[60](1.7994666666666668 min).....[65](1.9346333333333334 min).....[70](2.1133333333333333 min).....[75](2.264866666666667 min).....[80](2.458583333333333 min).....[85](2.584366666666667 min).....[90](2.7794833333333333 min).....[95](2.94225 min).....[100](3.1053833333333336 min).....[105](3.2161833333333334 min).....[110](3.4126166666666666 min).....[115](3.5511666666666666 min).....[120](3.7248 min).....[125](3.83295 min).....[130](4.00345 min).....[135](4.133333333333334 min).....[140](4.302733333333333 min).....[145](4.432933333333334 min).....[150](4.6405 min).....[155](4.7609 min).....[160](4.942933333333333 min).....[165](5.077 min).....[170](5.284949999999999 min).....[175](5.447266666666667 min).....[180](5.696883333333333 min).....[185](5.824483333333333 min).....[190](6.01715 min).....[195](6.107833333333334 min)...
La población se encuentra en la 14 generación
Población:200
Evaluando población:200
[0](0.04346666666666667 min).....[5](0.1642 min).....[10](0.311 min).....[15](0.42716666666666664 min).....[20](0.5832333333333334 min).....[25](0.6720833333333334 min).....[30](0.8423166666666667 min).....[35](0.9438 min).....[40](1.12485 min).....[45](1.2327666666666666 min).....[50](1.39895 min).....[55](1.5276 min).....[60](1.6991166666666666 min).....[65](1.80505 min).....[70](1.9713166666666666 min).....[75](2.09045 min).....[80](2.266566666666667 min).....[85](2.3938166666666665 min).....[90](2.5493666666666663 min).....[95](2.6710333333333334 min).....[100](2.86415 min).....[105](2.984283333333333 min).....[110](3.2041166666666667 min).....[115](3.3328833333333336 min).....[120](3.5208999999999997 min).....[125](3.6590166666666666 min).....[130](3.8493 min).....[135](3.97875 min).....[140](4.171616666666667 min).....[145](4.2935 min).....[150](4.4683 min).....[155](4.56985 min).....[160](4.742116666666666 min).....[165](4.884216666666666 min).....[170](5.068849999999999 min).....[175](5.1844 min).....[180](5.395466666666667 min).....[185](5.53075 min).....[190](5.731683333333334 min).....[195](5.911983333333334 min)...
La población se encuentra en la 15 generación
Población:200
Evaluando población:200
[0](0.059699999999999996 min).....[5](0.17228333333333332 min).....[10](0.34486666666666665 min).....[15](0.4577 min).....[20](0.6184333333333334 min).....[25](0.7367166666666667 min).....[30](0.9181333333333334 min).....[35](1.0320500000000001 min).....[40](1.1759 min).....[45](1.2751166666666667 min).....[50](1.4368666666666667 min).....[55](1.5675999999999999 min).....[60](1.7174833333333335 min).....[65](1.8279666666666665 min).....[70](2.010866666666667 min).....[75](2.1323833333333333 min).....[80](2.3160666666666665 min).....[85](2.4275499999999997 min).....[90](2.6224333333333334 min).....[95](2.73975 min).....[100](2.937683333333333 min).....[105](3.0616166666666667 min).....[110](3.22425 min).....[115](3.3382666666666667 min).....[120](3.5181833333333334 min).....[125](3.6577166666666665 min).....[130](3.8144666666666667 min).....[135](3.9356500000000003 min).....[140](4.111516666666667 min).....[145](4.2408166666666665 min).....[150](4.4161166666666665 min).....[155](4.514916666666666 min).....[160](4.68185 min).....[165](4.8065 min).....[170](4.989216666666667 min).....[175](5.131716666666667 min).....[180](5.3015 min).....[185](5.4282666666666675 min).....[190](5.584533333333334 min).....[195](5.7376 min)...
La población se encuentra en la 16 generación
Población:200
Evaluando población:200
[0](0.0497 min).....[5](0.14223333333333335 min).....[10](0.3106833333333333 min).....[15](0.41203333333333336 min).....[20](0.6024999999999999 min).....[25](0.7185 min).....[30](0.87805 min).....[35](0.9921000000000001 min).....[40](1.1795 min).....[45](1.2961500000000001 min).....[50](1.4804 min).....[55](1.6203666666666665 min).....[60](1.82105 min).....[65](1.9674666666666667 min).....[70](2.1607333333333334 min).....[75](2.291516666666667 min).....[80](2.4757499999999997 min).....[85](2.6127166666666666 min).....[90](2.806166666666667 min).....[95](2.9373500000000003 min).....[100](3.0967 min).....[105](3.2039 min).....[110](3.3710333333333335 min).....[115](3.50175 min).....[120](3.67395 min).....[125](3.817466666666667 min).....[130](3.9953833333333337 min).....[135](4.11575 min).....[140](4.294733333333334 min).....[145](4.4174500000000005 min).....[150](4.605216666666666 min).....[155](4.72855 min).....[160](4.9199 min).....[165](5.035783333333333 min).....[170](5.209966666666667 min).....[175](5.320866666666666 min).....[180](5.498216666666666 min).....[185](5.621333333333333 min).....[190](5.800333333333333 min).....[195](5.92255 min)...
La población se encuentra en la 17 generación
Población:200
Evaluando población:200
[0](0.0552 min).....[5](0.15331666666666666 min).....[10](0.31296666666666667 min).....[15](0.43173333333333336 min).....[20](0.6079666666666667 min).....[25](0.7196166666666667 min).....[30](0.8986166666666667 min).....[35](1.0302 min).....[40](1.2101666666666666 min).....[45](1.3209166666666665 min).....[50](1.4913999999999998 min).....[55](1.60135 min).....[60](1.7533166666666666 min).....[65](1.8656833333333334 min).....[70](2.052233333333333 min).....[75](2.1695166666666665 min).....[80](2.3117 min).....[85](2.43235 min).....[90](2.615616666666667 min).....[95](2.729233333333333 min).....[100](2.915016666666667 min).....[105](3.032966666666667 min).....[110](3.1948999999999996 min).....[115](3.298583333333333 min).....[120](3.4580833333333336 min).....[125](3.581033333333333 min).....[130](3.7605500000000003 min).....[135](3.8888666666666665 min).....[140](4.048116666666667 min).....[145](4.164116666666667 min).....[150](4.358933333333334 min).....[155](4.465233333333333 min).....[160](4.623866666666667 min).....[165](4.741766666666666 min).....[170](4.9152 min).....[175](5.04985 min).....[180](5.2306 min).....[185](5.362316666666667 min).....[190](5.569583333333333 min).....[195](5.707633333333334 min)...
La población se encuentra en la 18 generación
Población:200
Evaluando población:200
[0](0.044649999999999995 min).....[5](0.13216666666666665 min).....[10](0.28 min).....[15](0.38115 min).....[20](0.5617833333333333 min).....[25](0.6709333333333334 min).....[30](0.8253333333333334 min).....[35](0.9280166666666666 min).....[40](1.0882 min).....[45](1.2185666666666668 min).....[50](1.3859666666666668 min).....[55](1.4968333333333335 min).....[60](1.6706833333333333 min).....[65](1.8089166666666665 min).....[70](1.9893833333333333 min).....[75](2.096433333333333 min).....[80](2.2767 min).....[85](2.3885666666666667 min).....[90](2.554466666666667 min).....[95](2.6829666666666667 min).....[100](2.859366666666667 min).....[105](2.9869666666666665 min).....[110](3.1778833333333334 min).....[115](3.2888499999999996 min).....[120](3.4510666666666667 min).....[125](3.565366666666667 min).....[130](3.7560833333333337 min).....[135](3.8775 min).....[140](4.050816666666667 min).....[145](4.1823 min).....[150](4.362416666666666 min).....[155](4.494133333333334 min).....[160](4.667883333333333 min).....[165](4.780383333333333 min).....[170](4.9517500000000005 min).....[175](5.0549 min).....[180](5.2265500000000005 min).....[185](5.356566666666667 min).....[190](5.541433333333333 min).....[195](5.661966666666667 min)...
La población se encuentra en la 19 generación
Población:200
Evaluando población:200
[0](0.04905 min).....[5](0.14204999999999998 min).....[10](0.31235 min).....[15](0.4211 min).....[20](0.5855666666666667 min).....[25](0.696 min).....[30](0.8664333333333333 min).....[35](0.9778666666666667 min).....[40](1.1463166666666667 min).....[45](1.2872 min).....[50](1.4693333333333334 min).....[55](1.6011333333333333 min).....[60](1.7781333333333333 min).....[65](1.9135833333333332 min).....[70](2.076983333333333 min).....[75](2.1998 min).....[80](2.383783333333333 min).....[85](2.5078166666666664 min).....[90](2.6948333333333334 min).....[95](2.811783333333333 min).....[100](2.9927833333333336 min).....[105](3.0994666666666664 min).....[110](3.3057000000000003 min).....[115](3.425616666666667 min).....[120](3.60385 min).....[125](3.7334166666666664 min).....[130](3.919566666666667 min).....[135](4.05475 min).....[140](4.2348 min).....[145](4.361633333333333 min).....[150](4.541416666666667 min).....[155](4.657733333333334 min).....[160](4.8404 min).....[165](4.954183333333333 min).....[170](5.181766666666666 min).....[175](5.3145 min).....[180](5.503833333333334 min).....[185](5.620633333333333 min).....[190](5.80825 min).....[195](5.9387 min)...
La población se encuentra en la 20 generación
Población:200
Evaluando población:200
[0](0.050666666666666665 min).....[5](0.18611666666666665 min).....[10](0.33941666666666664 min).....[15](0.47459999999999997 min).....[20](0.6369333333333334 min).....[25](0.7603833333333333 min).....[30](0.9296833333333333 min).....[35](1.0486333333333333 min).....[40](1.2344666666666666 min).....[45](1.3485 min).....[50](1.5213166666666667 min).....[55](1.6304833333333333 min).....[60](1.8255166666666667 min).....[65](1.9476 min).....[70](2.1382499999999998 min).....[75](2.256133333333333 min).....[80](2.4295833333333334 min).....[85](2.52475 min).....[90](2.6731166666666666 min).....[95](2.7841666666666667 min).....[100](2.950083333333333 min).....[105](3.064316666666667 min).....[110](3.2358333333333333 min).....[115](3.3645 min).....[120](3.5204333333333335 min).....[125](3.6396666666666664 min).....[130](3.8124166666666666 min).....[135](3.9131333333333336 min).....[140](4.0765666666666664 min).....[145](4.211283333333333 min).....[150](4.388183333333333 min).....[155](4.511333333333334 min).....[160](4.6879 min).....[165](4.801816666666666 min).....[170](4.970466666666667 min).....[175](5.097283333333333 min).....[180](5.2786333333333335 min).....[185](5.381983333333333 min).....[190](5.563183333333333 min).....[195](5.685666666666666 min)...
