Empezando algoritmo genético con los siguientes parámetros
==============================================================
Factor mutación: 0.02
Factor crossover: 0.6
Total generaciones: 20
Tamaño población: 200
Número individuos torneo: 2
Cantidad de individuos elitimo: 4
Utilizando 2 hebras simultaneas para evaluaciones.
Inicializando población
Evaluando población:200
[0](0.1356 min).....[5](0.4777166666666667 min).....[10](0.7672 min).....[15](1.0570833333333334 min).....[20](1.4354833333333334 min).....[25](1.6365833333333333 min).....[30](2.0292666666666666 min).....[35](2.1910666666666665 min).....[40](2.5496666666666665 min).....[45](2.875583333333333 min).....[50](3.4883666666666664 min).....[55](3.75215 min).....[60](3.9599333333333333 min).....[65](4.2652833333333335 min).....[70](4.535783333333333 min).....[75](4.693883333333333 min).....[80](5.02285 min).....[85](5.206549999999999 min).....[90](5.71695 min).....[95](5.843933333333334 min).....[100](6.264333333333334 min).....[105](6.659366666666667 min).....[110](7.129916666666667 min).....[115](7.574533333333333 min).....[120](7.9138166666666665 min).....[125](8.3391 min).....[130](8.571233333333334 min).....[135](8.700233333333333 min).....[140](8.956733333333334 min).....[145](9.180900000000001 min).....[150](9.467183333333333 min).....[155](9.790866666666666 min).....[160](10.027116666666666 min).....[165](10.175333333333333 min).....[170](10.503516666666666 min).....[175](10.689383333333334 min).....[180](11.111183333333335 min).....[185](11.334366666666666 min).....[190](11.841283333333333 min).....[195](12.186066666666667 min)...
 Ajustando población
Almacenando información sobre individuos
La población se encuentra en la 1 generación
Población:200
Evaluando población:200
[0](0.05371666666666666 min).....[5](0.17131666666666667 min).....[10](0.35218333333333335 min).....[15](0.5125 min).....[20](0.7546 min).....[25](0.88915 min).....[30](1.2507833333333334 min).....[35](1.46405 min).....[40](1.7010166666666668 min).....[45](1.8477 min).....[50](2.0742 min).....[55](2.222183333333333 min).....[60](2.5114333333333336 min).....[65](2.683883333333333 min).....[70](2.9667000000000003 min).....[75](3.11955 min).....[80](3.356733333333333 min).....[85](3.5392 min).....[90](3.754033333333333 min).....[95](3.9407 min).....[100](4.25695 min).....[105](4.449733333333333 min).....[110](4.717 min).....[115](4.8843 min).....[120](5.213116666666666 min).....[125](5.5228 min).....[130](5.8623 min).....[135](6.030866666666666 min).....[140](6.315133333333334 min).....[145](6.568466666666667 min).....[150](7.119116666666667 min).....[155](7.319066666666667 min).....[160](7.875666666666667 min).....[165](8.47935 min).....[170](8.802383333333333 min).....[175](9.221233333333334 min).....[180](9.830683333333333 min).....[185](10.116333333333333 min).....[190](10.5378 min).....[195](10.757916666666667 min)...
La población se encuentra en la 2 generación
Población:200
Evaluando población:200
[0](0.05778333333333333 min).....[5](0.1599 min).....[10](0.3308 min).....[15](0.4638833333333333 min).....[20](0.6578499999999999 min).....[25](0.79345 min).....[30](1.0425666666666666 min).....[35](1.1983166666666667 min).....[40](1.4386666666666665 min).....[45](1.6422166666666667 min).....[50](1.9488333333333334 min).....[55](2.124833333333333 min).....[60](2.396383333333333 min).....[65](2.5655833333333335 min).....[70](2.8051166666666663 min).....[75](2.9629333333333334 min).....[80](3.2406 min).....[85](3.438016666666667 min).....[90](3.792533333333333 min).....[95](3.89435 min).....[100](4.198816666666667 min).....[105](4.3489 min).....[110](4.5657000000000005 min).....[115](4.87095 min).....[120](5.22405 min).....[125](5.369516666666667 min).....[130](5.632016666666667 min).....[135](5.86175 min).....[140](6.251099999999999 min).....[145](6.5316 min).....[150](7.0658666666666665 min).....[155](7.32155 min).....[160](7.713966666666667 min).....[165](7.942466666666666 min).....[170](8.345266666666667 min).....[175](8.599966666666667 min).....[180](8.924483333333335 min).....[185](9.115116666666667 min).....[190](9.714733333333333 min).....[195](10.150283333333334 min)...
La población se encuentra en la 3 generación
Población:200
Evaluando población:200
[0](0.06561666666666667 min).....[5](0.1970333333333333 min).....[10](0.3948 min).....[15](0.51805 min).....[20](0.7488333333333334 min).....[25](0.99465 min).....[30](1.2726333333333335 min).....[35](1.4306333333333332 min).....[40](1.6274833333333334 min).....[45](1.7535166666666666 min).....[50](1.9514500000000001 min).....[55](2.0978666666666665 min).....[60](2.2919 min).....[65](2.4579999999999997 min).....[70](2.659766666666667 min).....[75](2.7741833333333332 min).....[80](2.9837333333333333 min).....[85](3.0991333333333335 min).....[90](3.3457500000000002 min).....[95](3.4548166666666664 min).....[100](3.6453333333333333 min).....[105](3.7775499999999997 min).....[110](4.033166666666667 min).....[115](4.195083333333334 min).....[120](4.522516666666666 min).....[125](4.693466666666667 min).....[130](4.951499999999999 min).....[135](5.1385 min).....[140](5.500016666666666 min).....[145](5.742500000000001 min).....[150](6.09865 min).....[155](6.312383333333333 min).....[160](6.652116666666667 min).....[165](7.037000000000001 min).....[170](7.474433333333334 min).....[175](7.683583333333333 min).....[180](8.073983333333334 min).....[185](8.287716666666666 min).....[190](8.676250000000001 min).....[195](8.965333333333332 min)...
La población se encuentra en la 4 generación
Población:200
Evaluando población:200
[0](0.0502 min).....[5](0.16486666666666666 min).....[10](0.3541666666666667 min).....[15](0.46951666666666664 min).....[20](0.68685 min).....[25](0.8188833333333334 min).....[30](1.0381333333333334 min).....[35](1.1831666666666665 min).....[40](1.4000666666666668 min).....[45](1.5522500000000001 min).....[50](1.7740666666666667 min).....[55](1.9422333333333335 min).....[60](2.156833333333333 min).....[65](2.299916666666667 min).....[70](2.5090833333333333 min).....[75](2.6679166666666663 min).....[80](2.8749666666666664 min).....[85](3.0327833333333336 min).....[90](3.4738333333333333 min).....[95](3.728816666666667 min).....[100](4.0456666666666665 min).....[105](4.231116666666667 min).....[110](4.502 min).....[115](4.708616666666667 min).....[120](5.017033333333333 min).....[125](5.2349 min).....[130](5.603683333333334 min).....[135](5.720683333333333 min).....[140](6.019 min).....[145](6.178133333333333 min).....[150](6.453133333333333 min).....[155](6.6327 min).....[160](6.8482666666666665 min).....[165](7.016416666666667 min).....[170](7.284466666666666 min).....[175](7.461016666666667 min).....[180](7.747166666666667 min).....[185](7.9748833333333335 min).....[190](8.343083333333333 min).....[195](8.625433333333332 min)...
La población se encuentra en la 5 generación
Población:200
Evaluando población:200
[0](0.05483333333333333 min).....[5](0.15948333333333334 min).....[10](0.31253333333333333 min).....[15](0.4248166666666667 min).....[20](0.6379666666666667 min).....[25](0.7676999999999999 min).....[30](0.9576666666666667 min).....[35](1.08885 min).....[40](1.3147166666666665 min).....[45](1.4657833333333334 min).....[50](1.6733333333333333 min).....[55](1.80635 min).....[60](2.0227166666666667 min).....[65](2.195066666666667 min).....[70](2.4185666666666665 min).....[75](2.5433333333333334 min).....[80](2.7697999999999996 min).....[85](2.9205833333333335 min).....[90](3.1689166666666666 min).....[95](3.31515 min).....[100](3.6302499999999998 min).....[105](3.7688166666666665 min).....[110](4.0095 min).....[115](4.20695 min).....[120](4.488683333333333 min).....[125](4.649466666666667 min).....[130](4.925783333333333 min).....[135](5.14155 min).....[140](5.43485 min).....[145](5.653499999999999 min).....[150](6.135566666666667 min).....[155](6.304383333333333 min).....[160](6.55985 min).....[165](6.747716666666666 min).....[170](7.04015 min).....[175](7.245033333333334 min).....[180](7.591566666666667 min).....[185](7.74785 min).....[190](8.125083333333333 min).....[195](8.388316666666666 min)...
La población se encuentra en la 6 generación
Población:200
Evaluando población:200
[0](0.04883333333333333 min).....[5](0.1536 min).....[10](0.32585 min).....[15](0.42995 min).....[20](0.5971166666666666 min).....[25](0.72075 min).....[30](0.8912166666666667 min).....[35](1.0105166666666667 min).....[40](1.2390666666666665 min).....[45](1.3767166666666666 min).....[50](1.5556333333333332 min).....[55](1.6688333333333332 min).....[60](1.9016 min).....[65](2.0419833333333335 min).....[70](2.2827166666666665 min).....[75](2.4631666666666665 min).....[80](2.863716666666667 min).....[85](3.03715 min).....[90](3.2769333333333335 min).....[95](3.4272833333333335 min).....[100](3.6636666666666664 min).....[105](3.821183333333333 min).....[110](4.07165 min).....[115](4.21885 min).....[120](4.429333333333333 min).....[125](4.5770333333333335 min).....[130](4.826833333333334 min).....[135](5.000816666666666 min).....[140](5.28695 min).....[145](5.582983333333333 min).....[150](5.950216666666666 min).....[155](6.101283333333333 min).....[160](6.416166666666667 min).....[165](6.594883333333333 min).....[170](6.8403833333333335 min).....[175](7.0017 min).....[180](7.2656 min).....[185](7.494249999999999 min).....[190](7.8406666666666665 min).....[195](8.038183333333333 min)...
La población se encuentra en la 7 generación
Población:200
Evaluando población:200
[0](0.05191666666666667 min).....[5](0.16813333333333333 min).....[10](0.35213333333333335 min).....[15](0.48978333333333335 min).....[20](0.7145666666666667 min).....[25](0.8261000000000001 min).....[30](1.0281833333333334 min).....[35](1.1693500000000001 min).....[40](1.3679333333333332 min).....[45](1.6050666666666666 min).....[50](1.82745 min).....[55](2.006416666666667 min).....[60](2.2436000000000003 min).....[65](2.562683333333333 min).....[70](2.848316666666667 min).....[75](3.0016833333333333 min).....[80](3.24105 min).....[85](3.4419666666666666 min).....[90](3.8572166666666665 min).....[95](3.996766666666667 min).....[100](4.2187 min).....[105](4.39535 min).....[110](4.620533333333333 min).....[115](4.85265 min).....[120](5.1076999999999995 min).....[125](5.298783333333334 min).....[130](5.54915 min).....[135](5.711716666666666 min).....[140](5.9415666666666676 min).....[145](6.1072999999999995 min).....[150](6.367233333333333 min).....[155](6.5289166666666665 min).....[160](6.757016666666667 min).....[165](6.9487000000000005 min).....[170](7.216283333333333 min).....[175](7.3829666666666665 min).....[180](7.644916666666666 min).....[185](7.8352 min).....[190](8.130516666666667 min).....[195](8.441233333333333 min)...
La población se encuentra en la 8 generación
Población:200
Evaluando población:200
[0](0.04636666666666667 min).....[5](0.17835 min).....[10](0.36891666666666667 min).....[15](0.49051666666666666 min).....[20](0.7194833333333333 min).....[25](0.85155 min).....[30](1.0795166666666667 min).....[35](1.2162499999999998 min).....[40](1.4989666666666668 min).....[45](1.6612333333333333 min).....[50](1.8779333333333335 min).....[55](2.0166 min).....[60](2.21955 min).....[65](2.338416666666667 min).....[70](2.5769666666666664 min).....[75](2.7622166666666668 min).....[80](2.9942166666666665 min).....[85](3.1445833333333337 min).....[90](3.3606833333333332 min).....[95](3.5728999999999997 min).....[100](4.0129 min).....[105](4.243733333333333 min).....[110](4.516050000000001 min).....[115](4.650316666666667 min).....[120](4.896683333333333 min).....[125](5.055033333333333 min).....[130](5.310966666666667 min).....[135](5.46235 min).....[140](5.813366666666667 min).....[145](6.11535 min).....[150](6.410666666666667 min).....[155](6.657416666666666 min).....[160](6.991366666666667 min).....[165](7.1401 min).....[170](7.422533333333333 min).....[175](7.6585 min).....[180](8.024766666666666 min).....[185](8.202333333333334 min).....[190](8.482216666666666 min).....[195](8.664966666666666 min)...
La población se encuentra en la 9 generación
Población:200
Evaluando población:200
[0](0.04248333333333333 min).....[5](0.1599 min).....[10](0.36311666666666664 min).....[15](0.70795 min).....[20](0.9763333333333333 min).....[25](1.2513833333333333 min).....[30](1.4896833333333332 min).....[35](1.698 min).....[40](1.9011666666666664 min).....[45](2.0487333333333333 min).....[50](2.2441 min).....[55](2.39625 min).....[60](2.5981666666666663 min).....[65](2.7197166666666663 min).....[70](2.9584333333333332 min).....[75](3.127083333333333 min).....[80](3.346033333333333 min).....[85](3.5071333333333334 min).....[90](3.7119166666666668 min).....[95](3.868733333333333 min).....[100](4.11095 min).....[105](4.258483333333333 min).....[110](4.468333333333334 min).....[115](4.569483333333333 min).....[120](4.8276 min).....[125](4.9090333333333325 min).....[130](5.1408 min).....[135](5.3044 min).....[140](5.5671333333333335 min).....[145](5.761316666666667 min).....[150](6.032233333333334 min).....[155](6.193516666666667 min).....[160](6.50085 min).....[165](6.6686 min).....[170](7.037983333333333 min).....[175](7.221783333333334 min).....[180](7.5187333333333335 min).....[185](7.675333333333333 min).....[190](7.929183333333333 min).....[195](8.255366666666667 min)...
La población se encuentra en la 10 generación
Población:200
Evaluando población:200
[0](0.0526 min).....[5](0.16245 min).....[10](0.37245 min).....[15](0.5009833333333333 min).....[20](0.696 min).....[25](0.8213666666666666 min).....[30](1.031 min).....[35](1.1937 min).....[40](1.4039833333333334 min).....[45](1.5257666666666667 min).....[50](1.7332500000000002 min).....[55](1.8657833333333333 min).....[60](2.1195 min).....[65](2.2542666666666666 min).....[70](2.43515 min).....[75](2.606666666666667 min).....[80](2.9973 min).....[85](3.1648 min).....[90](3.6935833333333337 min).....[95](3.882433333333333 min).....[100](4.14535 min).....[105](4.323483333333333 min).....[110](4.619183333333334 min).....[115](4.799216666666666 min).....[120](5.065083333333333 min).....[125](5.244633333333334 min).....[130](5.467283333333333 min).....[135](5.652666666666667 min).....[140](5.902383333333333 min).....[145](6.067366666666667 min).....[150](6.341033333333333 min).....[155](6.483916666666667 min).....[160](6.697566666666666 min).....[165](6.864999999999999 min).....[170](7.2461 min).....[175](7.497916666666667 min).....[180](7.741883333333333 min).....[185](8.013283333333334 min).....[190](8.391233333333334 min).....[195](8.618066666666666 min)...
La población se encuentra en la 11 generación
Población:200
Evaluando población:200
[0](0.04538333333333333 min).....[5](0.15501666666666666 min).....[10](0.34531666666666666 min).....[15](0.47746666666666665 min).....[20](0.6775666666666668 min).....[25](0.8203499999999999 min).....[30](1.0189833333333334 min).....[35](1.1959666666666666 min).....[40](1.3949333333333334 min).....[45](1.5339 min).....[50](1.744 min).....[55](1.8866333333333332 min).....[60](2.112566666666667 min).....[65](2.2664666666666666 min).....[70](2.49545 min).....[75](2.6258666666666666 min).....[80](2.8630833333333334 min).....[85](3.0024 min).....[90](3.206933333333333 min).....[95](3.354633333333333 min).....[100](3.566033333333333 min).....[105](3.7252333333333336 min).....[110](3.9169166666666664 min).....[115](4.0590166666666665 min).....[120](4.288349999999999 min).....[125](4.4167000000000005 min).....[130](4.656899999999999 min).....[135](4.834233333333333 min).....[140](5.0559666666666665 min).....[145](5.224483333333334 min).....[150](5.455433333333334 min).....[155](5.61955 min).....[160](5.861800000000001 min).....[165](5.9779 min).....[170](6.177533333333333 min).....[175](6.366016666666667 min).....[180](6.771533333333333 min).....[185](7.01475 min).....[190](7.7208 min).....[195](8.131816666666667 min)...
La población se encuentra en la 12 generación
Población:200
Evaluando población:200
[0](0.05123333333333333 min).....[5](0.16093333333333334 min).....[10](0.36606666666666665 min).....[15](0.4998166666666667 min).....[20](0.7144166666666667 min).....[25](0.86105 min).....[30](1.0983166666666666 min).....[35](1.2295333333333334 min).....[40](1.4816833333333332 min).....[45](1.62405 min).....[50](1.8162833333333335 min).....[55](1.93985 min).....[60](2.1456166666666667 min).....[65](2.2765666666666666 min).....[70](2.4513666666666665 min).....[75](2.584616666666667 min).....[80](2.782166666666667 min).....[85](2.9270333333333336 min).....[90](3.120983333333333 min).....[95](3.25395 min).....[100](3.4339999999999997 min).....[105](3.5622 min).....[110](3.760483333333333 min).....[115](3.8911333333333333 min).....[120](4.10545 min).....[125](4.23885 min).....[130](4.462383333333333 min).....[135](4.603683333333334 min).....[140](4.825783333333334 min).....[145](4.9889833333333335 min).....[150](5.231066666666666 min).....[155](5.390583333333334 min).....[160](5.61945 min).....[165](5.758 min).....[170](5.975483333333333 min).....[175](6.148083333333333 min).....[180](6.422700000000001 min).....[185](6.610916666666666 min).....[190](6.9500166666666665 min).....[195](7.25925 min)...
La población se encuentra en la 13 generación
Población:200
Evaluando población:200
[0](0.049466666666666666 min).....[5](0.16516666666666666 min).....[10](0.35775 min).....[15](0.4716333333333333 min).....[20](0.6689833333333334 min).....[25](0.7672833333333333 min).....[30](0.9439833333333334 min).....[35](1.05265 min).....[40](1.2363166666666667 min).....[45](1.3599999999999999 min).....[50](1.5268000000000002 min).....[55](1.66235 min).....[60](1.88135 min).....[65](1.9960666666666667 min).....[70](2.1641 min).....[75](2.2957166666666664 min).....[80](2.50025 min).....[85](2.622 min).....[90](2.825083333333333 min).....[95](2.9326833333333338 min).....[100](3.1221666666666668 min).....[105](3.330366666666667 min).....[110](3.5508333333333337 min).....[115](3.689583333333333 min).....[120](4.041166666666666 min).....[125](4.178883333333333 min).....[130](4.41475 min).....[135](4.565666666666667 min).....[140](4.7627999999999995 min).....[145](4.891166666666667 min).....[150](5.092866666666667 min).....[155](5.247649999999999 min).....[160](5.461166666666667 min).....[165](5.573083333333333 min).....[170](5.789816666666667 min).....[175](5.9233 min).....[180](6.1408 min).....[185](6.309283333333334 min).....[190](6.537483333333333 min).....[195](6.752933333333333 min)...
La población se encuentra en la 14 generación
Población:200
Evaluando población:200
[0](0.05628333333333333 min).....[5](0.17116666666666666 min).....[10](0.3538833333333333 min).....[15](0.47365 min).....[20](0.67485 min).....[25](0.8090333333333334 min).....[30](0.9933833333333334 min).....[35](1.0953666666666666 min).....[40](1.2875333333333332 min).....[45](1.4278166666666665 min).....[50](1.6494833333333332 min).....[55](1.7611999999999999 min).....[60](1.9598 min).....[65](2.12055 min).....[70](2.318033333333333 min).....[75](2.454733333333333 min).....[80](2.647116666666667 min).....[85](2.762183333333333 min).....[90](2.9569666666666667 min).....[95](3.08515 min).....[100](3.2719333333333336 min).....[105](3.393133333333333 min).....[110](3.5786333333333333 min).....[115](3.7108666666666665 min).....[120](3.905133333333333 min).....[125](4.031666666666667 min).....[130](4.18955 min).....[135](4.3475166666666665 min).....[140](4.544833333333333 min).....[145](4.6982 min).....[150](4.8929833333333335 min).....[155](5.0168333333333335 min).....[160](5.2255666666666665 min).....[165](5.376933333333333 min).....[170](5.622649999999999 min).....[175](5.754733333333333 min).....[180](5.9796000000000005 min).....[185](6.1486 min).....[190](6.3761833333333335 min).....[195](6.550083333333333 min)...
La población se encuentra en la 15 generación
Población:200
Evaluando población:200
[0](0.05396666666666667 min).....[5](0.20020000000000002 min).....[10](0.4441833333333333 min).....[15](0.5719333333333334 min).....[20](0.7473833333333334 min).....[25](0.8736833333333334 min).....[30](1.0385333333333333 min).....[35](1.1743666666666668 min).....[40](1.3780500000000002 min).....[45](1.48225 min).....[50](1.6551 min).....[55](1.7845166666666665 min).....[60](1.9715500000000001 min).....[65](2.095283333333333 min).....[70](2.2744833333333334 min).....[75](2.39855 min).....[80](2.5995666666666666 min).....[85](2.7689833333333334 min).....[90](2.9948166666666665 min).....[95](3.12285 min).....[100](3.3182666666666667 min).....[105](3.452 min).....[110](3.6616166666666667 min).....[115](3.7809833333333334 min).....[120](3.9813666666666667 min).....[125](4.111833333333333 min).....[130](4.315466666666667 min).....[135](4.457883333333333 min).....[140](4.6674500000000005 min).....[145](4.787766666666667 min).....[150](4.981733333333334 min).....[155](5.125483333333333 min).....[160](5.30555 min).....[165](5.4478333333333335 min).....[170](5.668116666666666 min).....[175](5.8307166666666665 min).....[180](6.049566666666666 min).....[185](6.1714 min).....[190](6.40845 min).....[195](6.539883333333333 min)...
La población se encuentra en la 16 generación
Población:200
Evaluando población:200
[0](0.048433333333333335 min).....[5](0.15301666666666666 min).....[10](0.3187166666666667 min).....[15](0.4467 min).....[20](0.6044333333333333 min).....[25](0.7072666666666667 min).....[30](0.8849 min).....[35](1.0079833333333332 min).....[40](1.1764833333333333 min).....[45](1.3031666666666666 min).....[50](1.4693 min).....[55](1.5982666666666667 min).....[60](1.7683 min).....[65](1.905 min).....[70](2.1241833333333333 min).....[75](2.2431 min).....[80](2.456166666666667 min).....[85](2.5867166666666668 min).....[90](2.777733333333333 min).....[95](2.92205 min).....[100](3.109366666666667 min).....[105](3.24765 min).....[110](3.4988 min).....[115](3.6311000000000004 min).....[120](3.859083333333333 min).....[125](3.9953166666666666 min).....[130](4.186733333333334 min).....[135](4.303116666666667 min).....[140](4.5099833333333335 min).....[145](4.664766666666667 min).....[150](4.9027666666666665 min).....[155](5.02195 min).....[160](5.224633333333333 min).....[165](5.394616666666667 min).....[170](5.604983333333333 min).....[175](5.7326999999999995 min).....[180](5.984166666666667 min).....[185](6.10875 min).....[190](6.338566666666667 min).....[195](6.479116666666667 min)...
La población se encuentra en la 17 generación
Población:200
Evaluando población:200
[0](0.06616666666666667 min).....[5](0.18353333333333335 min).....[10](0.34590000000000004 min).....[15](0.46813333333333335 min).....[20](0.6407666666666666 min).....[25](0.7537166666666667 min).....[30](0.9147333333333333 min).....[35](1.0218833333333335 min).....[40](1.1870333333333332 min).....[45](1.2986666666666666 min).....[50](1.4677499999999999 min).....[55](1.58295 min).....[60](1.7914333333333334 min).....[65](1.90435 min).....[70](2.1277 min).....[75](2.237016666666667 min).....[80](2.4683333333333333 min).....[85](2.599483333333333 min).....[90](2.7845166666666668 min).....[95](2.9176 min).....[100](3.1253 min).....[105](3.24425 min).....[110](3.4387499999999998 min).....[115](3.5609666666666664 min).....[120](3.7751 min).....[125](3.9366833333333333 min).....[130](4.147666666666667 min).....[135](4.283566666666667 min).....[140](4.497933333333333 min).....[145](4.63605 min).....[150](4.835216666666667 min).....[155](4.9736 min).....[160](5.153316666666667 min).....[165](5.259833333333333 min).....[170](5.45345 min).....[175](5.581766666666667 min).....[180](5.788483333333334 min).....[185](5.928466666666667 min).....[190](6.1231 min).....[195](6.2472166666666675 min)...
La población se encuentra en la 18 generación
Población:200
Evaluando población:200
[0](0.06958333333333333 min).....[5](0.20196666666666668 min).....[10](0.36523333333333335 min).....[15](0.5018666666666667 min).....[20](0.6764833333333333 min).....[25](0.7946166666666666 min).....[30](0.9573166666666667 min).....[35](1.0674166666666667 min).....[40](1.2249 min).....[45](1.36215 min).....[50](1.5183666666666666 min).....[55](1.6149333333333333 min).....[60](1.7837 min).....[65](1.8804 min).....[70](2.0517666666666665 min).....[75](2.1627333333333336 min).....[80](2.330433333333333 min).....[85](2.4389833333333333 min).....[90](2.617766666666667 min).....[95](2.7321833333333334 min).....[100](2.92165 min).....[105](3.0601833333333333 min).....[110](3.2734 min).....[115](3.3998166666666667 min).....[120](3.6209333333333333 min).....[125](3.7787 min).....[130](3.96845 min).....[135](4.101183333333333 min).....[140](4.37255 min).....[145](4.511083333333334 min).....[150](4.723 min).....[155](4.8547666666666665 min).....[160](5.083749999999999 min).....[165](5.2351 min).....[170](5.455916666666667 min).....[175](5.598416666666666 min).....[180](5.765199999999999 min).....[185](5.9168666666666665 min).....[190](6.123666666666667 min).....[195](6.305666666666666 min)...
La población se encuentra en la 19 generación
Población:200
Evaluando población:200
[0](0.0496 min).....[5](0.16475 min).....[10](0.3417833333333334 min).....[15](0.45185000000000003 min).....[20](0.6095 min).....[25](0.7351666666666666 min).....[30](0.9042166666666667 min).....[35](1.0246833333333334 min).....[40](1.2047333333333334 min).....[45](1.3231333333333335 min).....[50](1.4968666666666666 min).....[55](1.6032333333333333 min).....[60](1.773 min).....[65](1.8762666666666665 min).....[70](2.0399000000000003 min).....[75](2.1400833333333336 min).....[80](2.3052166666666665 min).....[85](2.416 min).....[90](2.5772666666666666 min).....[95](2.684483333333333 min).....[100](2.8466 min).....[105](2.9578833333333336 min).....[110](3.1322666666666668 min).....[115](3.2483333333333335 min).....[120](3.4135166666666668 min).....[125](3.545 min).....[130](3.7437166666666664 min).....[135](3.8734166666666665 min).....[140](4.060233333333334 min).....[145](4.18275 min).....[150](4.40465 min).....[155](4.525966666666666 min).....[160](4.711866666666666 min).....[165](4.845 min).....[170](5.063566666666667 min).....[175](5.221333333333333 min).....[180](5.443733333333333 min).....[185](5.5626 min).....[190](5.7393 min).....[195](5.8748 min)...
La población se encuentra en la 20 generación
Población:200
Evaluando población:200
[0](0.05583333333333333 min).....[5](0.16355 min).....[10](0.3363333333333333 min).....[15](0.46503333333333335 min).....[20](0.6322 min).....[25](0.7564166666666666 min).....[30](0.9471333333333334 min).....[35](1.0712333333333333 min).....[40](1.23665 min).....[45](1.3679999999999999 min).....[50](1.5560333333333332 min).....[55](1.6891333333333334 min).....[60](1.8788833333333335 min).....[65](2.0061166666666668 min).....[70](2.1906499999999998 min).....[75](2.30845 min).....[80](2.486616666666667 min).....[85](2.609366666666667 min).....[90](2.795666666666667 min).....[95](2.91095 min).....[100](3.10665 min).....[105](3.2133833333333333 min).....[110](3.4184166666666664 min).....[115](3.5415666666666668 min).....[120](3.7265 min).....[125](3.8346666666666667 min).....[130](4.015066666666667 min).....[135](4.147733333333333 min).....[140](4.326866666666667 min).....[145](4.45615 min).....[150](4.6342333333333325 min).....[155](4.751166666666666 min).....[160](4.92545 min).....[165](5.053666666666667 min).....[170](5.239599999999999 min).....[175](5.34685 min).....[180](5.545483333333333 min).....[185](5.6522499999999996 min).....[190](5.840833333333333 min).....[195](5.964916666666666 min)...
