Empezando algoritmo genético con los siguientes parámetros
==============================================================
Factor mutación: 0.02
Factor crossover: 0.6
Total generaciones: 20
Tamaño población: 200
Número individuos torneo: 2
Cantidad de individuos elitimo: 4
Utilizando 2 hebras simultaneas para evaluaciones.
Inicializando población
Evaluando población:200
[0](0.22415 min).....[5](0.583 min).....[10](1.0750833333333332 min).....[15](1.46415 min).....[20](1.85385 min).....[25](2.10725 min).....[30](2.433966666666667 min).....[35](2.6813166666666666 min).....[40](3.078733333333333 min).....[45](3.3936166666666665 min).....[50](3.7426833333333334 min).....[55](3.997266666666667 min).....[60](4.244266666666666 min).....[65](4.555316666666667 min).....[70](4.9507666666666665 min).....[75](5.331433333333334 min).....[80](5.736400000000001 min).....[85](5.923383333333334 min).....[90](6.2449666666666666 min).....[95](6.449483333333333 min).....[100](7.000566666666667 min).....[105](7.28965 min).....[110](7.6212333333333335 min).....[115](7.828266666666667 min).....[120](8.153933333333333 min).....[125](8.337583333333333 min).....[130](8.68195 min).....[135](9.00015 min).....[140](9.519316666666667 min).....[145](9.857316666666666 min).....[150](10.175466666666667 min).....[155](10.308533333333333 min).....[160](10.748850000000001 min).....[165](10.980166666666666 min).....[170](11.300516666666665 min).....[175](11.502983333333333 min).....[180](11.941633333333334 min).....[185](12.095466666666665 min).....[190](12.325183333333333 min).....[195](12.717366666666667 min)...
 Ajustando población
Almacenando información sobre individuos
La población se encuentra en la 1 generación
Población:200
Evaluando población:200
[0](0.051383333333333336 min).....[5](0.1627333333333333 min).....[10](0.3405333333333333 min).....[15](0.47835 min).....[20](0.6857166666666666 min).....[25](0.8221 min).....[30](1.0519333333333334 min).....[35](1.19695 min).....[40](1.477 min).....[45](1.6376166666666667 min).....[50](1.92405 min).....[55](2.0460333333333334 min).....[60](2.2593166666666664 min).....[65](2.4724833333333334 min).....[70](2.7443 min).....[75](2.94115 min).....[80](3.3623 min).....[85](3.579 min).....[90](3.83225 min).....[95](3.9878333333333336 min).....[100](4.21775 min).....[105](4.413883333333334 min).....[110](4.654766666666666 min).....[115](4.8097166666666675 min).....[120](5.373716666666667 min).....[125](5.646633333333333 min).....[130](6.074466666666667 min).....[135](6.2822000000000005 min).....[140](6.63375 min).....[145](6.806416666666666 min).....[150](7.148166666666667 min).....[155](7.424566666666666 min).....[160](8.119983333333334 min).....[165](8.511683333333334 min).....[170](8.85905 min).....[175](9.119216666666667 min).....[180](9.42065 min).....[185](9.937616666666665 min).....[190](10.46855 min).....[195](10.579383333333334 min)...
La población se encuentra en la 2 generación
Población:200
Evaluando población:200
[0](0.06021666666666667 min).....[5](0.17108333333333334 min).....[10](0.38453333333333334 min).....[15](0.5297 min).....[20](0.7734000000000001 min).....[25](0.9009 min).....[30](1.1362833333333335 min).....[35](1.2664166666666667 min).....[40](1.4638 min).....[45](1.6119833333333333 min).....[50](1.8125666666666667 min).....[55](1.92875 min).....[60](2.1751666666666667 min).....[65](2.3392333333333335 min).....[70](2.5617333333333336 min).....[75](2.7365833333333334 min).....[80](2.9937833333333335 min).....[85](3.1853 min).....[90](3.4572166666666666 min).....[95](3.6039666666666665 min).....[100](3.8226500000000003 min).....[105](4.012849999999999 min).....[110](4.285983333333333 min).....[115](4.395583333333334 min).....[120](4.572966666666667 min).....[125](4.7482 min).....[130](4.96565 min).....[135](5.107283333333333 min).....[140](5.329783333333333 min).....[145](5.485516666666666 min).....[150](5.7697 min).....[155](6.01785 min).....[160](6.2795 min).....[165](6.4969166666666665 min).....[170](6.807566666666667 min).....[175](7.10795 min).....[180](7.518716666666666 min).....[185](7.696533333333333 min).....[190](8.2202 min).....[195](8.546683333333334 min)...
La población se encuentra en la 3 generación
Población:200
Evaluando población:200
[0](0.06663333333333334 min).....[5](0.1827 min).....[10](0.34146666666666664 min).....[15](0.49468333333333336 min).....[20](0.7108333333333333 min).....[25](0.8771333333333333 min).....[30](1.0825333333333333 min).....[35](1.2354666666666667 min).....[40](1.4421 min).....[45](1.5540333333333334 min).....[50](1.7744333333333333 min).....[55](1.9425833333333336 min).....[60](2.31315 min).....[65](2.4706333333333332 min).....[70](2.6915833333333334 min).....[75](2.826916666666667 min).....[80](3.033466666666667 min).....[85](3.164633333333333 min).....[90](3.3514666666666666 min).....[95](3.549116666666667 min).....[100](3.8261666666666665 min).....[105](4.00975 min).....[110](4.2584 min).....[115](4.43955 min).....[120](4.688383333333333 min).....[125](4.83315 min).....[130](5.082016666666666 min).....[135](5.224466666666667 min).....[140](5.4232499999999995 min).....[145](5.657916666666667 min).....[150](5.876533333333333 min).....[155](6.046716666666667 min).....[160](6.348133333333333 min).....[165](6.6737166666666665 min).....[170](6.936400000000001 min).....[175](7.145466666666667 min).....[180](7.495316666666667 min).....[185](7.708266666666666 min).....[190](8.015166666666667 min).....[195](8.297133333333333 min)...
La población se encuentra en la 4 generación
Población:200
Evaluando población:200
[0](0.04476666666666666 min).....[5](0.15631666666666666 min).....[10](0.34345 min).....[15](0.46049999999999996 min).....[20](0.6889500000000001 min).....[25](0.7991666666666667 min).....[30](1.0012833333333333 min).....[35](1.1192166666666667 min).....[40](1.3303 min).....[45](1.4580833333333334 min).....[50](1.70875 min).....[55](1.8767666666666665 min).....[60](2.0976 min).....[65](2.2654666666666667 min).....[70](2.49845 min).....[75](2.6525499999999997 min).....[80](2.8579999999999997 min).....[85](2.9860666666666664 min).....[90](3.1926166666666664 min).....[95](3.3579333333333334 min).....[100](3.5505666666666666 min).....[105](3.7050833333333335 min).....[110](3.93195 min).....[115](4.146466666666667 min).....[120](4.396066666666667 min).....[125](4.531116666666667 min).....[130](4.780550000000001 min).....[135](4.9614 min).....[140](5.173033333333334 min).....[145](5.33805 min).....[150](5.608916666666667 min).....[155](5.774466666666667 min).....[160](6.0147 min).....[165](6.1583 min).....[170](6.3683000000000005 min).....[175](6.530316666666667 min).....[180](6.782749999999999 min).....[185](6.95705 min).....[190](7.2519 min).....[195](7.484366666666667 min)...
La población se encuentra en la 5 generación
Población:200
Evaluando población:200
[0](0.06315 min).....[5](0.19043333333333334 min).....[10](0.3713166666666667 min).....[15](0.49465 min).....[20](0.6705333333333333 min).....[25](0.7761833333333333 min).....[30](0.9930833333333333 min).....[35](1.1391333333333333 min).....[40](1.3420833333333335 min).....[45](1.4591333333333334 min).....[50](1.64895 min).....[55](1.8105166666666668 min).....[60](2.0405166666666665 min).....[65](2.2009333333333334 min).....[70](2.3740666666666663 min).....[75](2.5225 min).....[80](2.7558000000000002 min).....[85](2.926416666666667 min).....[90](3.1373666666666664 min).....[95](3.3165 min).....[100](3.52055 min).....[105](3.71645 min).....[110](3.95565 min).....[115](4.0682 min).....[120](4.271183333333334 min).....[125](4.405550000000001 min).....[130](4.59195 min).....[135](4.716566666666667 min).....[140](4.9642333333333335 min).....[145](5.101466666666667 min).....[150](5.395316666666667 min).....[155](5.556483333333333 min).....[160](5.819249999999999 min).....[165](6.011233333333333 min).....[170](6.299766666666667 min).....[175](6.520533333333334 min).....[180](6.786466666666667 min).....[185](7.045466666666667 min).....[190](7.348933333333333 min).....[195](7.462549999999999 min)...
La población se encuentra en la 6 generación
Población:200
Evaluando población:200
[0](0.05536666666666667 min).....[5](0.16173333333333334 min).....[10](0.31843333333333335 min).....[15](0.47561666666666663 min).....[20](0.6601666666666667 min).....[25](0.7982666666666667 min).....[30](0.9923833333333333 min).....[35](1.1269 min).....[40](1.2904833333333334 min).....[45](1.41335 min).....[50](1.5736833333333335 min).....[55](1.6843166666666667 min).....[60](1.84945 min).....[65](1.9968333333333335 min).....[70](2.2281833333333334 min).....[75](2.3981166666666667 min).....[80](2.6080666666666668 min).....[85](2.7868166666666667 min).....[90](3.0252666666666665 min).....[95](3.1868666666666665 min).....[100](3.4069999999999996 min).....[105](3.5362500000000003 min).....[110](3.720566666666667 min).....[115](3.8579166666666667 min).....[120](4.0879 min).....[125](4.289533333333334 min).....[130](4.543283333333333 min).....[135](4.733766666666667 min).....[140](4.95815 min).....[145](5.125733333333333 min).....[150](5.3797500000000005 min).....[155](5.503216666666666 min).....[160](5.7073833333333335 min).....[165](5.878666666666667 min).....[170](6.0944666666666665 min).....[175](6.229983333333333 min).....[180](6.441050000000001 min).....[185](6.624616666666666 min).....[190](6.845433333333333 min).....[195](7.014566666666667 min)...
La población se encuentra en la 7 generación
Población:200
Evaluando población:200
[0](0.05241666666666667 min).....[5](0.17401666666666668 min).....[10](0.3762166666666667 min).....[15](0.47823333333333334 min).....[20](0.6696333333333333 min).....[25](0.77785 min).....[30](0.9418833333333333 min).....[35](1.1075000000000002 min).....[40](1.3366666666666667 min).....[45](1.4600666666666666 min).....[50](1.648 min).....[55](1.7856166666666666 min).....[60](1.9729999999999999 min).....[65](2.099883333333333 min).....[70](2.2716 min).....[75](2.4151833333333332 min).....[80](2.5726 min).....[85](2.6845166666666667 min).....[90](2.8515 min).....[95](2.9888666666666666 min).....[100](3.1693 min).....[105](3.2837 min).....[110](3.4394 min).....[115](3.5519333333333334 min).....[120](3.7489166666666667 min).....[125](3.8962999999999997 min).....[130](4.128533333333333 min).....[135](4.266216666666667 min).....[140](4.548916666666667 min).....[145](4.690916666666666 min).....[150](4.87195 min).....[155](5.044016666666667 min).....[160](5.251166666666666 min).....[165](5.4270000000000005 min).....[170](5.684083333333334 min).....[175](5.818533333333334 min).....[180](6.0304166666666665 min).....[185](6.161783333333333 min).....[190](6.333 min).....[195](6.4499 min)...
La población se encuentra en la 8 generación
Población:200
Evaluando población:200
[0](0.05851666666666667 min).....[5](0.19886666666666666 min).....[10](0.4060833333333333 min).....[15](0.5077 min).....[20](0.6667833333333333 min).....[25](0.7941333333333334 min).....[30](0.9803333333333334 min).....[35](1.1069666666666669 min).....[40](1.31045 min).....[45](1.4338166666666665 min).....[50](1.61365 min).....[55](1.73215 min).....[60](1.9191333333333334 min).....[65](2.0221999999999998 min).....[70](2.20465 min).....[75](2.3418666666666668 min).....[80](2.5216833333333333 min).....[85](2.6290833333333334 min).....[90](2.791633333333333 min).....[95](2.917533333333333 min).....[100](3.0927166666666666 min).....[105](3.215216666666667 min).....[110](3.39375 min).....[115](3.520983333333333 min).....[120](3.7047000000000003 min).....[125](3.8174166666666665 min).....[130](3.9999666666666664 min).....[135](4.131783333333334 min).....[140](4.32355 min).....[145](4.5070500000000004 min).....[150](4.7265500000000005 min).....[155](4.886333333333334 min).....[160](5.146583333333334 min).....[165](5.3338 min).....[170](5.544033333333333 min).....[175](5.7106 min).....[180](5.918083333333333 min).....[185](6.1158166666666665 min).....[190](6.402316666666667 min).....[195](6.596816666666667 min)...
La población se encuentra en la 9 generación
Población:200
Evaluando población:200
[0](0.04675 min).....[5](0.14248333333333332 min).....[10](0.32236666666666663 min).....[15](0.4288 min).....[20](0.6510833333333333 min).....[25](0.7547666666666667 min).....[30](0.96215 min).....[35](1.0895000000000001 min).....[40](1.2425166666666667 min).....[45](1.3624666666666667 min).....[50](1.5449833333333334 min).....[55](1.6551166666666668 min).....[60](1.8481333333333334 min).....[65](1.9736166666666668 min).....[70](2.1864333333333335 min).....[75](2.3334333333333332 min).....[80](2.546133333333333 min).....[85](2.673 min).....[90](2.883 min).....[95](3.0070166666666664 min).....[100](3.2080833333333336 min).....[105](3.3753499999999996 min).....[110](3.5885333333333334 min).....[115](3.70785 min).....[120](3.8853333333333335 min).....[125](4.048916666666667 min).....[130](4.2444 min).....[135](4.370133333333333 min).....[140](4.546449999999999 min).....[145](4.665083333333333 min).....[150](4.843050000000001 min).....[155](4.96435 min).....[160](5.162133333333333 min).....[165](5.296516666666666 min).....[170](5.470983333333334 min).....[175](5.586333333333333 min).....[180](5.770016666666667 min).....[185](5.942033333333333 min).....[190](6.149 min).....[195](6.292 min)...
La población se encuentra en la 10 generación
Población:200
Evaluando población:200
[0](0.06098333333333333 min).....[5](0.17585 min).....[10](0.36278333333333335 min).....[15](0.4904833333333333 min).....[20](0.67 min).....[25](0.8054 min).....[30](1.0117 min).....[35](1.1306166666666668 min).....[40](1.3285833333333334 min).....[45](1.4606666666666668 min).....[50](1.6643833333333333 min).....[55](1.7928666666666666 min).....[60](2.0133 min).....[65](2.1425166666666664 min).....[70](2.342966666666667 min).....[75](2.492033333333333 min).....[80](2.6837666666666666 min).....[85](2.8438333333333334 min).....[90](3.0571166666666665 min).....[95](3.1642333333333337 min).....[100](3.3792666666666666 min).....[105](3.511483333333333 min).....[110](3.709566666666667 min).....[115](3.8190833333333334 min).....[120](4.01445 min).....[125](4.1349833333333335 min).....[130](4.313766666666667 min).....[135](4.434283333333334 min).....[140](4.644216666666667 min).....[145](4.7885 min).....[150](4.984316666666667 min).....[155](5.110816666666667 min).....[160](5.308949999999999 min).....[165](5.45155 min).....[170](5.68005 min).....[175](5.838516666666666 min).....[180](6.062166666666667 min).....[185](6.224583333333333 min).....[190](6.453016666666667 min).....[195](6.588116666666666 min)...
La población se encuentra en la 11 generación
Población:200
Evaluando población:200
[0](0.05248333333333333 min).....[5](0.17478333333333335 min).....[10](0.35533333333333333 min).....[15](0.46954999999999997 min).....[20](0.6562666666666667 min).....[25](0.7599166666666667 min).....[30](0.92775 min).....[35](1.0436833333333333 min).....[40](1.2188333333333332 min).....[45](1.3632 min).....[50](1.56355 min).....[55](1.6909666666666667 min).....[60](1.8767166666666666 min).....[65](1.9635333333333334 min).....[70](2.12705 min).....[75](2.266233333333333 min).....[80](2.4372 min).....[85](2.5745 min).....[90](2.7148499999999998 min).....[95](2.832266666666667 min).....[100](3.0162166666666668 min).....[105](3.13525 min).....[110](3.3017166666666666 min).....[115](3.408583333333333 min).....[120](3.5780499999999997 min).....[125](3.68595 min).....[130](3.85425 min).....[135](3.968566666666667 min).....[140](4.16895 min).....[145](4.304666666666666 min).....[150](4.481800000000001 min).....[155](4.598816666666666 min).....[160](4.844666666666667 min).....[165](4.987366666666667 min).....[170](5.2232666666666665 min).....[175](5.372033333333333 min).....[180](5.616666666666666 min).....[185](5.743849999999999 min).....[190](5.930400000000001 min).....[195](6.09545 min)...
La población se encuentra en la 12 generación
Población:200
Evaluando población:200
[0](0.05761666666666666 min).....[5](0.18491666666666667 min).....[10](0.38853333333333334 min).....[15](0.5180333333333333 min).....[20](0.6991333333333334 min).....[25](0.8304166666666667 min).....[30](1.0420833333333333 min).....[35](1.1997 min).....[40](1.4207500000000002 min).....[45](1.5543 min).....[50](1.7394333333333334 min).....[55](1.8906999999999998 min).....[60](2.1115666666666666 min).....[65](2.2618666666666667 min).....[70](2.4802166666666663 min).....[75](2.611083333333333 min).....[80](2.7981 min).....[85](2.933 min).....[90](3.1527666666666665 min).....[95](3.306633333333333 min).....[100](3.5266333333333337 min).....[105](3.6695333333333333 min).....[110](3.8561833333333335 min).....[115](4.004416666666667 min).....[120](4.178833333333333 min).....[125](4.327516666666667 min).....[130](4.5015833333333335 min).....[135](4.611933333333334 min).....[140](4.79225 min).....[145](4.903816666666667 min).....[150](5.084066666666667 min).....[155](5.209316666666667 min).....[160](5.4085833333333335 min).....[165](5.5545 min).....[170](5.739833333333333 min).....[175](5.85195 min).....[180](6.0665666666666676 min).....[185](6.226183333333334 min).....[190](6.406466666666666 min).....[195](6.562316666666666 min)...
La población se encuentra en la 13 generación
Población:200
Evaluando población:200
[0](0.05405 min).....[5](0.17521666666666666 min).....[10](0.3578 min).....[15](0.47841666666666666 min).....[20](0.66865 min).....[25](0.8095 min).....[30](0.9815166666666666 min).....[35](1.0901333333333334 min).....[40](1.2642333333333333 min).....[45](1.4007666666666667 min).....[50](1.5566666666666669 min).....[55](1.6850166666666666 min).....[60](1.8650166666666665 min).....[65](2.00455 min).....[70](2.2070166666666666 min).....[75](2.3283833333333335 min).....[80](2.5396666666666667 min).....[85](2.6419 min).....[90](2.8458166666666664 min).....[95](2.974416666666667 min).....[100](3.14255 min).....[105](3.3033833333333336 min).....[110](3.4983 min).....[115](3.6109 min).....[120](3.786783333333333 min).....[125](3.89765 min).....[130](4.119166666666667 min).....[135](4.259016666666667 min).....[140](4.447033333333334 min).....[145](4.5913 min).....[150](4.794700000000001 min).....[155](4.948283333333333 min).....[160](5.158366666666667 min).....[165](5.322416666666667 min).....[170](5.527299999999999 min).....[175](5.691933333333334 min).....[180](5.94415 min).....[185](6.090233333333333 min).....[190](6.277299999999999 min).....[195](6.4370666666666665 min)...
La población se encuentra en la 14 generación
Población:200
Evaluando población:200
[0](0.05578333333333333 min).....[5](0.18438333333333334 min).....[10](0.41368333333333335 min).....[15](0.5661166666666666 min).....[20](0.7792 min).....[25](0.9226666666666666 min).....[30](1.1463666666666665 min).....[35](1.2807333333333333 min).....[40](1.5018333333333334 min).....[45](1.6160666666666665 min).....[50](1.7976166666666666 min).....[55](1.9388 min).....[60](2.1668666666666665 min).....[65](2.289916666666667 min).....[70](2.4997833333333332 min).....[75](2.6385833333333335 min).....[80](2.8391333333333337 min).....[85](2.985133333333333 min).....[90](3.1951666666666667 min).....[95](3.3542833333333335 min).....[100](3.5673000000000004 min).....[105](3.688 min).....[110](3.888 min).....[115](4.022866666666667 min).....[120](4.2137166666666666 min).....[125](4.37455 min).....[130](4.557933333333334 min).....[135](4.703283333333333 min).....[140](4.960466666666666 min).....[145](5.108333333333333 min).....[150](5.296616666666667 min).....[155](5.443833333333333 min).....[160](5.653133333333333 min).....[165](5.796383333333334 min).....[170](5.993683333333333 min).....[175](6.118383333333333 min).....[180](6.31415 min).....[185](6.451516666666667 min).....[190](6.646966666666667 min).....[195](6.79025 min)...
La población se encuentra en la 15 generación
Población:200
Evaluando población:200
[0](0.057383333333333335 min).....[5](0.17661666666666667 min).....[10](0.375 min).....[15](0.4943 min).....[20](0.6839 min).....[25](0.7925 min).....[30](0.9759833333333333 min).....[35](1.1112333333333335 min).....[40](1.3114166666666667 min).....[45](1.4152666666666667 min).....[50](1.5810333333333333 min).....[55](1.7286833333333333 min).....[60](1.9250333333333332 min).....[65](2.04405 min).....[70](2.2373833333333333 min).....[75](2.3531666666666666 min).....[80](2.6117166666666667 min).....[85](2.7561833333333334 min).....[90](2.9766 min).....[95](3.1564833333333335 min).....[100](3.39065 min).....[105](3.5267833333333334 min).....[110](3.7638166666666666 min).....[115](3.9185666666666665 min).....[120](4.146616666666667 min).....[125](4.3256499999999996 min).....[130](4.5655833333333335 min).....[135](4.703866666666667 min).....[140](4.938966666666667 min).....[145](5.0948 min).....[150](5.350483333333333 min).....[155](5.47695 min).....[160](5.767383333333333 min).....[165](5.928633333333334 min).....[170](6.144233333333333 min).....[175](6.2778 min).....[180](6.492383333333334 min).....[185](6.6681 min).....[190](6.8633999999999995 min).....[195](7.027299999999999 min)...
La población se encuentra en la 16 generación
Población:200
Evaluando población:200
[0](0.059866666666666665 min).....[5](0.17473333333333332 min).....[10](0.3213666666666667 min).....[15](0.4169 min).....[20](0.5864333333333334 min).....[25](0.7358666666666667 min).....[30](0.9199833333333333 min).....[35](1.0503166666666666 min).....[40](1.2245 min).....[45](1.34815 min).....[50](1.5423499999999999 min).....[55](1.6463500000000002 min).....[60](1.8452 min).....[65](1.99285 min).....[70](2.2407833333333333 min).....[75](2.3749 min).....[80](2.5764333333333336 min).....[85](2.7261499999999996 min).....[90](2.9571833333333335 min).....[95](3.1122 min).....[100](3.3568333333333333 min).....[105](3.4840999999999998 min).....[110](3.732766666666667 min).....[115](3.8666666666666667 min).....[120](4.091866666666666 min).....[125](4.2575666666666665 min).....[130](4.481166666666667 min).....[135](4.620583333333333 min).....[140](4.862633333333333 min).....[145](5.016866666666667 min).....[150](5.260133333333333 min).....[155](5.41425 min).....[160](5.622966666666667 min).....[165](5.783116666666667 min).....[170](6.041566666666667 min).....[175](6.208316666666667 min).....[180](6.437633333333333 min).....[185](6.594516666666666 min).....[190](6.829033333333333 min).....[195](6.983883333333334 min)...
La población se encuentra en la 17 generación
Población:200
Evaluando población:200
[0](0.056150000000000005 min).....[5](0.20359999999999998 min).....[10](0.3626 min).....[15](0.4877333333333333 min).....[20](0.6806 min).....[25](0.80925 min).....[30](1.01715 min).....[35](1.1709500000000002 min).....[40](1.3691666666666669 min).....[45](1.5193833333333333 min).....[50](1.7299833333333334 min).....[55](1.8745 min).....[60](2.05565 min).....[65](2.2117500000000003 min).....[70](2.4515000000000002 min).....[75](2.6213333333333333 min).....[80](2.8671333333333333 min).....[85](3.010083333333333 min).....[90](3.2236333333333334 min).....[95](3.35425 min).....[100](3.5971166666666665 min).....[105](3.73385 min).....[110](3.9559166666666665 min).....[115](4.07825 min).....[120](4.308766666666667 min).....[125](4.496083333333333 min).....[130](4.698066666666667 min).....[135](4.844683333333333 min).....[140](5.05035 min).....[145](5.180400000000001 min).....[150](5.422633333333334 min).....[155](5.5491 min).....[160](5.759166666666667 min).....[165](5.889516666666666 min).....[170](6.127366666666666 min).....[175](6.2763 min).....[180](6.474233333333333 min).....[185](6.624816666666666 min).....[190](6.807833333333334 min).....[195](6.9424 min)...
La población se encuentra en la 18 generación
Población:200
Evaluando población:200
[0](0.0754 min).....[5](0.19826666666666667 min).....[10](0.33268333333333333 min).....[15](0.4656666666666667 min).....[20](0.6118 min).....[25](0.7526833333333334 min).....[30](0.9329666666666667 min).....[35](1.0729666666666666 min).....[40](1.2443333333333333 min).....[45](1.3569166666666668 min).....[50](1.5495333333333332 min).....[55](1.6752 min).....[60](1.8350166666666667 min).....[65](1.9450166666666666 min).....[70](2.1126666666666667 min).....[75](2.221283333333333 min).....[80](2.3873 min).....[85](2.498183333333333 min).....[90](2.6707666666666667 min).....[95](2.7665333333333333 min).....[100](2.9669666666666665 min).....[105](3.071633333333333 min).....[110](3.2924333333333333 min).....[115](3.4251333333333336 min).....[120](3.6358166666666665 min).....[125](3.7974 min).....[130](4.027333333333333 min).....[135](4.1857999999999995 min).....[140](4.406616666666666 min).....[145](4.544466666666667 min).....[150](4.75145 min).....[155](4.882483333333334 min).....[160](5.114833333333333 min).....[165](5.2766 min).....[170](5.515166666666667 min).....[175](5.680899999999999 min).....[180](5.91225 min).....[185](6.042283333333333 min).....[190](6.255133333333333 min).....[195](6.403683333333333 min)...
La población se encuentra en la 19 generación
Población:200
Evaluando población:200
[0](0.050366666666666664 min).....[5](0.16275 min).....[10](0.3408666666666667 min).....[15](0.4655166666666667 min).....[20](0.6557499999999999 min).....[25](0.7639833333333333 min).....[30](0.97495 min).....[35](1.0920166666666666 min).....[40](1.2613833333333335 min).....[45](1.39105 min).....[50](1.5827833333333332 min).....[55](1.6891 min).....[60](1.857 min).....[65](1.9932 min).....[70](2.2007 min).....[75](2.34595 min).....[80](2.559183333333333 min).....[85](2.68635 min).....[90](2.853016666666667 min).....[95](2.98875 min).....[100](3.1637333333333335 min).....[105](3.2893 min).....[110](3.5032666666666668 min).....[115](3.6429666666666667 min).....[120](3.8566999999999996 min).....[125](3.9858166666666666 min).....[130](4.186866666666666 min).....[135](4.3463666666666665 min).....[140](4.548649999999999 min).....[145](4.719833333333333 min).....[150](4.932916666666667 min).....[155](5.059 min).....[160](5.279616666666667 min).....[165](5.4237166666666665 min).....[170](5.632233333333334 min).....[175](5.748033333333334 min).....[180](5.974433333333334 min).....[185](6.09915 min).....[190](6.250816666666666 min).....[195](6.379483333333334 min)...
La población se encuentra en la 20 generación
Población:200
Evaluando población:200
[0](0.06458333333333334 min).....[5](0.15856666666666666 min).....[10](0.2995333333333334 min).....[15](0.417 min).....[20](0.5811333333333334 min).....[25](0.7176333333333333 min).....[30](0.8980666666666667 min).....[35](1.02105 min).....[40](1.1881833333333334 min).....[45](1.3064 min).....[50](1.4714666666666667 min).....[55](1.5657166666666666 min).....[60](1.7157666666666667 min).....[65](1.8567166666666668 min).....[70](2.0256833333333333 min).....[75](2.1658 min).....[80](2.3563166666666664 min).....[85](2.47025 min).....[90](2.6782666666666666 min).....[95](2.809266666666667 min).....[100](2.9919000000000002 min).....[105](3.1393833333333334 min).....[110](3.3005333333333335 min).....[115](3.4236500000000003 min).....[120](3.598716666666667 min).....[125](3.7067666666666668 min).....[130](3.89445 min).....[135](4.012866666666667 min).....[140](4.215433333333333 min).....[145](4.3289 min).....[150](4.516633333333333 min).....[155](4.625016666666666 min).....[160](4.809583333333333 min).....[165](4.934966666666667 min).....[170](5.123116666666666 min).....[175](5.257066666666666 min).....[180](5.420133333333334 min).....[185](5.560183333333333 min).....[190](5.747866666666667 min).....[195](5.878033333333334 min)...
