Empezando algoritmo genético con los siguientes parámetros
==============================================================
Factor mutación: 0.02
Factor crossover: 0.6
Total generaciones: 20
Tamaño población: 200
Número individuos torneo: 2
Cantidad de individuos elitimo: 4
Utilizando 2 hebras simultaneas para evaluaciones.
Inicializando población
Evaluando población:200
[0](0.1711 min).....[5](0.34963333333333335 min).....[10](0.7308666666666667 min).....[15](0.9263333333333333 min).....[20](1.3031000000000001 min).....[25](1.4188666666666667 min).....[30](1.9114499999999999 min).....[35](2.2545 min).....[40](2.6624833333333333 min).....[45](2.9527833333333335 min).....[50](3.204 min).....[55](3.565516666666667 min).....[60](3.883483333333333 min).....[65](4.055316666666666 min).....[70](4.40745 min).....[75](4.68235 min).....[80](4.921216666666667 min).....[85](5.0739833333333335 min).....[90](5.4399 min).....[95](5.5949 min).....[100](6.033766666666667 min).....[105](6.2179166666666665 min).....[110](6.6013166666666665 min).....[115](6.788116666666666 min).....[120](7.309200000000001 min).....[125](7.636416666666666 min).....[130](8.042 min).....[135](8.223333333333333 min).....[140](8.684316666666666 min).....[145](8.803866666666666 min).....[150](9.012083333333333 min).....[155](9.261283333333333 min).....[160](9.498633333333334 min).....[165](9.743116666666667 min).....[170](10.047966666666667 min).....[175](10.343466666666666 min).....[180](10.7178 min).....[185](10.92805 min).....[190](11.181783333333334 min).....[195](11.467933333333333 min)...
 Ajustando población
Almacenando información sobre individuos
La población se encuentra en la 1 generación
Población:200
Evaluando población:200
[0](0.04443333333333333 min).....[5](0.16376666666666667 min).....[10](0.38180000000000003 min).....[15](0.49811666666666665 min).....[20](0.72335 min).....[25](0.8307166666666668 min).....[30](1.00455 min).....[35](1.13205 min).....[40](1.3249166666666667 min).....[45](1.4600166666666667 min).....[50](1.6552 min).....[55](1.8007833333333332 min).....[60](2.00835 min).....[65](2.1769666666666665 min).....[70](2.3640499999999998 min).....[75](2.5212333333333334 min).....[80](2.7213333333333334 min).....[85](2.842833333333333 min).....[90](3.078616666666667 min).....[95](3.20945 min).....[100](3.42165 min).....[105](3.590416666666667 min).....[110](3.8261166666666666 min).....[115](3.9965166666666665 min).....[120](4.2707999999999995 min).....[125](4.53355 min).....[130](4.931749999999999 min).....[135](5.118483333333333 min).....[140](5.47895 min).....[145](5.621066666666667 min).....[150](6.044700000000001 min).....[155](6.2223999999999995 min).....[160](6.682666666666666 min).....[165](6.959733333333333 min).....[170](7.5301 min).....[175](7.893716666666666 min).....[180](8.388250000000001 min).....[185](8.694333333333333 min).....[190](9.054599999999999 min).....[195](9.495733333333334 min)...
La población se encuentra en la 2 generación
Población:200
Evaluando población:200
[0](0.045616666666666666 min).....[5](0.17554999999999998 min).....[10](0.36193333333333333 min).....[15](0.49465 min).....[20](0.7030166666666666 min).....[25](0.8306 min).....[30](1.06275 min).....[35](1.1763833333333333 min).....[40](1.3915 min).....[45](1.61625 min).....[50](1.8764333333333334 min).....[55](2.0789 min).....[60](2.288116666666667 min).....[65](2.43205 min).....[70](2.6635666666666666 min).....[75](2.8064999999999998 min).....[80](3.0284833333333334 min).....[85](3.1766 min).....[90](3.3066 min).....[95](3.4604833333333334 min).....[100](3.6285666666666665 min).....[105](3.732466666666667 min).....[110](3.9473833333333332 min).....[115](4.1528 min).....[120](4.424616666666666 min).....[125](4.57415 min).....[130](4.832416666666666 min).....[135](5.099833333333334 min).....[140](5.4082 min).....[145](5.612183333333333 min).....[150](6.0781 min).....[155](6.276016666666666 min).....[160](6.6108 min).....[165](6.796433333333334 min).....[170](7.0637 min).....[175](7.4869666666666665 min).....[180](7.853233333333334 min).....[185](8.30925 min).....[190](8.811933333333334 min).....[195](9.226683333333334 min)...
La población se encuentra en la 3 generación
Población:200
Evaluando población:200
[0](0.0512 min).....[5](0.13653333333333334 min).....[10](0.3419 min).....[15](0.48556666666666665 min).....[20](0.71665 min).....[25](0.8893833333333333 min).....[30](1.0869666666666666 min).....[35](1.2348166666666667 min).....[40](1.4339166666666665 min).....[45](1.5488833333333334 min).....[50](1.8592333333333333 min).....[55](1.99875 min).....[60](2.2060166666666663 min).....[65](2.3855166666666667 min).....[70](2.6087833333333332 min).....[75](2.76605 min).....[80](3.0297833333333335 min).....[85](3.1887833333333333 min).....[90](3.4640333333333335 min).....[95](3.6268833333333332 min).....[100](3.85405 min).....[105](3.99055 min).....[110](4.220766666666667 min).....[115](4.434166666666667 min).....[120](4.9586500000000004 min).....[125](5.1661166666666665 min).....[130](5.4521500000000005 min).....[135](5.6333 min).....[140](6.046316666666667 min).....[145](6.30125 min).....[150](6.698283333333333 min).....[155](6.87785 min).....[160](7.13825 min).....[165](7.311183333333333 min).....[170](7.6754999999999995 min).....[175](7.907216666666667 min).....[180](8.251916666666666 min).....[185](8.520950000000001 min).....[190](9.135416666666666 min).....[195](9.532216666666667 min)...
La población se encuentra en la 4 generación
Población:200
Evaluando población:200
[0](0.03785 min).....[5](0.11426666666666667 min).....[10](0.32016666666666665 min).....[15](0.45263333333333333 min).....[20](0.6786666666666666 min).....[25](0.8161833333333333 min).....[30](1.0279 min).....[35](1.1394666666666666 min).....[40](1.32255 min).....[45](1.4625 min).....[50](1.7221166666666667 min).....[55](1.8623333333333332 min).....[60](2.055266666666667 min).....[65](2.1895499999999997 min).....[70](2.4214333333333333 min).....[75](2.5682833333333335 min).....[80](2.7797666666666667 min).....[85](2.956566666666667 min).....[90](3.2131499999999997 min).....[95](3.3734666666666664 min).....[100](3.5893 min).....[105](3.7555833333333335 min).....[110](4.01515 min).....[115](4.170516666666667 min).....[120](4.559233333333333 min).....[125](4.783666666666666 min).....[130](5.088566666666667 min).....[135](5.2788666666666675 min).....[140](5.638283333333334 min).....[145](5.81695 min).....[150](6.188083333333334 min).....[155](6.364016666666667 min).....[160](6.978666666666667 min).....[165](7.2764999999999995 min).....[170](7.7062333333333335 min).....[175](7.90825 min).....[180](8.113433333333333 min).....[185](8.2934 min).....[190](8.79805 min).....[195](9.001616666666667 min)...
La población se encuentra en la 5 generación
Población:200
Evaluando población:200
[0](0.0414 min).....[5](0.12994999999999998 min).....[10](0.3246 min).....[15](0.4567333333333333 min).....[20](0.6593666666666667 min).....[25](0.7717166666666666 min).....[30](0.9726333333333332 min).....[35](1.1058666666666668 min).....[40](1.2976999999999999 min).....[45](1.4407833333333333 min).....[50](1.6732666666666667 min).....[55](1.8232 min).....[60](2.052583333333333 min).....[65](2.2025 min).....[70](2.40335 min).....[75](2.56655 min).....[80](2.769066666666667 min).....[85](2.885366666666667 min).....[90](3.08865 min).....[95](3.2207999999999997 min).....[100](3.4581333333333335 min).....[105](3.590133333333333 min).....[110](3.837416666666667 min).....[115](4.00555 min).....[120](4.2824 min).....[125](4.587566666666667 min).....[130](4.840716666666666 min).....[135](5.00455 min).....[140](5.265866666666667 min).....[145](5.424483333333333 min).....[150](5.63015 min).....[155](5.78205 min).....[160](5.955266666666666 min).....[165](6.096783333333334 min).....[170](6.32475 min).....[175](6.499350000000001 min).....[180](6.825183333333333 min).....[185](7.177733333333333 min).....[190](7.409933333333333 min).....[195](7.567333333333334 min)...
La población se encuentra en la 6 generación
Población:200
Evaluando población:200
[0](0.0403 min).....[5](0.14555 min).....[10](0.33998333333333336 min).....[15](0.4637333333333334 min).....[20](0.6972833333333334 min).....[25](0.8344166666666666 min).....[30](1.0441 min).....[35](1.2079166666666665 min).....[40](1.3876833333333332 min).....[45](1.52935 min).....[50](1.7108999999999999 min).....[55](1.8842500000000002 min).....[60](2.0680666666666667 min).....[65](2.1984166666666667 min).....[70](2.3957333333333333 min).....[75](2.577183333333333 min).....[80](2.7562 min).....[85](2.8805166666666664 min).....[90](3.072483333333333 min).....[95](3.1919666666666666 min).....[100](3.3950833333333335 min).....[105](3.5132666666666665 min).....[110](3.7505 min).....[115](3.8911333333333333 min).....[120](4.101783333333334 min).....[125](4.227766666666667 min).....[130](4.487566666666667 min).....[135](4.649516666666667 min).....[140](4.924683333333333 min).....[145](5.192033333333333 min).....[150](5.446233333333334 min).....[155](5.598316666666666 min).....[160](5.848466666666667 min).....[165](5.970433333333333 min).....[170](6.226166666666667 min).....[175](6.422833333333333 min).....[180](6.669849999999999 min).....[185](6.840516666666667 min).....[190](7.196666666666667 min).....[195](7.4815 min)...
La población se encuentra en la 7 generación
Población:200
Evaluando población:200
[0](0.044566666666666664 min).....[5](0.16611666666666666 min).....[10](0.3449 min).....[15](0.4789333333333333 min).....[20](0.7020666666666667 min).....[25](0.8352833333333333 min).....[30](1.0504333333333333 min).....[35](1.2056166666666668 min).....[40](1.3990166666666668 min).....[45](1.5171999999999999 min).....[50](1.7376166666666668 min).....[55](1.88175 min).....[60](2.0932833333333334 min).....[65](2.2331 min).....[70](2.4262666666666663 min).....[75](2.5678 min).....[80](2.7838333333333334 min).....[85](2.9074 min).....[90](3.121866666666667 min).....[95](3.2642499999999997 min).....[100](3.4591333333333334 min).....[105](3.628316666666667 min).....[110](3.86765 min).....[115](3.989 min).....[120](4.203266666666667 min).....[125](4.346983333333333 min).....[130](4.5734 min).....[135](4.71575 min).....[140](4.924449999999999 min).....[145](5.150483333333333 min).....[150](5.381483333333334 min).....[155](5.520083333333333 min).....[160](5.736883333333334 min).....[165](5.888133333333333 min).....[170](6.1798 min).....[175](6.330966666666667 min).....[180](6.623083333333333 min).....[185](6.769183333333333 min).....[190](7.05795 min).....[195](7.256733333333333 min)...
La población se encuentra en la 8 generación
Población:200
Evaluando población:200
[0](0.039483333333333336 min).....[5](0.13278333333333334 min).....[10](0.29808333333333337 min).....[15](0.4088833333333334 min).....[20](0.5938666666666667 min).....[25](0.7315166666666666 min).....[30](0.9390000000000001 min).....[35](1.06625 min).....[40](1.25125 min).....[45](1.3884333333333332 min).....[50](1.6181666666666668 min).....[55](1.8016833333333333 min).....[60](2.0227833333333334 min).....[65](2.1731333333333334 min).....[70](2.4008499999999997 min).....[75](2.552333333333333 min).....[80](2.75575 min).....[85](2.8827 min).....[90](3.1407666666666665 min).....[95](3.3005333333333335 min).....[100](3.5231333333333335 min).....[105](3.69225 min).....[110](3.9306833333333335 min).....[115](4.033933333333334 min).....[120](4.2096 min).....[125](4.339650000000001 min).....[130](4.543733333333334 min).....[135](4.693016666666667 min).....[140](4.8899 min).....[145](5.008666666666667 min).....[150](5.20965 min).....[155](5.3582833333333335 min).....[160](5.589416666666667 min).....[165](5.734433333333333 min).....[170](5.939616666666667 min).....[175](6.041216666666667 min).....[180](6.28945 min).....[185](6.450266666666667 min).....[190](6.717616666666667 min).....[195](6.866166666666667 min)...
La población se encuentra en la 9 generación
Población:200
Evaluando población:200
[0](0.04156666666666667 min).....[5](0.12353333333333333 min).....[10](0.29505 min).....[15](0.4723833333333333 min).....[20](0.6805333333333333 min).....[25](0.81865 min).....[30](0.9734333333333333 min).....[35](1.1015333333333333 min).....[40](1.3108666666666666 min).....[45](1.4094333333333333 min).....[50](1.6279333333333335 min).....[55](1.7791833333333333 min).....[60](1.9933 min).....[65](2.1485166666666666 min).....[70](2.3524499999999997 min).....[75](2.5301666666666667 min).....[80](2.7504 min).....[85](2.8981666666666666 min).....[90](3.114816666666667 min).....[95](3.2578833333333335 min).....[100](3.4791833333333333 min).....[105](3.638716666666667 min).....[110](3.8687 min).....[115](4.00865 min).....[120](4.2103166666666665 min).....[125](4.335883333333333 min).....[130](4.5598 min).....[135](4.7064 min).....[140](4.9140500000000005 min).....[145](5.0673 min).....[150](5.271583333333334 min).....[155](5.392066666666667 min).....[160](5.617999999999999 min).....[165](5.75665 min).....[170](5.99485 min).....[175](6.125216666666666 min).....[180](6.323916666666666 min).....[185](6.456933333333334 min).....[190](6.660716666666667 min).....[195](6.882549999999999 min)...
La población se encuentra en la 10 generación
Población:200
Evaluando población:200
[0](0.03838333333333333 min).....[5](0.15593333333333334 min).....[10](0.40068333333333334 min).....[15](0.5165833333333334 min).....[20](0.7166 min).....[25](0.859 min).....[30](1.0907833333333334 min).....[35](1.2340333333333333 min).....[40](1.4350166666666666 min).....[45](1.5859333333333334 min).....[50](1.8012333333333332 min).....[55](1.9367333333333332 min).....[60](2.14615 min).....[65](2.275516666666667 min).....[70](2.47875 min).....[75](2.6215333333333333 min).....[80](2.8185000000000002 min).....[85](2.9696833333333337 min).....[90](3.165233333333333 min).....[95](3.299983333333333 min).....[100](3.4753 min).....[105](3.6043499999999997 min).....[110](3.8374 min).....[115](3.9849666666666668 min).....[120](4.2295 min).....[125](4.3782499999999995 min).....[130](4.620966666666666 min).....[135](4.7530833333333335 min).....[140](4.966383333333334 min).....[145](5.1168 min).....[150](5.343066666666667 min).....[155](5.56135 min).....[160](5.792566666666667 min).....[165](5.93195 min).....[170](6.196 min).....[175](6.3784833333333335 min).....[180](6.5711 min).....[185](6.72335 min).....[190](7.03565 min).....[195](7.207166666666667 min)...
La población se encuentra en la 11 generación
Población:200
Evaluando población:200
[0](0.0414 min).....[5](0.13315 min).....[10](0.3528333333333334 min).....[15](0.49601666666666666 min).....[20](0.7170666666666666 min).....[25](0.8466 min).....[30](1.0789 min).....[35](1.2292166666666666 min).....[40](1.4503166666666667 min).....[45](1.5847 min).....[50](1.7802499999999999 min).....[55](1.9162833333333333 min).....[60](2.1293166666666665 min).....[65](2.2587166666666665 min).....[70](2.4413666666666667 min).....[75](2.5616 min).....[80](2.74675 min).....[85](2.8990500000000003 min).....[90](3.0809333333333333 min).....[95](3.2280333333333333 min).....[100](3.4496333333333333 min).....[105](3.5862333333333334 min).....[110](3.8266 min).....[115](3.97465 min).....[120](4.2008 min).....[125](4.377416666666666 min).....[130](4.596616666666667 min).....[135](4.741 min).....[140](4.98 min).....[145](5.119616666666667 min).....[150](5.3633999999999995 min).....[155](5.501433333333334 min).....[160](5.7165 min).....[165](5.868933333333334 min).....[170](6.091333333333334 min).....[175](6.239533333333333 min).....[180](6.481233333333334 min).....[185](6.64 min).....[190](6.881966666666667 min).....[195](7.057166666666666 min)...
La población se encuentra en la 12 generación
Población:200
Evaluando población:200
[0](0.039483333333333336 min).....[5](0.12806666666666666 min).....[10](0.25926666666666665 min).....[15](0.43079999999999996 min).....[20](0.6734166666666667 min).....[25](0.8124833333333333 min).....[30](1.0450833333333334 min).....[35](1.1945166666666667 min).....[40](1.4199833333333334 min).....[45](1.5755166666666667 min).....[50](1.8194666666666668 min).....[55](1.9977166666666666 min).....[60](2.2007333333333334 min).....[65](2.347933333333333 min).....[70](2.5764 min).....[75](2.743666666666667 min).....[80](2.9978166666666666 min).....[85](3.1705166666666664 min).....[90](3.456033333333333 min).....[95](3.6253 min).....[100](3.8701166666666666 min).....[105](4.0363999999999995 min).....[110](4.416616666666667 min).....[115](4.574883333333333 min).....[120](4.821083333333333 min).....[125](4.990466666666666 min).....[130](5.24305 min).....[135](5.412966666666667 min).....[140](5.63245 min).....[145](5.816333333333334 min).....[150](6.15845 min).....[155](6.352333333333333 min).....[160](6.6054 min).....[165](6.795766666666666 min).....[170](7.037400000000001 min).....[175](7.213016666666666 min).....[180](7.435816666666667 min).....[185](7.5975 min).....[190](7.859133333333333 min).....[195](8.041450000000001 min)...
La población se encuentra en la 13 generación
Población:200
Evaluando población:200
[0](0.05093333333333334 min).....[5](0.15488333333333332 min).....[10](0.3591166666666667 min).....[15](0.47495 min).....[20](0.6955166666666667 min).....[25](0.8570666666666666 min).....[30](1.0586499999999999 min).....[35](1.20245 min).....[40](1.4061666666666668 min).....[45](1.5398666666666665 min).....[50](1.7263 min).....[55](1.8890500000000001 min).....[60](2.1199666666666666 min).....[65](2.2507 min).....[70](2.458966666666667 min).....[75](2.6079833333333338 min).....[80](2.8560833333333333 min).....[85](2.9957 min).....[90](3.1769166666666666 min).....[95](3.3400833333333333 min).....[100](3.5718 min).....[105](3.7142666666666666 min).....[110](3.9510833333333335 min).....[115](4.0876 min).....[120](4.287866666666667 min).....[125](4.451416666666666 min).....[130](4.684366666666667 min).....[135](4.821616666666667 min).....[140](5.050633333333334 min).....[145](5.193283333333333 min).....[150](5.44735 min).....[155](5.588783333333334 min).....[160](5.835916666666666 min).....[165](5.973066666666667 min).....[170](6.203216666666666 min).....[175](6.373033333333334 min).....[180](6.563766666666667 min).....[185](6.700583333333333 min).....[190](6.9333833333333335 min).....[195](7.129533333333333 min)...
La población se encuentra en la 14 generación
Población:200
Evaluando población:200
[0](0.039799999999999995 min).....[5](0.17395 min).....[10](0.3252333333333333 min).....[15](0.47878333333333334 min).....[20](0.6866833333333333 min).....[25](0.8082666666666667 min).....[30](0.9988499999999999 min).....[35](1.1395666666666666 min).....[40](1.3553666666666666 min).....[45](1.5076833333333333 min).....[50](1.7345666666666666 min).....[55](1.8753333333333333 min).....[60](2.0904833333333332 min).....[65](2.240283333333333 min).....[70](2.4760833333333334 min).....[75](2.61545 min).....[80](2.8251666666666666 min).....[85](3.0050833333333333 min).....[90](3.2749 min).....[95](3.4829833333333338 min).....[100](3.73305 min).....[105](3.8747166666666666 min).....[110](4.084833333333333 min).....[115](4.245383333333334 min).....[120](4.482216666666667 min).....[125](4.6227833333333335 min).....[130](4.866883333333333 min).....[135](5.0313 min).....[140](5.282866666666666 min).....[145](5.43065 min).....[150](5.6521333333333335 min).....[155](5.779516666666667 min).....[160](6.076616666666666 min).....[165](6.244816666666667 min).....[170](6.516583333333333 min).....[175](6.675433333333333 min).....[180](6.9737 min).....[185](7.138083333333333 min).....[190](7.4300999999999995 min).....[195](7.648833333333333 min)...
La población se encuentra en la 15 generación
Población:200
Evaluando población:200
[0](0.04331666666666667 min).....[5](0.14956666666666668 min).....[10](0.3173833333333333 min).....[15](0.44106666666666666 min).....[20](0.6463833333333333 min).....[25](0.7830999999999999 min).....[30](0.96155 min).....[35](1.0824 min).....[40](1.2879 min).....[45](1.4179166666666667 min).....[50](1.5938 min).....[55](1.7068333333333332 min).....[60](1.9137333333333333 min).....[65](2.0420833333333333 min).....[70](2.2446166666666665 min).....[75](2.3503666666666665 min).....[80](2.578033333333333 min).....[85](2.7691500000000002 min).....[90](3.0007333333333337 min).....[95](3.158383333333333 min).....[100](3.3670833333333334 min).....[105](3.528 min).....[110](3.7858666666666663 min).....[115](3.928433333333333 min).....[120](4.16435 min).....[125](4.3029166666666665 min).....[130](4.51185 min).....[135](4.663833333333333 min).....[140](4.8848 min).....[145](5.035166666666667 min).....[150](5.3468333333333335 min).....[155](5.490733333333334 min).....[160](5.68835 min).....[165](5.875816666666666 min).....[170](6.0911 min).....[175](6.249783333333334 min).....[180](6.47735 min).....[185](6.629883333333334 min).....[190](6.8663 min).....[195](7.034466666666666 min)...
La población se encuentra en la 16 generación
Población:200
Evaluando población:200
[0](0.03958333333333333 min).....[5](0.11836666666666668 min).....[10](0.3090333333333334 min).....[15](0.43435 min).....[20](0.6181166666666668 min).....[25](0.7463666666666666 min).....[30](0.9574333333333332 min).....[35](1.09365 min).....[40](1.3083833333333332 min).....[45](1.4333666666666667 min).....[50](1.6619 min).....[55](1.7991833333333331 min).....[60](1.9811166666666666 min).....[65](2.117783333333333 min).....[70](2.334416666666667 min).....[75](2.472583333333333 min).....[80](2.6937 min).....[85](2.8259166666666666 min).....[90](3.0160666666666667 min).....[95](3.16135 min).....[100](3.3864666666666663 min).....[105](3.514283333333333 min).....[110](3.7473666666666667 min).....[115](3.8872 min).....[120](4.130833333333333 min).....[125](4.28635 min).....[130](4.5072833333333335 min).....[135](4.648116666666667 min).....[140](4.83495 min).....[145](4.9906 min).....[150](5.188233333333333 min).....[155](5.399016666666666 min).....[160](5.6448833333333335 min).....[165](5.804483333333334 min).....[170](6.023133333333333 min).....[175](6.186866666666666 min).....[180](6.393533333333334 min).....[185](6.547266666666667 min).....[190](6.784983333333333 min).....[195](6.947616666666667 min)...
La población se encuentra en la 17 generación
Población:200
Evaluando población:200
[0](0.037366666666666666 min).....[5](0.1389 min).....[10](0.3387333333333334 min).....[15](0.49895 min).....[20](0.7323500000000001 min).....[25](0.8914500000000001 min).....[30](1.1102166666666666 min).....[35](1.2474833333333335 min).....[40](1.4514833333333332 min).....[45](1.6314833333333332 min).....[50](1.8798166666666667 min).....[55](2.0193166666666666 min).....[60](2.25085 min).....[65](2.40055 min).....[70](2.6077999999999997 min).....[75](2.7489 min).....[80](2.95805 min).....[85](3.0968333333333335 min).....[90](3.316216666666667 min).....[95](3.45925 min).....[100](3.6689166666666666 min).....[105](3.7997666666666663 min).....[110](4.026816666666667 min).....[115](4.163266666666667 min).....[120](4.344283333333333 min).....[125](4.456966666666667 min).....[130](4.638216666666667 min).....[135](4.787683333333334 min).....[140](4.997983333333334 min).....[145](5.13975 min).....[150](5.3702 min).....[155](5.496066666666667 min).....[160](5.705550000000001 min).....[165](5.821266666666667 min).....[170](6.0218 min).....[175](6.1697999999999995 min).....[180](6.386133333333333 min).....[185](6.526516666666667 min).....[190](6.731833333333333 min).....[195](6.871183333333334 min)...
La población se encuentra en la 18 generación
Población:200
Evaluando población:200
[0](0.0661 min).....[5](0.15853333333333333 min).....[10](0.31011666666666665 min).....[15](0.44393333333333335 min).....[20](0.6605666666666666 min).....[25](0.8087333333333333 min).....[30](1.0308 min).....[35](1.1692166666666668 min).....[40](1.3998166666666667 min).....[45](1.5398666666666665 min).....[50](1.7658833333333335 min).....[55](1.9064333333333332 min).....[60](2.1444666666666667 min).....[65](2.3103 min).....[70](2.5426 min).....[75](2.69185 min).....[80](2.925883333333333 min).....[85](3.0861666666666663 min).....[90](3.2879833333333335 min).....[95](3.4370166666666666 min).....[100](3.66945 min).....[105](3.8157833333333335 min).....[110](4.00815 min).....[115](4.149566666666667 min).....[120](4.35465 min).....[125](4.511633333333333 min).....[130](4.7129 min).....[135](4.874266666666667 min).....[140](5.1051166666666665 min).....[145](5.247016666666667 min).....[150](5.4858666666666664 min).....[155](5.659383333333333 min).....[160](5.873266666666667 min).....[165](6.040233333333333 min).....[170](6.281083333333333 min).....[175](6.438416666666667 min).....[180](6.677350000000001 min).....[185](6.833783333333333 min).....[190](7.087549999999999 min).....[195](7.257466666666667 min)...
La población se encuentra en la 19 generación
Población:200
Evaluando población:200
[0](0.03678333333333333 min).....[5](0.14266666666666666 min).....[10](0.3077666666666667 min).....[15](0.45115 min).....[20](0.6822 min).....[25](0.8126166666666667 min).....[30](1.0304 min).....[35](1.1721499999999998 min).....[40](1.40475 min).....[45](1.5465833333333334 min).....[50](1.8024 min).....[55](1.9394166666666666 min).....[60](2.1785 min).....[65](2.34425 min).....[70](2.5789166666666667 min).....[75](2.7279166666666668 min).....[80](2.952916666666667 min).....[85](3.101516666666667 min).....[90](3.3263499999999997 min).....[95](3.4819999999999998 min).....[100](3.7137000000000002 min).....[105](3.868333333333333 min).....[110](4.071116666666667 min).....[115](4.20775 min).....[120](4.433116666666667 min).....[125](4.579350000000001 min).....[130](4.824883333333333 min).....[135](4.971233333333333 min).....[140](5.196233333333334 min).....[145](5.3459666666666665 min).....[150](5.566083333333333 min).....[155](5.727116666666666 min).....[160](5.976583333333334 min).....[165](6.145300000000001 min).....[170](6.3832 min).....[175](6.555750000000001 min).....[180](6.780633333333333 min).....[185](6.9350000000000005 min).....[190](7.17465 min).....[195](7.327116666666667 min)...
La población se encuentra en la 20 generación
Población:200
Evaluando población:200
[0](0.03816666666666667 min).....[5](0.15119999999999997 min).....[10](0.32903333333333334 min).....[15](0.46803333333333336 min).....[20](0.6952666666666667 min).....[25](0.84465 min).....[30](1.0638166666666666 min).....[35](1.2129 min).....[40](1.5033166666666666 min).....[45](1.6415 min).....[50](1.88815 min).....[55](2.0264666666666664 min).....[60](2.2765833333333334 min).....[65](2.4411666666666667 min).....[70](2.6511333333333336 min).....[75](2.79375 min).....[80](3.046883333333333 min).....[85](3.2477500000000004 min).....[90](3.46875 min).....[95](3.627333333333333 min).....[100](3.887983333333333 min).....[105](4.075266666666667 min).....[110](4.310816666666667 min).....[115](4.48855 min).....[120](4.74005 min).....[125](4.895183333333334 min).....[130](5.171049999999999 min).....[135](5.329899999999999 min).....[140](5.574016666666666 min).....[145](5.720466666666667 min).....[150](5.984800000000001 min).....[155](6.152716666666667 min).....[160](6.396933333333333 min).....[165](6.54975 min).....[170](6.8448 min).....[175](7.021316666666666 min).....[180](7.2767333333333335 min).....[185](7.465050000000001 min).....[190](7.795083333333333 min).....[195](8.00605 min)...
