Empezando algoritmo genético con los siguientes parámetros
==============================================================
Factor mutación: 0.02
Factor crossover: 0.6
Total generaciones: 20
Tamaño población: 200
Número individuos torneo: 2
Cantidad de individuos elitimo: 4
Utilizando 2 hebras simultaneas para evaluaciones.
Inicializando población
Evaluando población:200
[0](0.08349999999999999 min).....[5](0.2421 min).....[10](0.62915 min).....[15](0.8501333333333334 min).....[20](1.4657499999999999 min).....[25](1.9140000000000001 min).....[30](2.203733333333333 min).....[35](2.5845833333333332 min).....[40](3.0134499999999997 min).....[45](3.371166666666667 min).....[50](3.6717166666666667 min).....[55](3.8962833333333333 min).....[60](4.3243833333333335 min).....[65](4.5254 min).....[70](4.915016666666667 min).....[75](5.160466666666666 min).....[80](5.89315 min).....[85](6.152216666666666 min).....[90](6.486016666666667 min).....[95](6.714316666666666 min).....[100](7.21005 min).....[105](7.748583333333333 min).....[110](7.947500000000001 min).....[115](8.1131 min).....[120](8.321133333333332 min).....[125](8.591866666666666 min).....[130](8.986833333333333 min).....[135](9.181366666666666 min).....[140](9.602033333333333 min).....[145](10.046983333333333 min).....[150](10.431166666666666 min).....[155](10.557016666666668 min).....[160](10.9708 min).....[165](11.2911 min).....[170](11.908666666666667 min).....[175](12.027 min).....[180](12.458283333333332 min).....[185](12.940333333333333 min).....[190](13.2479 min).....[195](13.502616666666666 min)...
 Ajustando población
Almacenando información sobre individuos
La población se encuentra en la 1 generación
Población:200
Evaluando población:200
[0](0.0455 min).....[5](0.16091666666666665 min).....[10](0.5186499999999999 min).....[15](0.8782666666666666 min).....[20](1.0954833333333334 min).....[25](1.2429333333333332 min).....[30](1.4724833333333334 min).....[35](1.6246666666666667 min).....[40](1.8324333333333334 min).....[45](2.0090333333333334 min).....[50](2.2983166666666666 min).....[55](2.4804166666666663 min).....[60](2.73505 min).....[65](2.9090833333333332 min).....[70](3.1138833333333333 min).....[75](3.2622333333333335 min).....[80](3.5215166666666664 min).....[85](3.6922166666666665 min).....[90](3.9284666666666666 min).....[95](4.097566666666667 min).....[100](4.319999999999999 min).....[105](4.444999999999999 min).....[110](4.675766666666666 min).....[115](4.819066666666667 min).....[120](5.137016666666667 min).....[125](5.4016166666666665 min).....[130](5.9351 min).....[135](6.222316666666667 min).....[140](6.7286166666666665 min).....[145](7.20315 min).....[150](7.84535 min).....[155](8.3904 min).....[160](8.935566666666666 min).....[165](9.356166666666667 min).....[170](9.819533333333334 min).....[175](10.296483333333333 min).....[180](11.083366666666667 min).....[185](11.379633333333334 min).....[190](11.86705 min).....[195](12.335933333333333 min)...
La población se encuentra en la 2 generación
Población:200
Evaluando población:200
[0](0.07035 min).....[5](0.17195 min).....[10](0.33403333333333335 min).....[15](0.4913166666666667 min).....[20](0.7671 min).....[25](0.8921500000000001 min).....[30](1.1924666666666668 min).....[35](1.3366833333333332 min).....[40](1.52195 min).....[45](1.6645833333333333 min).....[50](1.8496166666666667 min).....[55](2.0859333333333336 min).....[60](2.3985166666666666 min).....[65](2.5521666666666665 min).....[70](2.8629333333333333 min).....[75](3.01985 min).....[80](3.19235 min).....[85](3.3094166666666665 min).....[90](3.5317333333333334 min).....[95](3.72795 min).....[100](4.027533333333333 min).....[105](4.311183333333333 min).....[110](4.705983333333333 min).....[115](4.96295 min).....[120](5.316533333333334 min).....[125](5.63645 min).....[130](5.92205 min).....[135](6.151466666666667 min).....[140](6.528883333333334 min).....[145](6.826666666666667 min).....[150](7.325616666666666 min).....[155](7.649166666666667 min).....[160](8.09935 min).....[165](8.489883333333333 min).....[170](9.127116666666666 min).....[175](9.53225 min).....[180](10.22835 min).....[185](10.678516666666667 min).....[190](10.912333333333333 min).....[195](11.156866666666668 min)...
La población se encuentra en la 3 generación
Población:200
Evaluando población:200
[0](0.057050000000000003 min).....[5](0.17948333333333333 min).....[10](0.3527666666666667 min).....[15](0.4484166666666667 min).....[20](0.6844 min).....[25](0.8394833333333334 min).....[30](1.0327666666666666 min).....[35](1.1490166666666668 min).....[40](1.3465 min).....[45](1.4613 min).....[50](1.6780833333333334 min).....[55](1.8462 min).....[60](2.0867833333333334 min).....[65](2.2502833333333334 min).....[70](2.44565 min).....[75](2.6232166666666665 min).....[80](2.893066666666667 min).....[85](3.0348333333333333 min).....[90](3.2661000000000002 min).....[95](3.3966833333333333 min).....[100](3.59815 min).....[105](3.7278000000000002 min).....[110](3.9343 min).....[115](4.1194999999999995 min).....[120](4.392616666666667 min).....[125](4.548566666666667 min).....[130](4.86095 min).....[135](5.022216666666667 min).....[140](5.183683333333334 min).....[145](5.385866666666667 min).....[150](5.609983333333333 min).....[155](6.0231 min).....[160](6.287016666666667 min).....[165](6.531916666666667 min).....[170](6.964816666666667 min).....[175](7.353066666666667 min).....[180](7.876933333333333 min).....[185](8.024883333333333 min).....[190](8.581383333333333 min).....[195](8.769383333333334 min)...
La población se encuentra en la 4 generación
Población:200
Evaluando población:200
[0](0.04563333333333333 min).....[5](0.1869 min).....[10](0.44580000000000003 min).....[15](0.5892999999999999 min).....[20](0.7921166666666667 min).....[25](0.9143333333333333 min).....[30](1.0869 min).....[35](1.1945166666666667 min).....[40](1.3807 min).....[45](1.5163 min).....[50](1.7250166666666666 min).....[55](1.8554666666666668 min).....[60](2.0754333333333332 min).....[65](2.2334 min).....[70](2.4373666666666667 min).....[75](2.5830166666666665 min).....[80](2.8527 min).....[85](2.9598333333333335 min).....[90](3.1396 min).....[95](3.29435 min).....[100](3.5095666666666667 min).....[105](3.655333333333333 min).....[110](3.8636833333333334 min).....[115](4.025816666666667 min).....[120](4.2444999999999995 min).....[125](4.371283333333333 min).....[130](4.603433333333333 min).....[135](4.7983666666666664 min).....[140](5.117383333333334 min).....[145](5.27955 min).....[150](5.590683333333333 min).....[155](5.7475000000000005 min).....[160](5.952933333333333 min).....[165](6.070566666666666 min).....[170](6.28265 min).....[175](6.608733333333333 min).....[180](7.002766666666667 min).....[185](7.380116666666667 min).....[190](7.841066666666666 min).....[195](8.238666666666667 min)...
La población se encuentra en la 5 generación
Población:200
Evaluando población:200
[0](0.04991666666666667 min).....[5](0.15796666666666667 min).....[10](0.4030333333333333 min).....[15](0.52075 min).....[20](0.7031833333333334 min).....[25](0.8117666666666667 min).....[30](0.9733333333333333 min).....[35](1.0822833333333333 min).....[40](1.2904333333333333 min).....[45](1.4017000000000002 min).....[50](1.6231499999999999 min).....[55](1.7525333333333333 min).....[60](1.92245 min).....[65](2.0279000000000003 min).....[70](2.2072999999999996 min).....[75](2.3369166666666668 min).....[80](2.515 min).....[85](2.6653499999999997 min).....[90](2.8612666666666664 min).....[95](3.0414499999999998 min).....[100](3.2351666666666667 min).....[105](3.3728333333333333 min).....[110](3.638316666666667 min).....[115](3.758383333333333 min).....[120](3.9718666666666667 min).....[125](4.150049999999999 min).....[130](4.389833333333333 min).....[135](4.541383333333333 min).....[140](4.830783333333333 min).....[145](5.02155 min).....[150](5.314533333333333 min).....[155](5.559583333333333 min).....[160](5.878616666666667 min).....[165](6.15525 min).....[170](6.431266666666667 min).....[175](6.593933333333334 min).....[180](6.885933333333333 min).....[185](7.072516666666667 min).....[190](7.583200000000001 min).....[195](7.987916666666666 min)...
La población se encuentra en la 6 generación
Población:200
Evaluando población:200
[0](0.0494 min).....[5](0.16043333333333332 min).....[10](0.3085833333333333 min).....[15](0.4481 min).....[20](0.6374666666666666 min).....[25](0.7558833333333334 min).....[30](0.9618166666666668 min).....[35](1.0953833333333334 min).....[40](1.2735166666666666 min).....[45](1.4009500000000001 min).....[50](1.5753 min).....[55](1.72065 min).....[60](1.8985666666666667 min).....[65](2.020383333333333 min).....[70](2.2380666666666666 min).....[75](2.3615 min).....[80](2.5743500000000004 min).....[85](2.6767333333333334 min).....[90](2.8488666666666664 min).....[95](2.96965 min).....[100](3.2821333333333333 min).....[105](3.4427666666666665 min).....[110](3.75975 min).....[115](4.005733333333334 min).....[120](4.291316666666666 min).....[125](4.4421 min).....[130](4.714666666666667 min).....[135](4.85 min).....[140](5.101233333333334 min).....[145](5.378933333333333 min).....[150](5.670466666666667 min).....[155](5.8308 min).....[160](6.089133333333334 min).....[165](6.305416666666667 min).....[170](6.53735 min).....[175](6.738483333333334 min).....[180](6.999816666666666 min).....[185](7.172066666666667 min).....[190](7.668566666666666 min).....[195](7.9097 min)...
La población se encuentra en la 7 generación
Población:200
Evaluando población:200
[0](0.043533333333333334 min).....[5](0.1442166666666667 min).....[10](0.3064 min).....[15](0.40108333333333335 min).....[20](0.5736833333333333 min).....[25](0.6860166666666667 min).....[30](0.8415 min).....[35](0.9631333333333333 min).....[40](1.1537333333333335 min).....[45](1.2662666666666667 min).....[50](1.4588 min).....[55](1.5915 min).....[60](1.8044833333333334 min).....[65](1.9416166666666668 min).....[70](2.1647833333333333 min).....[75](2.2762000000000002 min).....[80](2.4915666666666665 min).....[85](2.6197666666666666 min).....[90](2.7866 min).....[95](2.91805 min).....[100](3.105933333333333 min).....[105](3.24035 min).....[110](3.45315 min).....[115](3.5865666666666667 min).....[120](3.827633333333333 min).....[125](3.9360666666666666 min).....[130](4.170583333333334 min).....[135](4.324733333333333 min).....[140](4.541166666666667 min).....[145](4.6847666666666665 min).....[150](4.9248 min).....[155](5.061516666666666 min).....[160](5.287966666666667 min).....[165](5.421033333333333 min).....[170](5.6549 min).....[175](5.846933333333333 min).....[180](6.141883333333333 min).....[185](6.324933333333333 min).....[190](6.67725 min).....[195](6.913783333333333 min)...
La población se encuentra en la 8 generación
Población:200
Evaluando población:200
[0](0.05461666666666667 min).....[5](0.17271666666666666 min).....[10](0.32761666666666667 min).....[15](0.42606666666666665 min).....[20](0.61525 min).....[25](0.7278166666666667 min).....[30](0.8951666666666667 min).....[35](1.0278833333333333 min).....[40](1.208 min).....[45](1.3339500000000002 min).....[50](1.5099333333333333 min).....[55](1.6337833333333334 min).....[60](1.83085 min).....[65](1.9745166666666667 min).....[70](2.13895 min).....[75](2.2480166666666666 min).....[80](2.4319166666666665 min).....[85](2.5470333333333333 min).....[90](2.73695 min).....[95](2.8597166666666665 min).....[100](3.0918666666666668 min).....[105](3.210266666666667 min).....[110](3.4001333333333337 min).....[115](3.5701666666666667 min).....[120](3.7485500000000003 min).....[125](3.8836500000000003 min).....[130](4.100833333333333 min).....[135](4.2155000000000005 min).....[140](4.4282666666666675 min).....[145](4.557316666666667 min).....[150](4.746483333333333 min).....[155](4.866433333333333 min).....[160](5.0875 min).....[165](5.220666666666667 min).....[170](5.453716666666667 min).....[175](5.59645 min).....[180](5.7953166666666664 min).....[185](5.94245 min).....[190](6.244616666666667 min).....[195](6.3534 min)...
La población se encuentra en la 9 generación
Población:200
Evaluando población:200
[0](0.06206666666666667 min).....[5](0.17541666666666667 min).....[10](0.36091666666666666 min).....[15](0.5031166666666667 min).....[20](0.69375 min).....[25](0.8149833333333334 min).....[30](0.9840666666666666 min).....[35](1.0985166666666666 min).....[40](1.2477333333333334 min).....[45](1.3578833333333333 min).....[50](1.5505833333333332 min).....[55](1.6723 min).....[60](1.8558166666666667 min).....[65](1.966 min).....[70](2.1695166666666665 min).....[75](2.293433333333333 min).....[80](2.442333333333333 min).....[85](2.5648833333333334 min).....[90](2.7325833333333334 min).....[95](2.8233166666666665 min).....[100](3.033583333333333 min).....[105](3.1634499999999997 min).....[110](3.3455999999999997 min).....[115](3.4568166666666666 min).....[120](3.68425 min).....[125](3.784483333333333 min).....[130](3.9966500000000003 min).....[135](4.170466666666667 min).....[140](4.366883333333333 min).....[145](4.5106166666666665 min).....[150](4.73935 min).....[155](4.875233333333333 min).....[160](5.0381833333333335 min).....[165](5.173033333333334 min).....[170](5.344133333333334 min).....[175](5.45885 min).....[180](5.680316666666667 min).....[185](5.8506833333333335 min).....[190](6.057616666666666 min).....[195](6.2088 min)...
La población se encuentra en la 10 generación
Población:200
Evaluando población:200
[0](0.05315 min).....[5](0.16548333333333334 min).....[10](0.31223333333333336 min).....[15](0.41503333333333337 min).....[20](0.5555833333333333 min).....[25](0.64545 min).....[30](0.8082999999999999 min).....[35](0.9376166666666667 min).....[40](1.1081166666666666 min).....[45](1.2334166666666666 min).....[50](1.3872666666666666 min).....[55](1.4926666666666668 min).....[60](1.6604333333333334 min).....[65](1.8027000000000002 min).....[70](1.9545 min).....[75](2.0588666666666664 min).....[80](2.2098 min).....[85](2.3110333333333335 min).....[90](2.4746333333333337 min).....[95](2.5873500000000003 min).....[100](2.7518833333333332 min).....[105](2.8610666666666664 min).....[110](3.0284 min).....[115](3.1588833333333333 min).....[120](3.3525666666666667 min).....[125](3.4798833333333334 min).....[130](3.6613333333333333 min).....[135](3.838916666666667 min).....[140](4.0273 min).....[145](4.140716666666667 min).....[150](4.389666666666667 min).....[155](4.549283333333333 min).....[160](4.76985 min).....[165](4.9203833333333336 min).....[170](5.113916666666666 min).....[175](5.274783333333334 min).....[180](5.471733333333333 min).....[185](5.646133333333333 min).....[190](5.8545 min).....[195](6.007766666666667 min)...
La población se encuentra en la 11 generación
Población:200
Evaluando población:200
[0](0.0516 min).....[5](0.16038333333333332 min).....[10](0.32288333333333336 min).....[15](0.42423333333333335 min).....[20](0.6209666666666667 min).....[25](0.7179833333333333 min).....[30](0.8899333333333334 min).....[35](1.0063666666666666 min).....[40](1.1632500000000001 min).....[45](1.2670166666666667 min).....[50](1.4268333333333334 min).....[55](1.5298833333333335 min).....[60](1.7216 min).....[65](1.8650166666666665 min).....[70](2.0467166666666667 min).....[75](2.1483 min).....[80](2.3274166666666667 min).....[85](2.43125 min).....[90](2.5952333333333333 min).....[95](2.7071166666666664 min).....[100](2.8888333333333334 min).....[105](3.0214833333333333 min).....[110](3.2180000000000004 min).....[115](3.3433333333333333 min).....[120](3.508666666666667 min).....[125](3.615133333333333 min).....[130](3.832733333333333 min).....[135](3.95685 min).....[140](4.141333333333333 min).....[145](4.257833333333333 min).....[150](4.451933333333333 min).....[155](4.588316666666667 min).....[160](4.794766666666666 min).....[165](4.92715 min).....[170](5.1141499999999995 min).....[175](5.244483333333333 min).....[180](5.415683333333333 min).....[185](5.523516666666667 min).....[190](5.719399999999999 min).....[195](5.838116666666666 min)...
La población se encuentra en la 12 generación
Población:200
Evaluando población:200
[0](0.04688333333333334 min).....[5](0.15039999999999998 min).....[10](0.31911666666666666 min).....[15](0.4516833333333333 min).....[20](0.6348833333333334 min).....[25](0.7578166666666667 min).....[30](0.9458666666666667 min).....[35](1.0718500000000002 min).....[40](1.2364833333333332 min).....[45](1.3474 min).....[50](1.5157999999999998 min).....[55](1.6268 min).....[60](1.8114333333333335 min).....[65](1.93245 min).....[70](2.0971333333333333 min).....[75](2.2121333333333335 min).....[80](2.38045 min).....[85](2.47715 min).....[90](2.647183333333333 min).....[95](2.7635666666666667 min).....[100](2.9498166666666665 min).....[105](3.0425666666666666 min).....[110](3.2153833333333335 min).....[115](3.330233333333333 min).....[120](3.5109833333333333 min).....[125](3.6199166666666667 min).....[130](3.8031833333333336 min).....[135](3.9180166666666665 min).....[140](4.134816666666667 min).....[145](4.2829 min).....[150](4.49125 min).....[155](4.6250333333333336 min).....[160](4.8441833333333335 min).....[165](4.983233333333334 min).....[170](5.192983333333333 min).....[175](5.298616666666666 min).....[180](5.485666666666666 min).....[185](5.609266666666667 min).....[190](5.797366666666666 min).....[195](5.930483333333333 min)...
La población se encuentra en la 13 generación
Población:200
Evaluando población:200
[0](0.041416666666666664 min).....[5](0.16210000000000002 min).....[10](0.31978333333333336 min).....[15](0.43185 min).....[20](0.59675 min).....[25](0.7186 min).....[30](0.92915 min).....[35](1.0463166666666668 min).....[40](1.2180166666666667 min).....[45](1.3375166666666667 min).....[50](1.5335500000000002 min).....[55](1.6549666666666667 min).....[60](1.8370166666666667 min).....[65](1.9665833333333333 min).....[70](2.1277 min).....[75](2.24935 min).....[80](2.4595 min).....[85](2.5687333333333333 min).....[90](2.74515 min).....[95](2.8784666666666667 min).....[100](3.052416666666667 min).....[105](3.1632666666666664 min).....[110](3.3634333333333335 min).....[115](3.4985333333333335 min).....[120](3.67445 min).....[125](3.7774666666666668 min).....[130](3.97305 min).....[135](4.08985 min).....[140](4.246166666666666 min).....[145](4.367983333333333 min).....[150](4.552816666666667 min).....[155](4.660333333333333 min).....[160](4.8298499999999995 min).....[165](4.9033500000000005 min).....[170](5.082116666666667 min).....[175](5.2501 min).....[180](5.4519166666666665 min).....[185](5.610716666666666 min).....[190](5.911683333333333 min).....[195](6.036466666666667 min)...
La población se encuentra en la 14 generación
Población:200
Evaluando población:200
[0](0.060000000000000005 min).....[5](0.16901666666666668 min).....[10](0.34528333333333333 min).....[15](0.46255 min).....[20](0.6512833333333333 min).....[25](0.7716166666666666 min).....[30](0.9421999999999999 min).....[35](1.0433333333333334 min).....[40](1.21215 min).....[45](1.35775 min).....[50](1.5387666666666666 min).....[55](1.6660666666666666 min).....[60](1.8493833333333332 min).....[65](1.9716666666666667 min).....[70](2.1673833333333334 min).....[75](2.2667833333333336 min).....[80](2.4254666666666664 min).....[85](2.5715999999999997 min).....[90](2.749016666666667 min).....[95](2.8534 min).....[100](3.07005 min).....[105](3.1814999999999998 min).....[110](3.3569999999999998 min).....[115](3.4828333333333332 min).....[120](3.6466 min).....[125](3.7565 min).....[130](3.9556666666666667 min).....[135](4.074933333333333 min).....[140](4.2465 min).....[145](4.376716666666667 min).....[150](4.552016666666666 min).....[155](4.683983333333333 min).....[160](4.897616666666667 min).....[165](5.028433333333334 min).....[170](5.23515 min).....[175](5.37255 min).....[180](5.571033333333333 min).....[185](5.70985 min).....[190](5.93375 min).....[195](6.092766666666666 min)...
La población se encuentra en la 15 generación
Población:200
Evaluando población:200
[0](0.06143333333333333 min).....[5](0.1744 min).....[10](0.33480000000000004 min).....[15](0.45053333333333334 min).....[20](0.6292833333333333 min).....[25](0.7621 min).....[30](0.9418000000000001 min).....[35](1.0593666666666666 min).....[40](1.2415999999999998 min).....[45](1.3653333333333333 min).....[50](1.5253333333333332 min).....[55](1.6405166666666666 min).....[60](1.8281333333333334 min).....[65](1.957 min).....[70](2.1471 min).....[75](2.25575 min).....[80](2.4241333333333333 min).....[85](2.535883333333333 min).....[90](2.7255833333333332 min).....[95](2.8485 min).....[100](3.0254833333333333 min).....[105](3.1281000000000003 min).....[110](3.3114500000000002 min).....[115](3.422633333333333 min).....[120](3.628333333333333 min).....[125](3.7681166666666663 min).....[130](4.011383333333333 min).....[135](4.134333333333333 min).....[140](4.335566666666667 min).....[145](4.449316666666666 min).....[150](4.641083333333333 min).....[155](4.76665 min).....[160](4.941533333333334 min).....[165](5.076616666666666 min).....[170](5.272983333333333 min).....[175](5.417366666666666 min).....[180](5.58535 min).....[185](5.6994 min).....[190](5.892333333333334 min).....[195](6.017416666666667 min)...
La población se encuentra en la 16 generación
Población:200
Evaluando población:200
[0](0.06141666666666667 min).....[5](0.20001666666666665 min).....[10](0.37825000000000003 min).....[15](0.5009666666666667 min).....[20](0.6700833333333333 min).....[25](0.7841333333333333 min).....[30](0.9554166666666667 min).....[35](1.06245 min).....[40](1.2658833333333335 min).....[45](1.37785 min).....[50](1.5520666666666665 min).....[55](1.66965 min).....[60](1.8412833333333334 min).....[65](1.95055 min).....[70](2.1357166666666667 min).....[75](2.2411000000000003 min).....[80](2.4288666666666665 min).....[85](2.5309833333333334 min).....[90](2.6974333333333336 min).....[95](2.8013666666666666 min).....[100](2.9930666666666665 min).....[105](3.110133333333333 min).....[110](3.3149333333333333 min).....[115](3.4254166666666666 min).....[120](3.6144499999999997 min).....[125](3.7238333333333333 min).....[130](3.882766666666667 min).....[135](3.991416666666667 min).....[140](4.1596166666666665 min).....[145](4.270583333333334 min).....[150](4.4307 min).....[155](4.5440499999999995 min).....[160](4.713133333333333 min).....[165](4.830683333333334 min).....[170](5.013599999999999 min).....[175](5.138466666666667 min).....[180](5.357733333333333 min).....[185](5.510916666666666 min).....[190](5.726866666666667 min).....[195](5.840466666666667 min)...
La población se encuentra en la 17 generación
Población:200
Evaluando población:200
[0](0.06495 min).....[5](0.1743833333333333 min).....[10](0.32698333333333335 min).....[15](0.42605 min).....[20](0.5669500000000001 min).....[25](0.6771166666666667 min).....[30](0.8687166666666666 min).....[35](0.9867333333333334 min).....[40](1.1522666666666666 min).....[45](1.2866 min).....[50](1.4869666666666668 min).....[55](1.6023166666666666 min).....[60](1.79535 min).....[65](1.9159833333333334 min).....[70](2.1092 min).....[75](2.2184166666666667 min).....[80](2.371766666666667 min).....[85](2.4961166666666665 min).....[90](2.690733333333333 min).....[95](2.8183833333333337 min).....[100](2.983883333333333 min).....[105](3.1005333333333334 min).....[110](3.2828500000000003 min).....[115](3.3966333333333334 min).....[120](3.5732833333333334 min).....[125](3.712283333333333 min).....[130](3.8966 min).....[135](4.025916666666666 min).....[140](4.213683333333333 min).....[145](4.328583333333333 min).....[150](4.518366666666666 min).....[155](4.646933333333333 min).....[160](4.830066666666666 min).....[165](4.9448 min).....[170](5.148183333333334 min).....[175](5.28545 min).....[180](5.4869666666666665 min).....[185](5.61715 min).....[190](5.83275 min).....[195](5.9601 min)...
La población se encuentra en la 18 generación
Población:200
Evaluando población:200
[0](0.04131666666666667 min).....[5](0.15808333333333333 min).....[10](0.332 min).....[15](0.4512333333333334 min).....[20](0.6372 min).....[25](0.7774333333333333 min).....[30](0.9864166666666667 min).....[35](1.1036833333333333 min).....[40](1.2846333333333333 min).....[45](1.4108333333333334 min).....[50](1.5951833333333334 min).....[55](1.7202833333333334 min).....[60](1.90045 min).....[65](2.018333333333333 min).....[70](2.19235 min).....[75](2.3049666666666666 min).....[80](2.4596 min).....[85](2.5680666666666667 min).....[90](2.7352833333333333 min).....[95](2.854833333333333 min).....[100](3.0667833333333334 min).....[105](3.18995 min).....[110](3.366983333333333 min).....[115](3.4816999999999996 min).....[120](3.653383333333333 min).....[125](3.77265 min).....[130](3.9665000000000004 min).....[135](4.1661 min).....[140](4.354166666666667 min).....[145](4.491116666666667 min).....[150](4.70885 min).....[155](4.8364666666666665 min).....[160](5.054633333333333 min).....[165](5.212033333333333 min).....[170](5.379716666666667 min).....[175](5.5004333333333335 min).....[180](5.720633333333334 min).....[185](5.81635 min).....[190](5.9589 min).....[195](6.056983333333333 min)...
La población se encuentra en la 19 generación
Población:200
Evaluando población:200
[0](0.048233333333333336 min).....[5](0.14476666666666665 min).....[10](0.31045 min).....[15](0.43556666666666666 min).....[20](0.6257333333333333 min).....[25](0.7548666666666667 min).....[30](0.9277333333333334 min).....[35](1.07125 min).....[40](1.2422333333333335 min).....[45](1.3451666666666666 min).....[50](1.5125166666666667 min).....[55](1.6189333333333333 min).....[60](1.7864833333333332 min).....[65](1.8982333333333334 min).....[70](2.0780833333333333 min).....[75](2.17915 min).....[80](2.3839333333333332 min).....[85](2.4877499999999997 min).....[90](2.660433333333333 min).....[95](2.7827333333333333 min).....[100](2.9401 min).....[105](3.04195 min).....[110](3.2017499999999997 min).....[115](3.3110666666666666 min).....[120](3.4844 min).....[125](3.592233333333333 min).....[130](3.7843333333333335 min).....[135](3.921866666666667 min).....[140](4.10675 min).....[145](4.233216666666666 min).....[150](4.398183333333334 min).....[155](4.5151 min).....[160](4.7194666666666665 min).....[165](4.838816666666667 min).....[170](5.026883333333333 min).....[175](5.159366666666667 min).....[180](5.346033333333334 min).....[185](5.476266666666667 min).....[190](5.7158 min).....[195](6.098616666666667 min)...
La población se encuentra en la 20 generación
Población:200
Evaluando población:200
[0](0.05081666666666666 min).....[5](0.1821 min).....[10](0.34678333333333333 min).....[15](0.45921666666666666 min).....[20](0.6175833333333334 min).....[25](0.7368833333333333 min).....[30](0.9068833333333333 min).....[35](1.0313666666666665 min).....[40](1.1925833333333336 min).....[45](1.3077166666666666 min).....[50](1.4950666666666665 min).....[55](1.61795 min).....[60](1.7906166666666665 min).....[65](1.8985833333333335 min).....[70](2.081166666666667 min).....[75](2.2159833333333334 min).....[80](2.3910666666666667 min).....[85](2.5065666666666666 min).....[90](2.670166666666667 min).....[95](2.7882666666666664 min).....[100](2.9494833333333332 min).....[105](3.0701666666666667 min).....[110](3.2487333333333335 min).....[115](3.3605666666666663 min).....[120](3.5479333333333334 min).....[125](3.6709 min).....[130](3.8438 min).....[135](3.9530666666666665 min).....[140](4.113 min).....[145](4.209266666666667 min).....[150](4.37985 min).....[155](4.4902500000000005 min).....[160](4.663283333333334 min).....[165](4.756366666666667 min).....[170](4.929616666666666 min).....[175](5.0409999999999995 min).....[180](5.212966666666667 min).....[185](5.325183333333333 min).....[190](5.512166666666667 min).....[195](5.620283333333333 min)...
