Probando consistencia del fitness
AvB
	0	1	1	3	4	5	6	7	8	9
0	false	false	true	false	true	false	true	true	true	true	
1	false	false	false	false	false	false	false	false	false	false	
2	true	false	false	false	false	true	true	true	true	false	
3	false	true	false	false	false	false	false	true	false	false	
4	false	false	false	false	true	false	false	true	true	true	
5	false	true	false	false	false	false	false	true	false	true	
6	false	false	true	false	true	false	false	false	true	false	
7	false	false	true	true	false	false	true	false	true	true	
8	true	true	false	false	true	false	true	true	false	false	
9	false	false	true	false	true	false	false	true	false	true	


----------------------------------------

BvB
	0	1	1	3	4	5	6	7	8	9
0	true	true	false	false	true	true	#false	false	true	false	
1	true	false	true	true	false	false	false	true	true	false	
2	false	false	false	true	true	true	false	true	true	false	
3	false	true	false	true	true	true	false	false	true	true	
4	false	false	true	false	true	false	true	true	true	true	
5	true	false	true	false	true	false	false	true	true	false	
6	false	false	false	true	true	false	true	false	true	true	
7	false	false	true	false	false	false	true	false	true	false	
8	false	true	false	false	true	true	false	true	true	false	
9	true	false	false	true	true	true	true	true	false	true	


----------------------------------------

1->m: .0#.....5.....10.....15.....20.....25.....30.....35.....40.....45.....50.....55.....60.....65.....70.....75.....80.....85.....90.....95....2->m: .0#.....5.....10.....15.....20.....25.....30.....35.....40.....45.....50.....55.....60.....65.....70.....75.....80.....85.....90.....95....3->m: .0#.....5.....10.....15.....20.....25.....30.....35.....40.....45.....50.....55.....60.....65.....70.....75.....80.....85.....90.....95....4->m: .0#.....5.....10.....15.....20.....25.....30.....35.....40.....45.....50.....55.....60.....65.....70.....75.....80.....85.....90.....95....5->m: .0#.....5.....10.....15.....20.....25.....30.....35.....40.....45.....50.....55.....60.....65.....70.....75.....80.....85.....90.....95....6->m: .0#.....5.....10.....15.....20.....25.....30.....35.....40.....45.....50.....55.....60.....65.....70.....75.....80.....85.....90.....95....7->m: .0#.....5.....10.....15.....20.....25.....30.....35.....40.....45.....50.....55.....60.....65.....70.....75.....80.....85.....90.....95....8->m: .0#.....5.....10.....15.....20.....25.....30.....35.....40.....45.....50.....55.....60.....65.....70.....75.....80.....85.....90.....95....9->m: .0#.....5.....10.....15.....20.....25.....30.....35.....40.....45.....50.....55.....60.....65.....70.....75.....80.....85.....90.....95....