Empezando algoritmo genético con los siguientes parámetros
==============================================================
Factor mutación: 0.02
Factor crossover: 0.6
Total generaciones: 20
Tamaño población: 200
Número individuos torneo: 2
Cantidad de individuos elitimo: 4
Utilizando 2 hebras simultaneas para evaluaciones.
Inicializando población
Evaluando población:200
[0](0.4205 min).....[5](1.00165 min).....[10](1.8828 min).....[15](2.55595 min).....[20](3.340333333333333 min).....[25](3.6683166666666667 min).....[30](4.914666666666666 min).....[35](5.189666666666667 min).....[40](5.951333333333333 min).....[45](6.3580000000000005 min).....[50](7.2475000000000005 min).....[55](7.600416666666666 min).....[60](8.164933333333334 min).....[65](8.604633333333334 min).....[70](9.5205 min).....[75](10.079466666666667 min).....[80](11.1661 min).....[85](11.483133333333335 min).....[90](12.16455 min).....[95](12.827850000000002 min).....[100](13.99405 min).....[105](14.702433333333333 min).....[110](15.564283333333332 min).....[115](16.5852 min).....[120](18.201966666666667 min).....[125](18.856233333333332 min).....[130](19.524633333333334 min).....[135](20.0666 min).....[140](20.55411666666667 min).....[145](21.0684 min).....[150](21.8684 min).....[155](22.615633333333335 min).....[160](23.15968333333333 min)...Algo está fallando :( Cromosomas:0.3600936817590148,0.6284720968743726,0.8602649364835139,0.9647340479985215,0.8102766175812328,0.5739280178934464,0.6933787731210905,0.8991647437765536, - Turnos:1 ¿Gana?:false
..[165](23.401733333333333 min).....[170](24.27075 min).....[175](24.89816666666667 min).....[180](26.229016666666666 min).....[185](26.5643 min).....[190](27.179216666666665 min).....[195](27.625733333333336 min)...
 Ajustando población
Almacenando información sobre individuos
La población se encuentra en la 1 generación
Población:200
Evaluando población:200
[0](0.10341666666666667 min).....[5](0.3412 min).....[10](1.0229000000000001 min).....[15](1.3608166666666668 min).....[20](1.8403166666666666 min).....[25](2.1436 min).....[30](2.5930666666666666 min).....[35](2.9294333333333333 min).....[40](3.4266333333333336 min).....[45](3.8160000000000003 min).....[50](4.28765 min).....[55](4.584216666666666 min).....[60](5.0858333333333325 min).....[65](5.790116666666666 min).Algo está fallando :( Cromosomas:0.23768996989969848,0.8160167272887825,0.15573947567034718,0.6677545252204248,0.2435357817724747,0.24441535222900346,0.2893292798261178,0.45758821216964496, - Turnos:1 ¿Gana?:true
....[70](6.3282 min).....[75](6.746283333333333 min).....[80](7.511383333333333 min).....[85](7.84865 min).....[90](8.383583333333332 min).....[95](8.944116666666668 min).....[100](9.891933333333332 min).....[105](10.262616666666666 min).....[110](10.74695 min).....[115](11.13555 min).....[120](11.735666666666667 min).....[125](12.133933333333333 min).....[130](12.984683333333333 min).....[135](13.68435 min).....[140](14.8181 min).....[145](15.437566666666667 min).....[150](16.22165 min).....[155](17.31165 min).....[160](18.45488333333333 min).....[165](19.1328 min).....[170](20.0029 min).....[175](20.911083333333334 min).....[180](21.6571 min).....[185](21.987616666666668 min).....[190](22.772716666666668 min).....[195](23.3075 min)...
La población se encuentra en la 2 generación
Población:200
Evaluando población:200
[0](0.15646666666666667 min).....[5](0.5036166666666666 min).....[10](0.8853666666666666 min).....[15](1.1399833333333333 min).....[20](1.8955 min).....[25](2.3263833333333332 min).....[30](2.9563333333333333 min).....[35](3.366416666666667 min).....[40](3.89745 min).....[45](4.380633333333334 min).....[50](5.00465 min).....[55](5.365983333333333 min).....[60](5.939683333333333 min).....[65](6.332716666666667 min).....[70](7.025633333333333 min).....[75](7.4232 min).....[80](7.96875 min).....[85](8.302 min).....[90](8.910366666666667 min).....[95](9.237066666666667 min).....[100](9.773416666666666 min).....[105](10.088916666666668 min).....[110](11.083083333333333 min).....[115](11.650366666666667 min).....[120](12.300433333333332 min).....[125](12.898833333333332 min).....[130](13.456466666666667 min).....[135](13.93055 min).....[140](14.471666666666666 min).....[145](14.8915 min).....[150](15.80355 min).....[155](16.842200000000002 min).....[160](17.79576666666667 min).....[165](18.224216666666667 min).....[170](19.151283333333332 min).....[175](19.786333333333335 min).....[180](20.895633333333333 min).....[185](21.61863333333333 min).....[190](22.2765 min).....[195](23.055883333333334 min)...
La población se encuentra en la 3 generación
Población:200
Evaluando población:200
[0](0.14391666666666666 min).....[5](0.4377333333333333 min).....[10](1.1034333333333335 min).....[15](1.3473666666666666 min).....[20](1.75225 min).....[25](2.04085 min).....[30](2.5986666666666665 min).....[35](2.8994500000000003 min).....[40](3.3657833333333333 min).....[45](3.6915833333333334 min).....[50](4.3670833333333325 min).....[55](4.8674333333333335 min).....[60](5.418983333333333 min).....[65](5.76275 min).....[70](6.236133333333333 min).....[75](6.714533333333334 min).....[80](7.481883333333333 min).....[85](7.802416666666667 min).....[90](8.438799999999999 min).....[95](8.876233333333333 min).....[100](9.406983333333333 min).....[105](9.744466666666666 min).....[110](10.3726 min).....[115](10.721583333333333 min).....[120](11.187000000000001 min).....[125](11.509316666666667 min).....[130](12.1266 min).....[135](12.598733333333334 min).....[140](13.567333333333332 min).....[145](14.217733333333333 min).....[150](15.521616666666667 min).....[155](16.192433333333334 min).....[160](17.02788333333333 min).....[165](17.590449999999997 min).....[170](18.736916666666666 min).....[175](19.583816666666667 min).....[180](20.52705 min).....[185](21.314733333333333 min).....[190](22.651666666666664 min).....[195](23.347533333333335 min)...
La población se encuentra en la 4 generación
Población:200
Evaluando población:200
[0](0.1332 min).....[5](0.43045000000000005 min).....[10](0.8602333333333333 min).....[15](1.1711166666666666 min).....[20](1.64885 min).....[25](1.9440166666666667 min).....[30](2.270233333333333 min).....[35](2.4875333333333334 min).....[40](2.8630333333333335 min).....[45](3.1385333333333336 min).....[50](3.5495666666666663 min).....[55](3.8216666666666668 min).....[60](4.294683333333333 min).....[65](4.7033 min).....[70](5.246716666666667 min).....[75](5.646333333333333 min).....[80](6.389966666666667 min).....[85](6.786883333333334 min).....[90](7.542583333333334 min).....[95](7.839716666666666 min).....[100](8.340816666666667 min).....[105](8.856733333333333 min).....[110](9.388866666666667 min).....[115](9.76555 min).....[120](10.334833333333334 min).....[125](10.719983333333333 min).....[130](11.63765 min).....[135](12.227816666666666 min).....[140](12.97155 min).....[145](13.473616666666667 min).....[150](14.093533333333333 min).....[155](14.439383333333334 min).....[160](15.307783333333333 min).....[165](15.846783333333333 min).....[170](16.691866666666666 min).....[175](17.33035 min).....[180](17.933083333333332 min).....[185](18.89385 min).....[190](20.101999999999997 min).....[195](21.236416666666667 min)...
La población se encuentra en la 5 generación
Población:200
Evaluando población:200
[0](0.1359 min).....[5](0.4109666666666667 min).....[10](0.7732333333333333 min).....[15](1.0832666666666666 min).....[20](1.50945 min).....[25](1.8417666666666668 min).....[30](2.3254 min).....[35](2.6369666666666665 min).....[40](3.0918666666666668 min).....[45](3.39395 min).....[50](3.8795833333333336 min).....[55](4.148866666666667 min).....[60](4.577666666666667 min).....[65](4.7915 min).....[70](5.190166666666667 min).....[75](5.514983333333333 min).....[80](5.985650000000001 min).....[85](6.268516666666667 min).....[90](6.786083333333334 min).....[95](7.191683333333333 min).....[100](7.742900000000001 min).....[105](8.173933333333332 min).....[110](8.685433333333332 min).....[115](9.0437 min).....[120](9.632683333333334 min).....[125](10.00095 min).....[130](10.770116666666667 min).....[135](11.300766666666668 min).....[140](11.752233333333333 min).....[145](12.232783333333334 min).....[150](12.964683333333333 min).....[155](13.329316666666667 min).....[160](14.0215 min).....[165](14.681433333333333 min).....[170](15.984766666666667 min).....[175](16.903933333333335 min).....[180](18.297716666666666 min).....[185](19.208833333333335 min).....[190](20.568533333333335 min).....[195](21.087966666666667 min)...
La población se encuentra en la 6 generación
Población:200
Evaluando población:200
[0](0.10853333333333333 min).....[5](0.3264666666666667 min).....[10](0.7137333333333333 min).....[15](0.95245 min).....[20](1.3578333333333332 min).....[25](1.6379666666666668 min).....[30](2.0370833333333334 min).....[35](2.3462666666666667 min).....[40](2.785433333333333 min).....[45](3.28175 min).....[50](3.755666666666667 min)..Algo está fallando :( Cromosomas:0.47724487560072393,0.3975649561783142,0.26500153883722116,0.3966925808849252,0.4385780730855544,0.8865609194496806,0.3939767822375887,0.04080601754900267, - Turnos:1 ¿Gana?:true
...[55](3.9969166666666665 min).....[60](4.780550000000001 min).....[65](5.238716666666666 min).....[70](5.78505 min).....[75](6.152633333333333 min).....[80](6.645216666666667 min).....[85](7.021133333333333 min).....[90](7.58995 min).....[95](7.958600000000001 min).....[100](8.644916666666667 min).....[105](9.060266666666667 min).....[110](9.641716666666667 min).....[115](9.983816666666666 min).....[120](10.535116666666665 min).....[125](11.044316666666667 min).....[130](11.5783 min).....[135](11.911466666666666 min).....[140](12.445066666666666 min).....[145](13.066483333333334 min).....[150](13.60685 min).....[155](14.115133333333334 min).Algo está fallando :( Cromosomas:0.47688182454285233,0.8513384164374471,0.02870117512493741,0.1768253753134881,0.4024449566027428,0.40459390248065663,0.40947027971702765,0.26211894300003874, - Turnos:1 ¿Gana?:false
....[160](14.8459 min).....[165](15.350766666666667 min).....[170](16.241466666666668 min).....[175](17.052533333333333 min).....[180](17.945983333333334 min).....[185](18.291966666666667 min).....[190](19.691399999999998 min).....[195](20.399333333333335 min)...
La población se encuentra en la 7 generación
Población:200
Evaluando población:200
[0](0.11551666666666667 min).....[5](0.39280000000000004 min).....[10](0.84285 min).....[15](1.0985 min).....[20](1.52925 min).....[25](1.8154666666666666 min).....[30](2.2542 min).....[35](2.51615 min).....[40](2.9741666666666666 min).....[45](3.310783333333333 min).....[50](3.7311666666666667 min).....[55](4.027966666666667 min).....[60](4.439433333333333 min).....[65](4.764333333333334 min).....[70](5.188233333333333 min).....[75](5.449633333333334 min).....[80](5.870083333333333 min).....[85](6.134516666666667 min).....[90](6.491716666666666 min).....[95](6.782883333333333 min).....[100](7.277166666666667 min).....[105](7.563883333333334 min).....[110](8.004683333333334 min).....[115](8.3684 min).....[120](8.808583333333333 min).....[125](9.103483333333333 min).....[130](9.6222 min).....[135](10.002033333333333 min).....[140](10.791833333333333 min).....[145](11.099816666666667 min).....[150](11.688316666666667 min).....[155](12.02925 min).....[160](12.841833333333334 min).....Algo está fallando :( Cromosomas:0.7627005781270451,0.5305227344619216,0.5204449431508641,0.7220082751181595,0.8060009324804758,0.20078094376046296,0.6521072261077732,0.45331169741909483, - Turnos:1 ¿Gana?:true
[165](13.137083333333333 min).....[170](14.05555 min).....[175](14.7073 min).....[180](15.838733333333332 min).....[185](16.775683333333333 min).....[190](18.05595 min).....[195](19.0965 min)...
La población se encuentra en la 8 generación
Población:200
Evaluando población:200
[0](0.28791666666666665 min).....[5](0.4907666666666667 min).....[10](0.8541833333333333 min).....[15](1.0822666666666667 min).....[20](1.4496499999999999 min).....[25](1.7084333333333332 min).....[30](2.1525499999999997 min).....[35](2.451 min).....[40](2.8764166666666666 min).....[45](3.1305666666666667 min).....[50](3.5225500000000003 min).....[55](3.804333333333333 min).....[60](4.2085333333333335 min).....[65](4.506983333333333 min).....[70](4.97255 min).....[75](5.2633 min).....[80](5.6788 min).....[85](5.992883333333333 min).....[90](6.682166666666666 min).....[95](7.056183333333333 min).....[100](7.6185 min).....[105](7.910733333333334 min).....[110](8.385466666666666 min).....[115](8.77005 min).....[120](9.526166666666667 min).....[125](9.856133333333334 min).....[130](10.353 min).....[135](10.677783333333334 min).....[140](11.108916666666666 min).....[145](11.465116666666667 min).....[150](11.940566666666665 min).....[155](12.273766666666667 min).....[160](12.936399999999999 min).....[165](13.487983333333334 min).....[170](14.446316666666666 min).....[175](14.798216666666667 min).....[180](15.8978 min).....[185](16.583466666666666 min).....[190](17.822566666666667 min).....[195](18.51921666666667 min)...
La población se encuentra en la 9 generación
Población:200
Evaluando población:200
[0](0.10908333333333334 min).....[5](0.3333833333333333 min).....[10](0.7598 min).....[15](1.0369 min).....[20](1.4540666666666666 min).....[25](1.7453333333333334 min).....[30](2.1427166666666664 min).....[35](2.4147666666666665 min).....[40](2.8541666666666665 min).....[45](3.1103 min).....[50](3.55245 min).....[55](3.8047 min).....[60](4.23535 min).....[65](4.540583333333333 min).....[70](5.027033333333334 min).....[75](5.3097666666666665 min).....[80](5.709066666666667 min).....[85](6.018266666666666 min).....[90](6.461516666666666 min).....[95](6.745783333333334 min).....[100](7.169666666666667 min).....[105](7.426583333333334 min).....[110](7.82485 min).....[115](8.107683333333334 min).....[120](8.553133333333333 min).....[125](8.840666666666667 min).....[130](9.34575 min).....[135](9.633833333333333 min).....[140](10.065766666666667 min).....[145](10.392033333333334 min).....[150](10.844083333333334 min).....[155](11.135683333333333 min).....[160](11.65705 min).....[165](12.2116 min).....[170](12.860883333333334 min).....[175](13.363966666666666 min).....[180](14.14425 min).....[185](14.9648 min).....[190](16.242416666666667 min).....[195](16.919733333333333 min)...
La población se encuentra en la 10 generación
Población:200
Evaluando población:200
[0](0.11626666666666667 min).....[5](0.36141666666666666 min).....[10](0.7865833333333333 min).....[15](1.0401166666666666 min).....[20](1.4642166666666665 min).....[25](1.7162333333333335 min).....[30](2.0927 min).....[35](2.3721 min).....[40](2.796133333333333 min).....[45](3.04465 min).....[50](3.4527666666666668 min).....[55](3.67915 min).....[60](4.035316666666667 min).....[65](4.282866666666666 min).....[70](4.649383333333334 min).....Algo está fallando :( Cromosomas:0.2597555940524391,0.006148065925847934,0.5090854956431438,0.6049379794983737,0.6976404773216431,0.40619716406435225,0.5749868214029362,0.5020164909873469, - Turnos:1 ¿Gana?:true
[75](4.8601833333333335 min).....[80](5.188416666666667 min).....[85](5.4425333333333334 min).....[90](5.8806 min).....[95](6.221216666666667 min).....[100](6.666766666666666 min).....[105](6.952766666666666 min).....[110](7.3356 min)...Algo está fallando :( Cromosomas:0.3794330142546485,0.6207833623691739,0.8694341905786663,0.2002325492253748,0.734657141334097,0.4513624206403933,0.7174909242934132,0.8678946041155373, - Turnos:1 ¿Gana?:true
..[115](7.571216666666667 min).....[120](8.000683333333333 min).....[125](8.3183 min).....[130](8.769533333333333 min).....[135](9.081233333333333 min).....[140](9.556883333333333 min).....[145](9.845333333333334 min).....[150](10.458183333333332 min).....[155](10.771916666666668 min).....[160](11.250633333333333 min).....[165](11.5609 min).....[170](12.012016666666666 min).....[175](12.348116666666666 min).....[180](13.032316666666667 min).....[185](13.558183333333334 min).....[190](14.74855 min).....[195](15.3101 min)...
La población se encuentra en la 11 generación
Población:200
Evaluando población:200
[0](0.24173333333333333 min).....[5](0.5867 min).....[10](0.9482 min).....[15](1.2132833333333333 min).....[20](1.5886 min).....[25](1.8580333333333334 min).....[30](2.298983333333333 min).....[35](2.5465999999999998 min).....[40](2.9227166666666666 min).....[45](3.2050166666666664 min).....[50](3.6213166666666665 min).....[55](3.9105333333333334 min).....[60](4.29615 min).....[65](4.575816666666666 min).....[70](4.946166666666667 min).....[75](5.2556666666666665 min).....[80](5.741533333333334 min).....[85](6.052233333333334 min).....[90](6.479033333333334 min).....[95](6.757816666666667 min).....[100](7.158166666666667 min).....[105](7.4780999999999995 min).....[110](7.850116666666667 min).....[115](8.128416666666666 min).....[120](8.55385 min).....[125](8.869716666666667 min).....[130](9.303650000000001 min).....[135](9.626733333333334 min).....[140](10.07235 min).....[145](10.356183333333332 min).....[150](10.801366666666667 min).....[155](11.045166666666667 min).....[160](11.440116666666666 min).....[165](11.768400000000002 min).....[170](12.194600000000001 min).....[175](12.5722 min).....[180](12.964816666666668 min).....[185](13.262716666666668 min).....[190](13.782316666666667 min).....[195](14.600066666666667 min)...
La población se encuentra en la 12 generación
Población:200
Evaluando población:200
[0](0.08931666666666667 min).....[5](0.2805666666666667 min).....[10](0.6281833333333334 min).....[15](0.8463333333333334 min).....[20](1.18645 min).....[25](1.4804166666666667 min).....[30](1.9044833333333335 min).....[35](2.1774666666666667 min).....[40](2.538483333333333 min).....[45](2.7607333333333335 min).....[50](3.1707166666666664 min).....[55](3.4687333333333332 min).....[60](3.8758166666666667 min).....[65](4.17525 min).....[70](4.564066666666666 min).....[75](4.832533333333333 min).....[80](5.249433333333333 min).....[85](5.53265 min).....[90](5.967433333333333 min).....[95](6.295599999999999 min).....[100](6.722733333333333 min).....[105](6.991766666666666 min).....[110](7.49595 min).....[115](7.7860000000000005 min).....[120](8.198083333333333 min).....[125](8.4597 min).....[130](8.849433333333334 min).....[135](9.117916666666668 min).....[140](9.61965 min).....[145](9.889266666666666 min).....[150](10.334100000000001 min).....[155](10.656183333333333 min).....[160](11.07395 min).....[165](11.321666666666665 min).....[170](11.682816666666668 min).....[175](11.964016666666668 min).....[180](12.345333333333334 min).....[185](12.643833333333333 min).....[190](13.061133333333334 min).....[195](13.3532 min)...
La población se encuentra en la 13 generación
Población:200
Evaluando población:200
[0](0.11565 min).....[5](0.3264166666666667 min).....[10](0.6503833333333334 min).....[15](0.9184833333333333 min).....[20](1.2695833333333333 min).....[25](1.5049333333333335 min).....[30](1.8988166666666666 min).....[35](2.1380666666666666 min).....[40](2.4826833333333336 min).....[45](2.7232833333333333 min).....[50](3.044433333333333 min).....[55](3.2904666666666667 min).....[60](3.6763333333333335 min).....[65](3.9367666666666663 min).....[70](4.302983333333333 min).....[75](4.553683333333334 min).....[80](4.944633333333333 min).....[85](5.204533333333333 min).....[90](5.61985 min).....[95](5.928466666666667 min).....[100](6.370783333333334 min).....[105](6.63625 min).....[110](7.0385333333333335 min).....[115](7.320133333333334 min).....[120](7.780483333333334 min).....[125](8.081583333333333 min).....[130](8.572316666666667 min).....[135](8.865383333333334 min).....[140](9.283566666666667 min).....[145](9.608616666666668 min).....[150](9.9826 min).....[155](10.250816666666667 min).....[160](10.788483333333334 min).....[165](11.059916666666668 min).....[170](11.528383333333332 min).....[175](11.853016666666667 min).....[180](12.283133333333334 min).....[185](12.567116666666667 min).....[190](13.019266666666665 min).....[195](13.323666666666666 min)...
La población se encuentra en la 14 generación
Población:200
Evaluando población:200
[0](0.12245 min).....[5](0.37345 min).....[10](0.7601 min).....[15](1.0064833333333334 min).....[20](1.3665999999999998 min).....[25](1.6278666666666666 min).....[30](2.0607166666666665 min).....[35](2.297633333333333 min).....[40](2.69305 min).....[45](2.9533833333333335 min).....[50](3.3564 min).....[55](3.609933333333333 min).....[60](4.004866666666667 min).....[65](4.25155 min).....[70](4.658283333333333 min).....[75](4.916716666666667 min).....[80](5.334383333333333 min).....[85](5.613783333333333 min).....[90](6.009133333333334 min).....[95](6.246283333333333 min).....[100](6.667183333333333 min).....[105](6.914233333333333 min).....[110](7.3272 min).....[115](7.592833333333333 min).....[120](7.998966666666666 min).....[125](8.27605 min).....[130](8.679499999999999 min).....[135](8.958516666666666 min).....[140](9.37035 min).....[145](9.633366666666666 min).....[150](10.12515 min).....[155](10.434616666666667 min).....[160](10.905750000000001 min).....[165](11.2122 min).....[170](11.643483333333334 min).....[175](11.873266666666666 min).....[180](12.268266666666667 min).....[185](12.552766666666667 min).....[190](12.985366666666666 min).....[195](13.252433333333332 min)...
La población se encuentra en la 15 generación
Población:200
Evaluando población:200
[0](0.08686666666666666 min).....[5](0.32235 min).....[10](0.6736833333333333 min).....[15](0.9183333333333333 min).....[20](1.2803166666666668 min).....[25](1.5337666666666665 min).....[30](1.9632 min).....[35](2.2386166666666667 min).....[40](2.60955 min).....[45](2.86585 min).....[50](3.26545 min).....[55](3.5473166666666667 min).....[60](3.9252333333333334 min).....[65](4.21855 min).....[70](4.6132 min).....[75](4.842716666666666 min).....[80](5.260033333333333 min).....[85](5.529683333333334 min).....[90](5.9199 min).....[95](6.1457500000000005 min).....[100](6.536883333333334 min).....[105](6.814166666666667 min).....[110](7.1965 min).....[115](7.442266666666667 min).....[120](7.812133333333334 min).....[125](8.046266666666666 min).....[130](8.452216666666667 min).....[135](8.708616666666668 min).....[140](9.049583333333334 min).....[145](9.345866666666666 min).....[150](9.782483333333333 min).....[155](10.026183333333334 min).....[160](10.407866666666667 min).....[165](10.671333333333333 min).....[170](11.090816666666665 min).....[175](11.39085 min).....[180](11.79415 min).....[185](12.102599999999999 min).....[190](12.518716666666668 min).....[195](12.785933333333332 min)...
La población se encuentra en la 16 generación
Población:200
Evaluando población:200
[0](0.10588333333333333 min).....[5](0.35858333333333337 min).....[10](0.7732166666666667 min).....[15](1.01665 min).....[20](1.4018166666666665 min).....[25](1.6919499999999998 min).....[30](2.0854666666666666 min).....[35](2.3042166666666666 min).....[40](2.6659333333333333 min).....[45](2.9353833333333332 min).....[50](3.2812666666666668 min).....[55](3.5283333333333333 min).....[60](3.884916666666667 min).....[65](4.139733333333333 min).....[70](4.50345 min).....[75](4.805233333333334 min).....[80](5.227633333333333 min).....[85](5.517016666666667 min).....[90](5.881483333333334 min).....[95](6.135583333333333 min).....[100](6.528666666666667 min).....[105](6.771483333333333 min)..Algo está fallando :( Cromosomas:0.37785841499876055,0.16085636222377703,0.6594010738245445,0.5137910624978166,0.6772167509682395,0.5032913850293903,0.6410502346746404,0.6074092447239212, - Turnos:1 ¿Gana?:false
...[110](7.09205 min).....[115](7.378616666666667 min).....[120](7.7915833333333335 min).....[125](8.084416666666666 min).....[130](8.455783333333333 min).....[135](8.743033333333333 min).....[140](9.162749999999999 min).....[145](9.439483333333333 min).....[150](9.883199999999999 min).....[155](10.151666666666667 min).....[160](10.535616666666666 min).....[165](10.794066666666668 min).....[170](11.22815 min).....[175](11.502583333333332 min).....[180](11.964183333333333 min).....[185](12.2599 min).....[190](12.648966666666666 min).....[195](12.930666666666667 min)...
La población se encuentra en la 17 generación
Población:200
Evaluando población:200
[0](0.11826666666666667 min).....[5](0.35665 min).....[10](0.6890000000000001 min).....[15](0.9321 min).....[20](1.2835 min).....[25](1.5170166666666667 min).....[30](1.8962666666666665 min).....[35](2.1334999999999997 min).....[40](2.5329833333333336 min).....[45](2.7948999999999997 min).....[50](3.16915 min).....[55](3.452916666666667 min).....[60](3.8559166666666664 min).....[65](4.1238 min).....[70](4.516583333333333 min).....[75](4.76635 min).....[80](5.1598500000000005 min).....[85](5.4328 min).....[90](5.8633 min).....[95](6.138833333333333 min).....[100](6.5314000000000005 min).....[105](6.815333333333333 min).....[110](7.255933333333333 min).....[115](7.493666666666667 min).....[120](7.899283333333333 min).....[125](8.196966666666667 min).....[130](8.617366666666667 min).....[135](8.870133333333333 min).....[140](9.351116666666666 min).....[145](9.629133333333334 min).....[150](10.054916666666665 min).....[155](10.3559 min).....[160](10.784216666666667 min).....[165](11.046716666666667 min).....[170](11.433666666666666 min).....[175](11.731233333333334 min).....[180](12.165083333333333 min)....Algo está fallando :( Cromosomas:0.1677157803186473,0.20564277535893732,0.8854061335158727,0.5331365503012575,0.08647316899585997,0.4893269393848785,0.43668071820738563,0.3135050242779716, - Turnos:1 ¿Gana?:true
.[185](12.424616666666667 min).....[190](12.894433333333334 min).....[195](13.182216666666667 min)...
La población se encuentra en la 18 generación
Población:200
Evaluando población:200
[0](0.14945 min).....[5](0.38755 min).....[10](0.8089166666666666 min).....[15](1.0506833333333332 min).....[20](1.3994166666666668 min).....[25](1.6526666666666665 min).....[30](2.0238333333333336 min).....[35](2.2767666666666666 min).....[40](2.6757666666666666 min).....[45](2.9207166666666664 min).....[50](3.32935 min).....[55](3.587616666666667 min).....[60](4.0154499999999995 min).....[65](4.274249999999999 min).....[70](4.658716666666667 min).....[75](4.9159 min).....[80](5.32285 min).....[85](5.603750000000001 min).....[90](6.046533333333333 min).....[95](6.32525 min).....[100](6.736366666666667 min).....[105](6.992850000000001 min).....[110](7.383 min).....[115](7.6457999999999995 min).....[120](8.026266666666666 min).....[125](8.286766666666667 min).....[130](8.662333333333333 min).....[135](8.90505 min).....[140](9.2939 min).....[145](9.561399999999999 min).....[150](9.98495 min).....[155](10.290783333333334 min).....[160](10.671916666666668 min).....[165](10.97895 min).....[170](11.370216666666666 min).....[175](11.650116666666666 min).....[180](12.06725 min).....[185](12.331216666666668 min).....[190](12.721716666666667 min).....[195](13.002283333333333 min)...
La población se encuentra en la 19 generación
Población:200
Evaluando población:200
[0](0.13470000000000001 min).....[5](0.39563333333333334 min).....[10](0.7733000000000001 min).....[15](1.0233833333333333 min).....[20](1.4195 min).....[25](1.6714833333333334 min).....[30](2.0582000000000003 min).....[35](2.307733333333333 min).....[40](2.666516666666667 min).....[45](2.9198666666666666 min).....[50](3.2681666666666667 min).....[55](3.5249 min).....[60](3.8819999999999997 min).....[65](4.1295 min).....[70](4.480133333333333 min).....[75](4.733116666666667 min).....[80](5.083183333333333 min).....[85](5.321766666666666 min).....[90](5.7158500000000005 min).....[95](5.95225 min).....[100](6.337066666666667 min).....[105](6.585633333333333 min).....[110](6.948300000000001 min).....[115](7.2302 min).....[120](7.6234 min).....[125](7.90165 min).....[130](8.277416666666666 min).....[135](8.541116666666666 min).....[140](8.929033333333333 min).....[145](9.203683333333334 min).....[150](9.569783333333334 min).....[155](9.815466666666667 min).....[160](10.216916666666666 min).....[165](10.51945 min).....[170](10.89325 min).....[175](11.163633333333333 min).....[180](11.583916666666665 min).....[185](11.85405 min).....[190](12.263433333333333 min).....[195](12.553949999999999 min)...
La población se encuentra en la 20 generación
Población:200
Evaluando población:200
[0](0.12476666666666666 min).....[5](0.36523333333333335 min).....[10](0.7364833333333334 min).....[15](0.9810333333333333 min).....[20](1.3542833333333335 min).....[25](1.5817 min).....[30](1.9428333333333332 min).....[35](2.1778833333333334 min).....[40](2.521983333333333 min).....[45](2.7686166666666665 min).....[50](3.1600333333333332 min).....[55](3.4009833333333335 min).....[60](3.740866666666667 min).....[65](3.999016666666667 min).....[70](4.333983333333333 min).....[75](4.57105 min).....[80](4.943966666666666 min).....[85](5.182183333333333 min).....[90](5.510000000000001 min).....[95](5.784416666666667 min).....[100](6.13755 min).....[105](6.383133333333333 min).....[110](6.741833333333333 min).....[115](7.019066666666666 min).....[120](7.40185 min).....[125](7.656783333333333 min).....[130](8.037216666666668 min).....[135](8.2839 min).....[140](8.680433333333333 min).....[145](8.973266666666666 min).....[150](9.383466666666667 min).....[155](9.665249999999999 min).....[160](10.079166666666667 min).....[165](10.351650000000001 min).....[170](10.725066666666667 min).....[175](10.974383333333332 min).....[180](11.368716666666668 min).....[185](11.650466666666667 min).....[190](12.031066666666668 min).....[195](12.295433333333333 min)...
