Empezando algoritmo genético con los siguientes parámetros
==============================================================
Factor mutación: 0.02
Factor crossover: 0.6
Total generaciones: 20
Tamaño población: 200
Número individuos torneo: 2
Cantidad de individuos elitimo: 4
Utilizando 2 hebras simultaneas para evaluaciones.
Inicializando población
Evaluando población:200
[0](0.03373333333333333 min).....[5](0.22886666666666666 min).....[10](0.56265 min).....[15](0.7408333333333333 min).....[20](0.9803 min).....[25](1.4017166666666665 min).....[30](1.8633 min).....[35](1.9440166666666667 min).....[40](2.524083333333333 min).....[45](2.8512833333333334 min).....[50](3.414016666666667 min).....[55](3.7634166666666666 min).....[60](4.3127 min).....[65](4.677449999999999 min).....[70](5.130083333333333 min).....[75](5.3613 min).....[80](5.6149000000000004 min).....[85](5.803083333333333 min).....[90](6.505983333333333 min).....[95](6.637533333333334 min).....[100](7.07525 min).....[105](7.329883333333333 min).....[110](7.803016666666666 min).....[115](7.9787333333333335 min).....[120](8.386050000000001 min).....[125](8.637300000000002 min).....[130](9.1246 min).....[135](9.334283333333333 min).....[140](9.670966666666667 min).....[145](9.831116666666667 min).....[150](10.118266666666667 min).....[155](10.256599999999999 min).....[160](10.842966666666666 min).....[165](11.034916666666668 min).....[170](11.471133333333334 min).....[175](11.782833333333334 min).....[180](12.06755 min).....[185](12.519866666666667 min).....[190](12.84825 min).....[195](13.319983333333333 min)...
 Ajustando población
Almacenando información sobre individuos
La población se encuentra en la 1 generación
Población:200
Evaluando población:200
[0](0.053533333333333336 min).....[5](0.16886666666666666 min).....[10](0.3516666666666667 min).....[15](0.4959166666666667 min).....[20](0.7094666666666666 min).....[25](0.8908833333333334 min).....[30](1.1205666666666665 min).....[35](1.2648833333333334 min).....[40](1.52585 min).....[45](1.7179499999999999 min).....[50](2.0109166666666667 min).....[55](2.195 min).....[60](2.4227 min).....[65](2.587483333333333 min).....[70](2.8302666666666667 min).....[75](2.977516666666667 min).....[80](3.2405666666666666 min).....[85](3.4055166666666663 min).....[90](3.6885666666666665 min).....[95](3.8903166666666666 min).....[100](4.126516666666666 min).....[105](4.33585 min).....[110](4.620016666666667 min).....[115](4.787733333333334 min).....[120](5.150316666666667 min).....[125](5.304616666666666 min).....[130](5.607116666666667 min).....[135](5.821833333333333 min).....[140](6.108433333333333 min).....[145](6.307033333333334 min).....[150](6.6563 min).....[155](7.129933333333333 min).....[160](7.3145999999999995 min).....[165](7.566866666666667 min).....[170](8.076416666666667 min).....[175](8.463566666666667 min).....[180](8.809533333333333 min).....[185](9.126033333333334 min).....[190](9.324166666666667 min).....[195](9.431516666666665 min)...
La población se encuentra en la 2 generación
Población:200
Evaluando población:200
[0](0.06866666666666667 min).....[5](0.18368333333333334 min).....[10](0.40380000000000005 min).....[15](0.5848 min).....[20](0.8194833333333332 min).....[25](0.9570166666666666 min).....[30](1.2085666666666666 min).....[35](1.3395166666666667 min).....[40](1.53535 min).....[45](1.7243666666666668 min).....[50](1.9536 min).....[55](2.15845 min).....[60](2.52165 min).....[65](2.771866666666667 min).....[70](3.002483333333333 min).....[75](3.22315 min).....[80](3.4517 min).....[85](3.6135 min).....[90](3.932366666666667 min).....[95](4.143833333333333 min).....[100](4.4029 min).....[105](4.570116666666666 min).....[110](4.792183333333333 min).....[115](4.99495 min).....[120](5.267566666666666 min).....[125](5.408816666666667 min).....[130](5.628316666666667 min).....[135](5.864 min).....[140](6.101083333333333 min).....[145](6.2552 min).....[150](6.526866666666667 min).....[155](6.7779 min).....[160](7.2531 min).....[165](7.64785 min).....[170](7.9881 min).....[175](8.250366666666666 min).....[180](8.466883333333334 min).....[185](8.709366666666666 min).....[190](9.140266666666667 min).....[195](9.5352 min)...
La población se encuentra en la 3 generación
Población:200
Evaluando población:200
[0](0.0508 min).....[5](0.20381666666666665 min).....[10](0.37985 min).....[15](0.6885666666666667 min).....[20](1.0941333333333332 min).....[25](1.2674333333333334 min).....[30](1.5241 min).....[35](1.7441833333333332 min).....[40](2.0622166666666666 min).....[45](2.2051666666666665 min).....[50](2.49365 min).....[55](2.66935 min).....[60](2.96765 min).....[65](3.1925833333333333 min).....[70](3.4425000000000003 min).....[75](3.6563833333333333 min).....[80](4.064 min).....[85](4.214133333333334 min).....[90](4.422316666666666 min).....[95](4.618116666666666 min).....[100](4.88375 min).....[105](5.0616 min).....[110](5.296883333333333 min).....[115](5.4520333333333335 min).....[120](5.700133333333333 min).....[125](5.919483333333333 min).....[130](6.20575 min).....[135](6.428183333333333 min).....[140](6.71795 min).....[145](6.949733333333333 min).....[150](7.295966666666667 min).....[155](7.534366666666667 min).....[160](7.806516666666667 min).....[165](8.06255 min).....[170](8.413533333333334 min).....[175](8.621216666666667 min).....[180](9.125083333333333 min).....[185](9.315283333333333 min).....[190](9.805650000000002 min).....[195](10.043033333333334 min)...
La población se encuentra en la 4 generación
Población:200
Evaluando población:200
[0](0.039466666666666664 min).....[5](0.16328333333333334 min).....[10](0.38005 min).....[15](0.5687833333333334 min).....[20](0.7974 min).....[25](0.9345666666666667 min).....[30](1.1439166666666667 min).....[35](1.3007333333333333 min).....[40](1.5253166666666667 min).....[45](1.68725 min).....[50](1.9627000000000001 min).....[55](2.1247833333333332 min).....[60](2.360383333333333 min).....[65](2.5056833333333333 min).....[70](2.726716666666667 min).....[75](2.8683 min).....[80](3.136683333333333 min).....[85](3.3130666666666664 min).....[90](3.6094999999999997 min).....[95](3.7948333333333335 min).....[100](4.08575 min).....[105](4.286233333333333 min).....[110](4.54465 min).....[115](4.720416666666667 min).....[120](4.981383333333333 min).....[125](5.141866666666667 min).....[130](5.491566666666667 min).....[135](5.665616666666667 min).....[140](5.980183333333333 min).....[145](6.167933333333334 min).....[150](6.413683333333334 min).....[155](6.634266666666666 min).....[160](6.8843499999999995 min).....[165](7.03885 min).....[170](7.3157000000000005 min).....[175](7.4727500000000004 min).....[180](7.733416666666667 min).....[185](7.985616666666667 min).....[190](8.279833333333334 min).....[195](8.607733333333334 min)...
La población se encuentra en la 5 generación
Población:200
Evaluando población:200
[0](0.03956666666666667 min).....[5](0.16615 min).....[10](0.3794666666666667 min).....[15](0.5206500000000001 min).....[20](0.7775666666666667 min).....[25](0.9142333333333333 min).....[30](1.1638833333333334 min).....[35](1.3229333333333335 min).....[40](1.5582833333333332 min).....[45](1.7150666666666665 min).....[50](1.9359166666666667 min).....[55](2.0869166666666668 min).....[60](2.3110833333333334 min).....[65](2.4671000000000003 min).....[70](2.7189833333333335 min).....[75](2.8965166666666664 min).....[80](3.1530833333333335 min).....[85](3.32515 min).....[90](3.601116666666667 min).....[95](3.7527166666666667 min).....[100](4.014733333333333 min).....[105](4.1907000000000005 min).....[110](4.476783333333334 min).....[115](4.664233333333333 min).....[120](4.889466666666666 min).....[125](5.0475666666666665 min).....[130](5.304150000000001 min).....[135](5.492916666666667 min).....[140](5.810783333333333 min).....[145](6.0213833333333335 min).....[150](6.280516666666667 min).....[155](6.439850000000001 min).....[160](6.685133333333334 min).....[165](6.841399999999999 min).....[170](7.0812 min).....[175](7.294316666666666 min).....[180](7.584233333333333 min).....[185](7.751566666666666 min).....[190](8.115483333333334 min).....[195](8.503350000000001 min)...
La población se encuentra en la 6 generación
Población:200
Evaluando población:200
[0](0.0418 min).....[5](0.15585000000000002 min).....[10](0.37243333333333334 min).....[15](0.5198833333333334 min).....[20](0.7442166666666666 min).....[25](0.8786166666666666 min).....[30](1.0705 min).....[35](1.2114333333333334 min).....[40](1.4538833333333334 min).....[45](1.6168666666666667 min).....[50](1.8682666666666667 min).....[55](2.0413166666666664 min).....[60](2.3209333333333335 min).....[65](2.48665 min).....[70](2.7180666666666666 min).....[75](2.9045 min).....[80](3.132366666666667 min).....[85](3.2628333333333335 min).....[90](3.50415 min).....[95](3.6458999999999997 min).....[100](3.9185666666666665 min).....[105](4.08035 min).....[110](4.348683333333333 min).....[115](4.568433333333333 min).....[120](4.82505 min).....[125](4.98525 min).....[130](5.267383333333333 min).....[135](5.4563 min).....[140](5.645583333333334 min).....[145](5.833 min).....[150](6.068733333333333 min).....[155](6.2738499999999995 min).....[160](6.525833333333334 min).....[165](6.66695 min).....[170](6.92855 min).....[175](7.0759 min).....[180](7.303516666666667 min).....[185](7.47095 min).....[190](7.6840166666666665 min).....[195](7.830166666666667 min)...
La población se encuentra en la 7 generación
Población:200
Evaluando población:200
[0](0.04803333333333334 min).....[5](0.15810000000000002 min).....[10](0.40621666666666667 min).....[15](0.5734166666666667 min).....[20](0.8185666666666667 min).....[25](0.9562333333333334 min).....[30](1.2247666666666668 min).....[35](1.371 min).....[40](1.6031166666666665 min).....[45](1.8003 min).....[50](2.068766666666667 min).....[55](2.259183333333333 min).....[60](2.5004 min).....[65](2.689916666666667 min).....[70](2.9663166666666667 min).....[75](3.1074333333333333 min).....[80](3.368333333333333 min).....[85](3.5496166666666666 min).....[90](3.7590833333333333 min).....[95](3.92185 min).....[100](4.175583333333333 min).....[105](4.321883333333333 min).....[110](4.568650000000001 min).....[115](4.735216666666667 min).....[120](5.003116666666667 min).....[125](5.175033333333333 min).....[130](5.401016666666666 min).....[135](5.580633333333334 min).....[140](5.840050000000001 min).....[145](6.0462 min).....[150](6.29545 min).....[155](6.45935 min).....[160](6.6978 min).....[165](6.85275 min).....[170](7.115666666666667 min).....[175](7.29505 min).....[180](7.562566666666667 min).....[185](7.735216666666667 min).....[190](7.9952499999999995 min).....[195](8.185466666666667 min)...
La población se encuentra en la 8 generación
Población:200
Evaluando población:200
[0](0.04228333333333333 min).....[5](0.1239 min).....[10](0.32439999999999997 min).....[15](0.4544666666666667 min).....[20](0.6907166666666666 min).....[25](0.8527666666666666 min).....[30](1.0765500000000001 min).....[35](1.2557333333333331 min).....[40](1.50055 min).....[45](1.6468666666666667 min).....[50](1.8738666666666668 min).....[55](2.0656833333333333 min).....[60](2.3368666666666664 min).....[65](2.5024666666666664 min).....[70](2.76885 min).....[75](2.9403 min).....[80](3.17095 min).....[85](3.333766666666667 min).....[90](3.6120333333333337 min).....[95](3.7896833333333335 min).....[100](4.057733333333333 min).....[105](4.214966666666666 min).....[110](4.4947333333333335 min).....[115](4.66735 min).....[120](4.975933333333333 min).....[125](5.1284 min).....[130](5.421266666666667 min).....[135](5.594766666666667 min).....[140](5.8593 min).....[145](6.009966666666667 min).....[150](6.2924500000000005 min).....[155](6.464616666666667 min).....[160](6.7539 min).....[165](6.946383333333333 min).....[170](7.2163666666666675 min).....[175](7.379983333333333 min).....[180](7.641366666666667 min).....[185](7.803516666666667 min).....[190](8.070383333333334 min).....[195](8.25515 min)...
La población se encuentra en la 9 generación
Población:200
Evaluando población:200
[0](0.041433333333333336 min).....[5](0.14161666666666667 min).....[10](0.3873666666666667 min).....[15](0.5192 min).....[20](0.7926833333333333 min).....[25](0.9269333333333333 min).....[30](1.1553666666666667 min).....[35](1.3350333333333333 min).....[40](1.5916 min).....[45](1.7675666666666667 min).....[50](2.0160666666666667 min).....[55](2.1562333333333332 min).....[60](2.4101333333333335 min).....[65](2.5383666666666667 min).....[70](2.8377166666666667 min).....[75](2.996583333333333 min).....[80](3.2832 min).....[85](3.4579166666666667 min).....[90](3.69295 min).....[95](3.85105 min).....[100](4.104166666666667 min).....[105](4.280783333333333 min).....[110](4.5047 min).....[115](4.672216666666667 min).....[120](4.940133333333334 min).....[125](5.13405 min).....[130](5.476283333333333 min).....[135](5.64645 min).....[140](5.946583333333334 min).....[145](6.133433333333333 min).....[150](6.393083333333333 min).....[155](6.5821 min).....[160](7.016083333333333 min).....[165](7.278816666666667 min).....[170](7.704083333333333 min).....[175](7.869666666666666 min).....[180](8.12065 min).....[185](8.278666666666668 min).....[190](8.530733333333334 min).....[195](8.684833333333334 min)...
La población se encuentra en la 10 generación
Población:200
Evaluando población:200
[0](0.04306666666666667 min).....[5](0.14968333333333333 min).....[10](0.3457166666666666 min).....[15](0.48486666666666667 min).....[20](0.7178166666666667 min).....[25](0.8617333333333334 min).....[30](1.0524499999999999 min).....[35](1.1994833333333332 min).....[40](1.4562833333333332 min).....[45](1.62295 min).....[50](1.8975833333333334 min).....[55](2.03185 min).....[60](2.2591166666666664 min).....[65](2.4048833333333333 min).....[70](2.6371666666666664 min).....[75](2.8110333333333335 min).....[80](3.0608333333333335 min).....[85](3.2207333333333334 min).....[90](3.459566666666667 min).....[95](3.616 min).....[100](3.8761666666666668 min).....[105](4.036266666666666 min).....[110](4.29885 min).....[115](4.480933333333334 min).....[120](4.719633333333333 min).....[125](4.893616666666667 min).....[130](5.135416666666667 min).....[135](5.285083333333334 min).....[140](5.539283333333334 min).....[145](5.722483333333333 min).....[150](5.942283333333333 min).....[155](6.08855 min).....[160](6.291016666666667 min).....[165](6.430233333333334 min).....[170](6.638833333333333 min).....[175](6.7423 min).....[180](6.997233333333333 min).....[185](7.125683333333333 min).....[190](7.39035 min).....[195](7.6019 min)...
La población se encuentra en la 11 generación
Población:200
Evaluando población:200
[0](0.03861666666666667 min).....[5](0.12639999999999998 min).....[10](0.3313833333333333 min).....[15](0.45886666666666664 min).....[20](0.67745 min).....[25](0.8319333333333333 min).....[30](1.0667333333333333 min).....[35](1.2458833333333332 min).....[40](1.45775 min).....[45](1.6062333333333332 min).....[50](1.81975 min).....[55](1.9896833333333332 min).....[60](2.2201999999999997 min).....[65](2.3490166666666665 min).....[70](2.577716666666667 min).....[75](2.75095 min).....[80](2.952633333333333 min).....[85](3.09995 min).....[90](3.343366666666667 min).....[95](3.4766166666666667 min).....[100](3.714116666666667 min).....[105](3.8465 min).....[110](4.078866666666666 min).....[115](4.235833333333334 min).....[120](4.508166666666667 min).....[125](4.69615 min).....[130](4.968583333333333 min).....[135](5.10355 min).....[140](5.3412500000000005 min).....[145](5.518483333333333 min).....[150](5.774016666666666 min).....[155](5.940883333333333 min).....[160](6.1847666666666665 min).....[165](6.354183333333333 min).....[170](6.593166666666666 min).....[175](6.780216666666666 min).....[180](7.028016666666667 min).....[185](7.197316666666667 min).....[190](7.461749999999999 min).....[195](7.6256 min)...
La población se encuentra en la 12 generación
Población:200
Evaluando población:200
[0](0.03991666666666667 min).....[5](0.13765 min).....[10](0.39633333333333337 min).....[15](0.55975 min).....[20](0.8102166666666667 min).....[25](0.9834333333333334 min).....[30](1.1953833333333332 min).....[35](1.3454666666666666 min).....[40](1.5916333333333335 min).....[45](1.7299166666666668 min).....[50](1.94495 min).....[55](2.0967000000000002 min).....[60](2.342633333333333 min).....[65](2.507433333333333 min).....[70](2.7436000000000003 min).....[75](2.8737 min).....[80](3.1018166666666667 min).....[85](3.2482166666666665 min).....[90](3.461183333333333 min).....[95](3.6197166666666667 min).....[100](3.8405833333333335 min).....[105](4.018283333333334 min).....[110](4.237783333333334 min).....[115](4.3821666666666665 min).....[120](4.6614 min).....[125](4.816933333333334 min).....[130](5.074733333333333 min).....[135](5.243133333333334 min).....[140](5.507133333333333 min).....[145](5.691999999999999 min).....[150](5.9203833333333336 min).....[155](6.079733333333333 min).....[160](6.304133333333334 min).....[165](6.488383333333333 min).....[170](6.73525 min).....[175](6.89555 min).....[180](7.159583333333333 min).....[185](7.3041 min).....[190](7.566450000000001 min).....[195](7.724216666666666 min)...
La población se encuentra en la 13 generación
Población:200
Evaluando población:200
[0](0.039799999999999995 min).....[5](0.11621666666666666 min).....[10](0.3310166666666667 min).....[15](0.47525 min).....[20](0.67525 min).....[25](0.821 min).....[30](1.0775000000000001 min).....[35](1.2502666666666669 min).....[40](1.4812833333333333 min).....[45](1.6802833333333331 min).....[50](1.8898833333333334 min).....[55](2.0545333333333335 min).....[60](2.2878 min).....[65](2.4509333333333334 min).....[70](2.6693333333333333 min).....[75](2.834616666666667 min).....[80](3.078316666666667 min).....[85](3.2389 min).....[90](3.48295 min).....[95](3.647283333333333 min).....[100](3.8855999999999997 min).....[105](4.044866666666667 min).....[110](4.270683333333333 min).....[115](4.43955 min).....[120](4.657066666666666 min).....[125](4.830233333333334 min).....[130](5.0716833333333335 min).....[135](5.234733333333334 min).....[140](5.465516666666667 min).....[145](5.6277 min).....[150](5.894566666666666 min).....[155](6.071283333333333 min).....[160](6.3583 min).....[165](6.512416666666667 min).....[170](6.7621166666666666 min).....[175](6.9149 min).....[180](7.190833333333333 min).....[185](7.319883333333333 min).....[190](7.616516666666667 min).....[195](7.7813 min)...
La población se encuentra en la 14 generación
Población:200
Evaluando población:200
[0](0.04383333333333333 min).....[5](0.129 min).....[10](0.3167666666666667 min).....[15](0.44135 min).....[20](0.6953999999999999 min).....[25](0.8582666666666667 min).....[30](1.1137166666666665 min).....[35](1.28265 min).....[40](1.5168833333333334 min).....[45](1.65745 min).....[50](1.9447333333333332 min).....[55](2.1067833333333335 min).....[60](2.3873666666666664 min).....[65](2.540783333333333 min).....[70](2.7904166666666668 min).....[75](2.9797166666666666 min).....[80](3.2060666666666666 min).....[85](3.385066666666667 min).....[90](3.641033333333333 min).....[95](3.8265666666666664 min).....[100](4.050166666666667 min).....[105](4.223583333333333 min).....[110](4.476833333333333 min).....[115](4.655916666666667 min).....[120](4.931316666666667 min).....[125](5.119183333333334 min).....[130](5.3917166666666665 min).....[135](5.5723 min).....[140](5.797300000000001 min).....[145](5.9902 min).....[150](6.263833333333333 min).....[155](6.437566666666667 min).....[160](6.68935 min).....[165](6.8509166666666665 min).....[170](7.109416666666666 min).....[175](7.27925 min).....[180](7.506666666666666 min).....[185](7.6677333333333335 min).....[190](7.903666666666667 min).....[195](8.0462 min)...
La población se encuentra en la 15 generación
Población:200
Evaluando población:200
[0](0.0381 min).....[5](0.21296666666666667 min).....[10](0.3908666666666667 min).....[15](0.5303666666666667 min).....[20](0.7827000000000001 min).....[25](0.9343333333333333 min).....[30](1.1884166666666667 min).....[35](1.31385 min).....[40](1.5268333333333333 min).....[45](1.6538833333333334 min).....[50](1.8891333333333333 min).....[55](2.0562833333333335 min).....[60](2.3102 min).....[65](2.43745 min).....[70](2.6672000000000002 min).....[75](2.81425 min).....[80](3.0351333333333335 min).....[85](3.17855 min).....[90](3.36585 min).....[95](3.4953166666666666 min).....[100](3.7061333333333333 min).....[105](3.8528333333333333 min).....[110](4.068683333333333 min).....[115](4.23315 min).....[120](4.427416666666667 min).....[125](4.561850000000001 min).....[130](4.8159 min).....[135](4.97095 min).....[140](5.1710166666666675 min).....[145](5.324766666666666 min).....[150](5.570433333333333 min).....[155](5.7121 min).....[160](5.988416666666667 min).....[165](6.133633333333333 min).....[170](6.408166666666667 min).....[175](6.591933333333333 min).....[180](6.848966666666667 min).....[185](7.0065333333333335 min).....[190](7.277833333333334 min).....[195](7.448966666666666 min)...
La población se encuentra en la 16 generación
Población:200
Evaluando población:200
[0](0.0406 min).....[5](0.12641666666666668 min).....[10](0.27268333333333333 min).....[15](0.37474999999999997 min).....[20](0.5537 min).....[25](0.7221333333333334 min).....[30](0.9325833333333333 min).....[35](1.0560666666666667 min).....[40](1.2520333333333333 min).....[45](1.3671833333333334 min).....[50](1.5803 min).....[55](1.71145 min).....[60](1.9313833333333332 min).....[65](2.062 min).....[70](2.2803666666666667 min).....[75](2.42275 min).....[80](2.6117166666666667 min).....[85](2.7546833333333334 min).....[90](2.95885 min).....[95](3.0852500000000003 min).....[100](3.3194666666666666 min).....[105](3.427116666666667 min).....[110](3.6157666666666666 min).....[115](3.7333 min).....[120](3.94795 min).....[125](4.121066666666667 min).....[130](4.350766666666667 min).....[135](4.520449999999999 min).....[140](4.703466666666667 min).....[145](4.8553500000000005 min).....[150](5.084383333333333 min).....[155](5.234116666666667 min).....[160](5.4568 min).....[165](5.604216666666667 min).....[170](5.8198 min).....[175](6.022283333333333 min).....[180](6.316633333333333 min).....[185](6.493616666666667 min).....[190](6.7594666666666665 min).....[195](6.896483333333333 min)...
La población se encuentra en la 17 generación
Población:200
Evaluando población:200
[0](0.03953333333333333 min).....[5](0.15348333333333333 min).....[10](0.3044333333333333 min).....[15](0.44053333333333333 min).....[20](0.6081833333333333 min).....[25](0.74155 min).....[30](0.9238999999999999 min).....[35](1.0805833333333332 min).....[40](1.3280333333333334 min).....[45](1.472 min).....[50](1.7126 min).....[55](1.8519 min).....[60](2.0535166666666664 min).....[65](2.2253499999999997 min).....[70](2.436516666666667 min).....[75](2.5760833333333335 min).....[80](2.7386166666666667 min).....[85](2.855033333333333 min).....[90](3.0216166666666666 min).....[95](3.1305833333333335 min).....[100](3.3314999999999997 min).....[105](3.4655 min).....[110](3.6599999999999997 min).....[115](3.7957833333333335 min).....[120](4.0257 min).....[125](4.186066666666666 min).....[130](4.389799999999999 min).....[135](4.537733333333334 min).....[140](4.768766666666666 min).....[145](4.919483333333333 min).....[150](5.118883333333333 min).....[155](5.337716666666666 min).....[160](5.540733333333334 min).....[165](5.67965 min).....[170](5.87245 min).....[175](6.045483333333333 min).....[180](6.273750000000001 min).....[185](6.41485 min).....[190](6.651583333333334 min).....[195](6.801150000000001 min)...
La población se encuentra en la 18 generación
Población:200
Evaluando población:200
[0](0.03963333333333333 min).....[5](0.1424 min).....[10](0.29345 min).....[15](0.4343166666666667 min).....[20](0.6232833333333333 min).....[25](0.72705 min).....[30](0.9170333333333333 min).....[35](1.04355 min).....[40](1.2574666666666665 min).....[45](1.3729 min).....[50](1.5887833333333332 min).....[55](1.7166166666666667 min).....[60](1.9534666666666667 min).....[65](2.1200666666666668 min).....[70](2.3177833333333333 min).....[75](2.4328999999999996 min).....[80](2.630666666666667 min).....[85](2.8122666666666665 min).....[90](3.0692666666666666 min).....[95](3.2073833333333335 min).....[100](3.4300833333333336 min).....[105](3.56885 min).....[110](3.8001333333333336 min).....[115](3.9762333333333335 min).....[120](4.214466666666667 min).....[125](4.373233333333333 min).....[130](4.595066666666667 min).....[135](4.762366666666667 min).....[140](4.971 min).....[145](5.147083333333333 min).....[150](5.418583333333333 min).....[155](5.581433333333334 min).....[160](5.798766666666666 min).....[165](5.952 min).....[170](6.165166666666667 min).....[175](6.303333333333333 min).....[180](6.506916666666667 min).....[185](6.6533 min).....[190](6.855666666666666 min).....[195](7.019166666666666 min)...
La población se encuentra en la 19 generación
Población:200
Evaluando población:200
[0](0.040433333333333335 min).....[5](0.11616666666666667 min).....[10](0.31189999999999996 min).....[15](0.461 min).....[20](0.6563166666666667 min).....[25](0.87215 min).....[30](1.1062333333333332 min).....[35](1.2910166666666667 min).....[40](1.4939333333333333 min).....[45](1.6563 min).....[50](1.8857333333333335 min).....[55](2.0212666666666665 min).....[60](2.247316666666667 min).....[65](2.4001333333333337 min).....[70](2.6270000000000002 min).....[75](2.777416666666667 min).....[80](2.966266666666667 min).....[85](3.0974833333333334 min).....[90](3.29775 min).....[95](3.454016666666667 min).....[100](3.6825833333333335 min).....[105](3.84805 min).....[110](4.0647166666666665 min).....[115](4.20895 min).....[120](4.440433333333333 min).....[125](4.587533333333334 min).....[130](4.80665 min).....[135](4.94525 min).....[140](5.159400000000001 min).....[145](5.339133333333334 min).....[150](5.563149999999999 min).....[155](5.731683333333334 min).....[160](5.99175 min).....[165](6.11615 min).....[170](6.346916666666667 min).....[175](6.488566666666667 min).....[180](6.739333333333334 min).....[185](6.900883333333334 min).....[190](7.154333333333333 min).....[195](7.290116666666666 min)...
La población se encuentra en la 20 generación
Población:200
Evaluando población:200
[0](0.04136666666666667 min).....[5](0.1807 min).....[10](0.35991666666666666 min).....[15](0.5376 min).....[20](0.7630166666666667 min).....[25](0.9328000000000001 min).....[30](1.1690166666666668 min).....[35](1.3239833333333333 min).....[40](1.5463166666666666 min).....[45](1.7014166666666666 min).....[50](1.9053833333333332 min).....[55](2.06615 min).....[60](2.3100333333333336 min).....[65](2.4604666666666666 min).....[70](2.6619333333333333 min).....[75](2.8150833333333334 min).....[80](3.0642333333333336 min).....[85](3.2482666666666664 min).....[90](3.4716333333333336 min).....[95](3.6582333333333334 min).....[100](3.90845 min).....[105](4.0426 min).....[110](4.24605 min).....[115](4.383916666666667 min).....[120](4.6132 min).....[125](4.774966666666667 min).....[130](4.990616666666667 min).....[135](5.146083333333333 min).....[140](5.377316666666667 min).....[145](5.52855 min).....[150](5.7734 min).....[155](5.9254 min).....[160](6.154316666666667 min).....[165](6.291733333333334 min).....[170](6.509433333333333 min).....[175](6.648300000000001 min).....[180](6.864933333333334 min).....[185](7.013316666666666 min).....[190](7.253966666666667 min).....[195](7.417683333333333 min)...
