EvolutionBOT.CoevolutionBOT@69b332
Empezando algoritmo genético con los siguientes parámetros
==============================================================
Factor mutación: 0.1
Factor crossover: 0.8
Total generaciones: 150
Tamaño población: 80
Número individuos torneo: 2
Cantidad de individuos elitimo: 4
Utilizando 2 hebras simultaneas para evaluaciones.
Inicializando población
Evaluando población:80
[0](1.6208333333333333 min)....[4](1.6208666666666667 min)....[8](3.2977 min)..[10](4.5147 min)..[12](4.514716666666667 min)....[16](6.257000000000001 min)....[20](7.70775 min)[20](9.480166666666666 min)....[24](9.480183333333335 min)....[28](10.692283333333334 min)..[30](12.937033333333334 min)..[32](12.937033333333334 min)....[36](14.200916666666666 min)....[40](16.422966666666667 min)[40](17.87088333333333 min)....[44](17.8709 min)....[48](19.36276666666667 min)..[50](20.519766666666666 min)..[52](20.519766666666666 min)....[56](21.80441666666667 min)....[60](22.737516666666668 min)[60](25.01021666666667 min)....[64](25.010233333333336 min)....[68](26.38338333333333 min)..[70](28.57195 min)..[72](28.571966666666665 min)....[76](29.91646666666667 min)....[80](35.38516666666667 min)
 Ajustando población
Almacenando información sobre individuos
La población se encuentra en la 1 generación
Población:80
Evaluando población:80
[0](2.37045 min)....[4](2.3704666666666667 min)....[8](3.916 min)..[10](7.2819666666666665 min)..[12](7.281983333333333 min)....[16](17.151799999999998 min)....[20](24.815516666666667 min)[20](30.78875 min)....[24](30.788766666666668 min)....[28](37.65668333333333 min)..[30](39.91251666666667 min)..[32](39.91251666666667 min)....[36](41.573750000000004 min)....[40](43.45153333333334 min)[40](44.77158333333333 min)....[44](44.7716 min)....[48](46.113299999999995 min)..[50](47.7985 min)..[52](47.798516666666664 min)....[56](49.82971666666666 min)....[60](51.495416666666664 min)[60](53.3305 min)....[64](53.33051666666667 min)....[68](54.300383333333336 min)..[70](55.91546666666667 min)..[72](55.915483333333334 min)....[76](58.25395 min)....[80](59.65618333333334 min)
La población se encuentra en la 2 generación
Población:80
Evaluando población:80
[0](0.9410833333333334 min)....[4](0.9411166666666666 min)....[8](2.2078166666666665 min)..[10](3.427966666666667 min)..[12](3.427983333333333 min)....[16](4.351699999999999 min)....[20](5.69825 min)[20](8.477633333333333 min)....[24](8.477633333333333 min)....[28](9.919 min)..[30](11.370633333333334 min)..[32](11.370633333333334 min)....[36](12.9089 min)....[40](15.129716666666667 min)[40](16.169183333333333 min)....[44](16.169216666666667 min)....[48](17.619983333333334 min)..[50](18.95328333333333 min)..[52](18.953300000000002 min)....[56](20.29305 min)....[60](21.55056666666667 min)[60](22.582449999999998 min)....[64](22.58246666666667 min)....[68](24.162750000000003 min)..[70](25.766433333333335 min)..[72](25.766433333333335 min)....[76](27.335433333333334 min)....[80](29.598766666666666 min)
La población se encuentra en la 3 generación
Población:80
Evaluando población:80
[0](1.0424833333333334 min)....[4](1.0425 min)....[8](2.0968999999999998 min)..[10](3.499016666666667 min)..[12](3.4990333333333337 min)....[16](4.564866666666666 min)....[20](6.49815 min)[20](7.432066666666667 min)....[24](7.432083333333334 min)....[28](9.09095 min)..[30](10.712966666666667 min)..[32](10.712966666666667 min)....[36](12.049233333333332 min)....[40](13.644233333333334 min)[40](15.183633333333335 min)....[44](15.18365 min)....[48](16.345516666666665 min)..[50](18.004866666666665 min)..[52](18.004883333333332 min)....[56](19.220683333333334 min)....[60](20.699650000000002 min)[60](21.99855 min)....[64](21.998566666666665 min)....[68](22.8461 min)..[70](25.2724 min)..[72](25.27241666666667 min)....[76](26.534133333333333 min)....[80](27.802266666666664 min)
La población se encuentra en la 4 generación
Población:80
Evaluando población:80
[0](1.1147 min)....[4](1.1147166666666666 min)....[8](2.1385833333333335 min)..[10](3.2024666666666666 min)..[12](3.2024833333333333 min)....[16](4.759533333333334 min)....[20](6.130350000000001 min)[20](7.357283333333333 min)....[24](7.3572999999999995 min)....[28](8.463983333333333 min)..[30](9.884933333333333 min)..[32](9.88495 min)....[36](10.860016666666667 min)....[40](11.805 min)[40](13.7401 min)....[44](13.740133333333334 min)....[48](14.8414 min)..[50](16.22495 min)..[52](16.22495 min)....[56](17.497133333333334 min)....[60](18.480166666666666 min)[60](20.079633333333334 min)....[64](20.079666666666665 min)....[68](21.045399999999997 min)..[70](21.925883333333335 min)..[72](21.925900000000002 min)....[76](23.009233333333334 min)....[80](24.880366666666664 min)
La población se encuentra en la 5 generación
Población:80
Evaluando población:80
[0](0.9689166666666666 min)....[4](0.96895 min)....[8](1.9852833333333335 min)..[10](3.0483166666666666 min)..[12](3.0483166666666666 min)....[16](4.252716666666667 min)....[20](5.817166666666666 min)[20](6.876099999999999 min)....[24](6.876116666666666 min)....[28](7.764616666666667 min)..[30](9.672133333333333 min)..[32](9.672133333333333 min)....[36](10.75295 min)....[40](11.598216666666668 min)[40](12.486633333333334 min)....[44](12.486666666666668 min)....[48](13.590983333333332 min)..[50](14.481566666666668 min)..[52](14.481583333333333 min)....[56](15.959900000000001 min)....[60](17.259166666666665 min)[60](18.43345 min)....[64](18.4335 min)....[68](19.399033333333332 min)..[70](20.738699999999998 min)..[72](20.73871666666667 min)....[76](22.483349999999998 min)....[80](23.606466666666666 min)
La población se encuentra en la 6 generación
Población:80
Evaluando población:80
[0](0.8903333333333333 min)....[4](0.89035 min)....[8](1.8127666666666669 min)..[10](2.8075166666666664 min)..[12](2.807533333333333 min)....[16](3.7464500000000003 min)....[20](4.634416666666667 min)[20](6.062866666666666 min)....[24](6.0629 min)....[28](7.003966666666667 min)..[30](7.986383333333333 min)..[32](7.986383333333333 min)....[36](9.907583333333333 min)....[40](10.84655 min)[40](11.769616666666668 min)....[44](11.769633333333333 min)....[48](12.913533333333334 min)..[50](13.972816666666667 min)..[52](13.972816666666667 min)....[56](15.050566666666667 min)....[60](16.336949999999998 min)[60](18.066133333333333 min)....[64](18.066166666666668 min)....[68](18.903216666666665 min)..[70](20.85868333333333 min)..[72](20.8587 min)....[76](21.889366666666668 min)....[80](22.770483333333335 min)
La población se encuentra en la 7 generación
Población:80
Evaluando población:80
[0](1.3936 min)....[4](1.3936166666666667 min)....[8](2.265916666666667 min)..[10](3.4686833333333333 min)..[12](3.4686833333333333 min)....[16](5.068533333333334 min)....[20](5.953883333333334 min)[20](7.013066666666666 min)....[24](7.013083333333333 min)....[28](8.090216666666667 min)..[30](9.244766666666667 min)..[32](9.244783333333334 min)....[36](10.267833333333334 min)....[40](11.190383333333333 min)[40](12.586166666666665 min)....[44](12.5862 min)....[48](13.784066666666666 min)..[50](14.728399999999999 min)..[52](14.728416666666668 min)....[56](15.629583333333333 min)....[60](16.511116666666666 min)[60](17.829433333333334 min)....[64](17.82946666666667 min)....[68](18.9847 min)..[70](20.085166666666666 min)..[72](20.085183333333337 min)....[76](21.292483333333333 min)....[80](22.284316666666665 min)
La población se encuentra en la 8 generación
Población:80
Evaluando población:80
[0](0.9783166666666666 min)....[4](0.9783333333333334 min)....[8](2.0622333333333334 min)..[10](3.0112666666666663 min)..[12](3.0112666666666663 min)....[16](4.22205 min)....[20](5.489199999999999 min)[20](6.3694 min)....[24](6.369416666666667 min)....[28](7.341166666666667 min)..[30](8.265033333333333 min)..[32](8.26505 min)....[36](9.3332 min)....[40](10.310733333333333 min)[40](11.365466666666666 min)....[44](11.365483333333334 min)....[48](12.535400000000001 min)..[50](13.425199999999998 min)..[52](13.425216666666667 min)....[56](14.725016666666667 min)....[60](16.459516666666666 min)[60](17.784583333333334 min)....[64](17.78461666666667 min)....[68](18.6931 min)..[70](19.96173333333333 min)..[72](19.96175 min)....[76](20.845333333333333 min)....[80](21.937666666666665 min)
La población se encuentra en la 9 generación
Población:80
Evaluando población:80
[0](1.0529 min)....[4](1.0529166666666667 min)....[8](2.247666666666667 min)..[10](3.4119333333333333 min)..[12](3.41195 min)....[16](4.787483333333333 min)....[20](6.997833333333333 min)[20](7.8959166666666665 min)....[24](7.89595 min)....[28](9.088683333333334 min)..[30](10.068116666666667 min)..[32](10.068133333333332 min)....[36](11.379783333333334 min)....[40](12.43855 min)[40](13.631783333333335 min)....[44](13.6318 min)....[48](14.491000000000001 min)..[50](15.39765 min)..[52](15.39765 min)....[56](16.696749999999998 min)....[60](18.828833333333332 min)[60](19.882066666666667 min)....[64](19.882083333333334 min)....[68](21.47285 min)..[70](22.49138333333333 min)..[72](22.4914 min)....[76](23.444566666666667 min)....[80](24.47671666666667 min)
La población se encuentra en la 10 generación
Población:80
Evaluando población:80
[0](1.0547499999999999 min)....[4](1.0547666666666666 min)....[8](2.2506833333333334 min)..[10](3.4362166666666667 min)..[12](3.4362166666666667 min)....[16](4.6481 min)....[20](6.169300000000001 min)[20](7.174966666666666 min)....[24](7.1749833333333335 min)....[28](8.418816666666666 min)..[30](9.4461 min)..[32](9.446116666666667 min)....[36](10.352716666666668 min)....[40](11.267416666666666 min)[40](12.3082 min)....[44](12.308216666666668 min)....[48](13.495983333333333 min)..[50](14.51795 min)..[52](14.517966666666666 min)....[56](15.7839 min)....[60](16.82571666666667 min)[60](18.04508333333333 min)....[64](18.045099999999998 min)....[68](19.091216666666664 min)..[70](20.383533333333332 min)..[72](20.38355 min)....[76](21.389200000000002 min)....[80](22.39626666666667 min)
La población se encuentra en la 11 generación
Población:80
Evaluando población:80
[0](1.1606333333333334 min)....[4](1.1606666666666667 min)....[8](2.25625 min)..[10](3.4156833333333334 min)..[12](3.4157 min)....[16](4.7476666666666665 min)....[20](5.5978666666666665 min)[20](6.6782 min)....[24](6.678216666666667 min)....[28](7.611533333333333 min)..[30](8.6173 min)..[32](8.617316666666666 min)....[36](9.756866666666667 min)....[40](10.888916666666667 min)[40](11.93775 min)....[44](11.937766666666667 min)....[48](13.39165 min)..[50](14.3984 min)..[52](14.398416666666666 min)....[56](15.327533333333333 min)....[60](16.57625 min)[60](17.886033333333334 min)....[64](17.886066666666668 min)....[68](18.997816666666665 min)..[70](20.218583333333335 min)..[72](20.2186 min)....[76](21.29975 min)....[80](22.498483333333336 min)
La población se encuentra en la 12 generación
Población:80
Evaluando población:80
[0](1.1146 min)....[4](1.1146333333333334 min)....[8](2.2395666666666667 min)..[10](3.341066666666667 min)..[12](3.341083333333333 min)....[16](4.335066666666666 min)....[20](5.364916666666667 min)[20](6.2851333333333335 min)....[24](6.285166666666667 min)....[28](7.160616666666667 min)..[30](8.447833333333334 min)..[32](8.447849999999999 min)....[36](9.42005 min)....[40](10.4521 min)[40](11.865966666666667 min)....[44](11.865983333333332 min)....[48](13.012833333333333 min)..[50](14.114533333333332 min)..[52](14.114550000000001 min)....[56](15.198583333333334 min)....[60](16.1399 min)[60](17.334416666666666 min)....[64](17.334433333333333 min)....[68](18.249266666666664 min)..[70](19.4692 min)..[72](19.469216666666668 min)....[76](20.73145 min)....[80](22.025366666666667 min)
La población se encuentra en la 13 generación
Población:80
Evaluando población:80
[0](0.8984833333333333 min)....[4](0.8985166666666667 min)....[8](1.8688166666666668 min)..[10](2.9896666666666665 min)..[12](2.9896833333333332 min)....[16](3.95775 min)....[20](4.864583333333333 min)[20](5.783183333333333 min)....[24](5.783216666666666 min)....[28](6.964433333333333 min)..[30](8.029016666666667 min)..[32](8.029033333333334 min)....[36](9.019766666666667 min)....[40](10.05795 min)[40](10.991566666666667 min)....[44](10.991583333333333 min)....[48](11.9778 min)..[50](13.016116666666667 min)..[52](13.016133333333332 min)....[56](14.14375 min)....[60](15.211733333333333 min)[60](16.143733333333333 min)....[64](16.14375 min)....[68](17.24973333333333 min)..[70](18.408016666666665 min)..[72](18.408033333333332 min)....[76](19.3785 min)....[80](20.355283333333333 min)
La población se encuentra en la 14 generación
Población:80
Evaluando población:80
[0](0.9646 min)....[4](0.9646166666666667 min)....[8](2.0163333333333333 min)..[10](2.99185 min)..[12](2.99185 min)....[16](4.072033333333334 min)....[20](5.205433333333334 min)[20](6.202016666666666 min)....[24](6.2020333333333335 min)....[28](7.204466666666666 min)..[30](8.149833333333333 min)..[32](8.149849999999999 min)....[36](9.15425 min)....[40](10.103183333333334 min)[40](11.028166666666667 min)....[44](11.028183333333335 min)....[48](11.9871 min)..[50](12.974716666666666 min)..[52](12.974733333333335 min)....[56](14.069799999999999 min)....[60](15.076633333333332 min)[60](16.1316 min)....[64](16.131633333333333 min)....[68](17.267083333333336 min)..[70](18.14538333333333 min)..[72](18.1454 min)....[76](19.110500000000002 min)....[80](20.390016666666668 min)
La población se encuentra en la 15 generación
Población:80
Evaluando población:80
[0](1.0055166666666666 min)....[4](1.0055333333333334 min)....[8](1.8989333333333334 min)..[10](2.77895 min)..[12](2.77895 min)....[16](3.706933333333333 min)....[20](4.636383333333333 min)[20](5.707216666666667 min)....[24](5.70725 min)....[28](6.615866666666666 min)..[30](7.779433333333333 min)..[32](7.77945 min)....[36](8.931583333333332 min)....[40](10.080416666666668 min)[40](11.0604 min)....[44](11.060433333333332 min)....[48](11.918366666666666 min)..[50](12.869683333333334 min)..[52](12.8697 min)....[56](13.7592 min)....[60](14.683066666666667 min)[60](15.700633333333334 min)....[64](15.700666666666667 min)....[68](16.8444 min)..[70](17.945316666666667 min)..[72](17.945316666666667 min)....[76](18.946883333333336 min)....[80](19.92256666666667 min)
La población se encuentra en la 16 generación
Población:80
Evaluando población:80
[0](1.0545333333333333 min)....[4](1.0545666666666667 min)....[8](2.18 min)..[10](3.41045 min)..[12](3.4104666666666663 min)....[16](4.540266666666667 min)....[20](5.436483333333333 min)[20](6.362783333333334 min)....[24](6.362799999999999 min)....[28](7.3286 min)..[30](8.399366666666667 min)..[32](8.399366666666667 min)....[36](9.333916666666665 min)....[40](10.344916666666668 min)[40](11.274000000000001 min)....[44](11.274033333333334 min)....[48](12.218983333333334 min)..[50](13.2873 min)..[52](13.2873 min)....[56](14.497066666666665 min)....[60](15.640383333333334 min)[60](16.84355 min)....[64](16.843566666666668 min)....[68](17.8277 min)..[70](18.84378333333333 min)..[72](18.843799999999998 min)....[76](20.24545 min)....[80](21.178183333333333 min)
La población se encuentra en la 17 generación
Población:80
Evaluando población:80
[0](1.34375 min)....[4](1.3437833333333333 min)....[8](2.4819666666666667 min)..[10](3.3971999999999998 min)..[12](3.3972166666666666 min)....[16](4.380983333333333 min)....[20](5.465216666666667 min)[20](6.476016666666666 min)....[24](6.476016666666666 min)....[28](7.669683333333333 min)..[30](8.655166666666666 min)..[32](8.655183333333333 min)....[36](9.6867 min)....[40](10.675466666666667 min)[40](11.946816666666667 min)....[44](11.946850000000001 min)....[48](12.990066666666667 min)..[50](14.043866666666666 min)..[52](14.043883333333333 min)....[56](14.994733333333333 min)....[60](16.131983333333334 min)[60](17.192883333333334 min)....[64](17.1929 min)....[68](18.152483333333333 min)..[70](19.1384 min)..[72](19.138416666666668 min)....[76](20.100916666666667 min)....[80](21.2557 min)
La población se encuentra en la 18 generación
Población:80
Evaluando población:80
[0](0.882 min)....[4](0.8820166666666667 min)....[8](1.92155 min)..[10](3.0744166666666666 min)..[12](3.0744166666666666 min)....[16](4.118983333333333 min)....[20](5.369916666666667 min)[20](6.364083333333334 min)....[24](6.364116666666666 min)....[28](7.464416666666667 min)..[30](8.500483333333333 min)..[32](8.500499999999999 min)....[36](9.455533333333333 min)....[40](10.29165 min)[40](11.322116666666666 min)....[44](11.322149999999999 min)....[48](12.585216666666668 min)..[50](13.837133333333332 min)..[52](13.837150000000001 min)....[56](14.792300000000001 min)....[60](15.865766666666667 min)[60](16.891866666666665 min)....[64](16.8919 min)....[68](18.163149999999998 min)..[70](19.107366666666667 min)..[72](19.107366666666667 min)....[76](20.133016666666666 min)....[80](21.09988333333333 min)
La población se encuentra en la 19 generación
Población:80
Evaluando población:80
[0](1.1037166666666667 min)....[4](1.10375 min)....[8](2.20385 min)..[10](3.3481333333333336 min)..[12](3.34815 min)....[16](4.456466666666667 min)....[20](5.322116666666667 min)[20](6.401416666666666 min)....[24](6.40145 min)....[28](7.364466666666667 min)..[30](8.362983333333334 min)..[32](8.363 min)....[36](9.4565 min)....[40](10.376016666666667 min)[40](11.476016666666668 min)....[44](11.476033333333334 min)....[48](12.428566666666667 min)..[50](13.507266666666668 min)..[52](13.507283333333334 min)....[56](14.361666666666668 min)....[60](15.384466666666667 min)[60](16.453716666666665 min)....[64](16.453733333333336 min)....[68](17.786800000000003 min)..[70](18.823666666666668 min)..[72](18.823666666666668 min)....[76](19.908016666666665 min)....[80](20.967466666666667 min)
La población se encuentra en la 20 generación
Población:80
Evaluando población:80
[0](1.0896333333333332 min)....[4](1.08965 min)....[8](2.3059833333333333 min)..[10](3.2573166666666666 min)..[12](3.2573333333333334 min)....[16](4.1539166666666665 min)....[20](5.0594166666666665 min)[20](6.2345 min)....[24](6.23455 min)....[28](7.374433333333333 min)..[30](8.472249999999999 min)..[32](8.472249999999999 min)....[36](9.488066666666667 min)....[40](10.430900000000001 min)[40](11.316883333333333 min)....[44](11.316916666666666 min)....[48](12.33465 min)..[50](13.438983333333335 min)..[52](13.439 min)....[56](14.381383333333334 min)....[60](15.415516666666667 min)[60](16.630133333333333 min)....[64](16.630166666666664 min)....[68](17.69173333333333 min)..[70](18.645083333333332 min)..[72](18.6451 min)....[76](19.668499999999998 min)....[80](20.695966666666667 min)
La población se encuentra en la 21 generación
Población:80
Evaluando población:80
[0](1.0204166666666667 min)....[4](1.0204333333333333 min)....[8](2.10245 min)..[10](3.2370666666666663 min)..[12](3.2370666666666663 min)....[16](4.1807 min)....[20](4.9651000000000005 min)[20](5.95275 min)....[24](5.952783333333333 min)....[28](7.12535 min)..[30](8.1445 min)..[32](8.1447 min)....[36](9.099250000000001 min)....[40](10.144283333333334 min)[40](11.139683333333332 min)....[44](11.139716666666667 min)EvolutionBOT.CoevolutionBOT@1b67f74
Empezando algoritmo genético con los siguientes parámetros
==============================================================
Factor mutación: 0.1
Factor crossover: 0.8
Total generaciones: 150
Tamaño población: 80
Número individuos torneo: 2
Cantidad de individuos elitimo: 4
Utilizando 2 hebras simultaneas para evaluaciones.
Inicializando población
Evaluando población:80
#....[48](12.084133333333334 min)..[50](13.38925 min)..[52](13.38925 min)....[56](14.388583333333335 min)....[60](15.52125 min)[60](16.50415 min)....[64](16.5042 min)....[68](17.68595 min)..[70](18.77808333333333 min)..[72](18.77808333333333 min)....[76](19.85575 min)....[80](20.99298333333333 min)
La población se encuentra en la 22 generación
Población:80
Evaluando población:80
[0](1.1657 min)....[4](1.1657333333333333 min)....[8](2.165383333333333 min)..[10](3.1028333333333333 min)..[12](3.1028499999999997 min)....[16](4.243 min)....[20](5.21005 min)[20](6.1649 min)....[24](6.164933333333334 min)....[28](7.143433333333333 min)..[30](8.14105 min)..[32](8.141066666666667 min)....[36](9.27755 min)....[40](10.540933333333333 min)[40](11.507733333333334 min)....[44](11.507766666666667 min)....[48](12.728299999999999 min)..[50](13.880333333333335 min)..[52](13.88035 min)....[56](14.891666666666667 min)....[60](15.814916666666667 min)[60](16.747466666666664 min)....[64](16.747483333333335 min)....[68](17.901866666666667 min)..[70](18.907950000000003 min)..[72](18.907950000000003 min)....[76](19.982133333333334 min)....[80](21.2762 min)
La población se encuentra en la 23 generación
Población:80
Evaluando población:80
[0](0.9510500000000001 min)....[4](0.9510666666666666 min)....[8](1.9130333333333334 min)..[10](2.86185 min)..[12](2.8618666666666663 min)....[16](3.854 min)....[20](4.826716666666667 min)[20](5.782316666666667 min)....[24](5.782349999999999 min)....[28](6.77585 min)..[30](7.683633333333333 min)..[32](7.683666666666666 min)....[36](8.73035 min)....[40](9.810550000000001 min)[40](10.818416666666668 min)....[44](10.818416666666668 min)....[48](11.831449999999998 min)..[50](12.877133333333335 min)..[52](12.87715 min)....[56](13.828316666666666 min)....[60](14.99955 min)[60](16.084766666666667 min)....[64](16.084783333333334 min)....[68](17.301083333333334 min)..[70](18.32476666666667 min)..[72](18.32476666666667 min)....[76](19.467366666666667 min)....[80](20.473783333333333 min)
La población se encuentra en la 24 generación
Población:80
Evaluando población:80
[0](0.9394666666666667 min)....[4](0.9395 min)....[8](1.8578333333333332 min)..[10](2.9827166666666667 min)..[12](2.9827166666666667 min)....[16](3.9694 min)....[20](4.9615 min)[20](6.089383333333333 min)....[24](6.0893999999999995 min)....[28](7.028683333333333 min)..[30](8.0112 min)..[32](8.011216666666666 min)....[36](8.989716666666668 min)....[40](9.99175 min)[40](10.908800000000001 min)....[44](10.908833333333332 min)....[48](11.892283333333333 min)..[50](16.08595 min)..[52](16.08595 min)....[56](19.815133333333332 min)....[60](20.82111666666667 min)[60](21.781883333333333 min)....[64](21.7819 min)....[68](22.88665 min)..[70](23.96895 min)..[72](23.968966666666667 min)....[76](25.180349999999997 min)....[80](26.15576666666667 min)
La población se encuentra en la 25 generación
Población:80
Evaluando población:80
[0](1.1027666666666667 min)....[4](1.1028 min)....[8](2.1707166666666664 min)..[10](3.2089166666666666 min)..[12](3.2089333333333334 min)....[16](4.2589500000000005 min)....[20](5.3558 min)[20](7.0962499999999995 min)....[24](7.096266666666667 min)....[28](9.0163 min)..[30](11.094916666666668 min)..[32](11.094933333333334 min)