Empezando algoritmo genético con los siguientes parámetros
==============================================================
Factor mutación: 0.02
Factor crossover: 0.6
Total generaciones: 20
Tamaño población: 200
Número individuos torneo: 2
Cantidad de individuos elitimo: 4
Utilizando 2 hebras simultaneas para evaluaciones.
Inicializando población
Evaluando población:200
[0](0.06518333333333333 min).....[5](0.2391 min).....[10](0.5432333333333333 min).....[15](0.7421000000000001 min).....[20](1.1338166666666667 min).....[25](1.3114333333333335 min).....[30](1.6714666666666667 min).....[35](1.8477333333333334 min).....[40](2.208766666666667 min).....[45](2.52305 min).....[50](2.983033333333333 min).....[55](3.2292166666666664 min).....[60](3.7895166666666666 min).....[65](3.9754333333333336 min).....[70](4.3101666666666665 min).....[75](4.4469 min).....[80](4.9557166666666665 min).....[85](5.275516666666666 min).....[90](5.752766666666667 min).....[95](5.907866666666666 min).....[100](6.172783333333333 min).....[105](6.506633333333334 min).....[110](6.971516666666667 min).....[115](7.156633333333334 min).....[120](7.450699999999999 min).....[125](7.726383333333334 min).....[130](8.079283333333333 min).....[135](8.44735 min).....[140](8.678883333333333 min).....[145](8.887466666666667 min).....[150](9.157616666666666 min).....[155](9.302050000000001 min).....[160](9.664783333333332 min).....[165](9.811066666666667 min).....[170](10.335733333333334 min).....[175](10.571133333333334 min).....[180](10.8672 min).....[185](11.009733333333333 min).....[190](11.31485 min).....[195](11.644116666666667 min)...
 Ajustando población
Almacenando información sobre individuos
La población se encuentra en la 1 generación
Población:200
Evaluando población:200
[0](0.03741666666666667 min).....[5](0.1753 min).....[10](0.4323166666666667 min).....[15](0.5810333333333334 min).....[20](0.7986166666666666 min).....[25](0.9494333333333334 min).....[30](1.1862166666666667 min).....[35](1.3479166666666667 min).....[40](1.5886333333333333 min).....[45](1.7225833333333334 min).....[50](1.9314333333333333 min).....[55](2.0751 min).....[60](2.2706666666666666 min).....[65](2.404433333333333 min).....[70](2.6209 min).....[75](2.8470166666666668 min).....[80](3.1032333333333333 min).....[85](3.32465 min).....[90](3.8133833333333333 min).....[95](4.019416666666666 min).....[100](4.3087333333333335 min).....[105](4.452333333333333 min).....[110](4.670283333333333 min).....[115](4.819716666666666 min).....[120](5.0582 min).....[125](5.243116666666666 min).....[130](5.679666666666666 min).....[135](5.9802333333333335 min).....[140](6.336333333333333 min).....[145](6.662850000000001 min).....[150](7.030716666666667 min).....[155](7.36775 min).....[160](7.968050000000001 min).....[165](8.348816666666666 min).....[170](8.915600000000001 min).....[175](9.37885 min).....[180](10.0936 min).....[185](10.438516666666667 min).....[190](10.976533333333332 min).....[195](11.307033333333333 min)...
La población se encuentra en la 2 generación
Población:200
Evaluando población:200
[0](0.045766666666666664 min).....[5](0.18616666666666667 min).....[10](0.3733166666666667 min).....[15](0.5512666666666667 min).....[20](0.7155 min).....[25](0.85395 min).....[30](1.0174333333333334 min).....[35](1.1377 min).....[40](1.3772666666666666 min).....[45](1.5438166666666668 min).....[50](1.9189166666666668 min).....[55](2.1015666666666664 min).....[60](2.4145833333333333 min).....[65](2.6381333333333337 min).....[70](3.0185166666666663 min).....[75](3.2182833333333334 min).....[80](3.539733333333333 min).....[85](3.7451 min).....[90](4.054833333333333 min).....[95](4.270733333333334 min).....[100](4.488533333333334 min).....[105](4.822100000000001 min).....[110](5.234083333333333 min).....[115](5.66125 min).....[120](5.910983333333333 min).....[125](6.088933333333333 min).....[130](6.4087 min).....[135](6.611716666666666 min).....[140](6.899983333333334 min).....[145](7.103750000000001 min).....[150](7.421083333333333 min).....[155](7.6605 min).....[160](8.1389 min).....[165](8.60955 min).....[170](9.044183333333333 min).....[175](9.407183333333334 min).....[180](10.032 min).....[185](10.513683333333335 min).....[190](11.280133333333334 min).....[195](11.747516666666666 min)...
La población se encuentra en la 3 generación
Población:200
Evaluando población:200
[0](0.038766666666666665 min).....[5](0.14021666666666668 min).....[10](0.36225 min).....[15](0.47985 min).....[20](0.6690333333333334 min).....[25](0.834 min).....[30](1.0407 min).....[35](1.2743833333333332 min).....[40](1.5182499999999999 min).....[45](1.6446666666666667 min).....[50](1.7993166666666667 min).....[55](1.9281499999999998 min).....[60](2.1520333333333337 min).....[65](2.3583166666666666 min).....[70](2.7554333333333334 min).....[75](2.8993333333333333 min).....[80](3.2043666666666666 min).....[85](3.4221999999999997 min).....[90](3.7020166666666667 min).....[95](3.8357 min).....[100](4.040316666666667 min).....[105](4.240666666666667 min).....[110](4.5628166666666665 min).....[115](4.746166666666666 min).....[120](5.0653 min).....[125](5.28345 min).....[130](5.7394 min).....[135](5.880750000000001 min).....[140](6.245216666666667 min).....[145](6.412983333333333 min).....[150](6.7745500000000005 min).....[155](6.99495 min).....[160](7.9239500000000005 min).....[165](8.291116666666666 min).....[170](8.942033333333335 min).....[175](9.35185 min).....[180](9.8187 min).....[185](10.191916666666666 min).....[190](10.678466666666667 min).....[195](11.040716666666667 min)...
La población se encuentra en la 4 generación
Población:200
Evaluando población:200
[0](0.04096666666666667 min).....[5](0.14573333333333333 min).....[10](0.3221 min).....[15](0.4361 min).....[20](0.6611333333333334 min).....[25](0.7946666666666666 min).....[30](0.9494833333333333 min).....[35](1.1132833333333332 min).....[40](1.3688 min).....[45](1.4842666666666666 min).....[50](1.7432 min).....[55](1.8864166666666666 min).....[60](2.09465 min).....[65](2.252866666666667 min).....[70](2.466533333333333 min).....[75](2.6165499999999997 min).....[80](2.8508666666666667 min).....[85](2.9983333333333335 min).....[90](3.2549 min).....[95](3.4339999999999997 min).....[100](3.66405 min).....[105](3.8299166666666666 min).....[110](4.1425 min).....[115](4.30785 min).....[120](4.5333 min).....[125](4.756166666666667 min).....[130](4.962716666666666 min).....[135](5.193650000000001 min).....[140](5.467683333333333 min).....[145](5.6644 min).....[150](6.106766666666667 min).....[155](6.3384833333333335 min).....[160](6.777283333333333 min).....[165](7.129016666666667 min).....[170](7.661383333333333 min).....[175](8.053816666666666 min).....[180](8.6352 min).....[185](9.136533333333334 min).....[190](9.533449999999998 min).....[195](9.729016666666666 min)...
La población se encuentra en la 5 generación
Población:200
Evaluando población:200
[0](0.038066666666666665 min).....[5](0.1509333333333333 min).....[10](0.33053333333333335 min).....[15](0.44465 min).....[20](0.6604 min).....[25](0.7901166666666666 min).....[30](1.0128833333333334 min).....[35](1.1305833333333333 min).....[40](1.3410166666666667 min).....[45](1.48805 min).....[50](1.7299666666666667 min).....[55](1.9052833333333332 min).....[60](2.13545 min).....[65](2.3130666666666664 min).....[70](2.5163333333333333 min).....[75](2.634583333333333 min).....[80](2.8292833333333336 min).....[85](2.9455666666666667 min).....[90](3.2103166666666665 min).....[95](3.409066666666667 min).....[100](3.630133333333333 min).....[105](3.7605666666666666 min).....[110](4.047616666666666 min).....[115](4.274649999999999 min).....[120](4.533816666666667 min).....[125](4.7606166666666665 min).....[130](5.140583333333334 min).....[135](5.313133333333334 min).....[140](5.581733333333333 min).....[145](5.747166666666667 min).....[150](5.96575 min).....[155](6.287283333333334 min).....[160](6.659316666666667 min).....[165](7.00145 min).....[170](7.360650000000001 min).....[175](7.788966666666667 min).....[180](8.31995 min).....[185](8.646533333333334 min).....[190](9.075366666666667 min).....[195](9.193666666666667 min)...
La población se encuentra en la 6 generación
Población:200
Evaluando población:200
[0](0.03953333333333333 min).....[5](0.13419999999999999 min).....[10](0.33670000000000005 min).....[15](0.47135 min).....[20](0.6301333333333333 min).....[25](0.7428833333333333 min).....[30](0.9668333333333333 min).....[35](1.1070166666666668 min).....[40](1.3909333333333334 min).....[45](1.5299333333333334 min).....[50](1.788 min).....[55](1.9423666666666668 min).....[60](2.1563166666666667 min).....[65](2.3009666666666666 min).....[70](2.5296333333333334 min).....[75](2.7148166666666667 min).....[80](2.9145166666666666 min).....[85](3.0438166666666664 min).....[90](3.2565666666666666 min).....[95](3.44 min).....[100](3.657766666666667 min).....[105](3.8048833333333336 min).....[110](4.03415 min).....[115](4.174216666666667 min).....[120](4.411066666666667 min).....[125](4.58835 min).....[130](4.97315 min).....[135](5.1245 min).....[140](5.373516666666666 min).....[145](5.567733333333334 min).....[150](5.777716666666667 min).....[155](5.89855 min).....[160](6.131716666666667 min).....[165](6.4270499999999995 min).....[170](6.8086166666666665 min).....[175](7.107583333333333 min).....[180](7.47185 min).....[185](7.7232 min).....[190](8.1565 min).....[195](8.4946 min)...
La población se encuentra en la 7 generación
Población:200
Evaluando población:200
[0](0.0431 min).....[5](0.29075 min).....[10](0.7212999999999999 min).....[15](0.8559 min).....[20](1.0731 min).....[25](1.2834333333333334 min).....[30](1.5058166666666668 min).....[35](1.6159 min).....[40](1.8593000000000002 min).....[45](1.9922166666666667 min).....[50](2.1975 min).....[55](2.3594166666666667 min).....[60](2.509066666666667 min).....[65](2.6498666666666666 min).....[70](2.946483333333333 min).....[75](3.2004666666666663 min).....[80](3.5657666666666668 min).....[85](3.7210166666666664 min).....[90](3.9546166666666664 min).....[95](4.104216666666667 min).....[100](4.3322 min).....[105](4.473433333333333 min).....[110](4.710016666666666 min).....[115](4.868616666666667 min).....[120](5.0944666666666665 min).....[125](5.23415 min).....[130](5.461783333333333 min).....[135](5.640933333333334 min).....[140](5.894900000000001 min).....[145](6.070816666666667 min).....[150](6.324883333333333 min).....[155](6.559283333333334 min).....[160](6.847266666666667 min).....[165](7.006316666666667 min).....[170](7.313516666666667 min).....[175](7.5205166666666665 min).....[180](7.7961833333333335 min).....[185](8.01235 min).....[190](8.320283333333332 min).....[195](8.664449999999999 min)...
La población se encuentra en la 8 generación
Población:200
Evaluando población:200
[0](0.03751666666666666 min).....[5](0.15523333333333333 min).....[10](0.38539999999999996 min).....[15](0.4933666666666667 min).....[20](0.6746166666666666 min).....[25](0.8028333333333334 min).....[30](1.00075 min).....[35](1.1248833333333332 min).....[40](1.33555 min).....[45](1.4637 min).....[50](1.6467166666666666 min).....[55](1.7670166666666667 min).....[60](1.96425 min).....[65](2.09525 min).....[70](2.3021499999999997 min).....[75](2.4247500000000004 min).....[80](2.6176166666666663 min).....[85](2.7555666666666667 min).....[90](2.9796666666666667 min).....[95](3.108766666666667 min).....[100](3.2819833333333337 min).....[105](3.420533333333333 min).....[110](3.6236666666666664 min).....[115](3.765133333333333 min).....[120](4.107216666666667 min).....[125](4.25445 min).....[130](4.44955 min).....[135](4.609833333333333 min).....[140](4.794266666666667 min).....[145](4.92795 min).....[150](5.148016666666666 min).....[155](5.366283333333333 min).....[160](5.612466666666666 min).....[165](5.807666666666666 min).....[170](6.103899999999999 min).....[175](6.28175 min).....[180](6.582583333333333 min).....[185](6.864199999999999 min).....[190](7.3158666666666665 min).....[195](7.566999999999999 min)...
La población se encuentra en la 9 generación
Población:200
Evaluando población:200
[0](0.03755 min).....[5](0.28363333333333335 min).....[10](0.5595333333333333 min).....[15](0.7894666666666666 min).....[20](1.02255 min).....[25](1.1616333333333333 min).....[30](1.425 min).....[35](1.5407666666666666 min).....[40](1.7348333333333334 min).....[45](1.8518666666666665 min).....[50](2.036916666666667 min).....[55](2.1776666666666666 min).....[60](2.411983333333333 min).....[65](2.6042833333333335 min).....[70](2.85595 min).....[75](3.0078166666666664 min).....[80](3.189016666666667 min).....[85](3.309166666666667 min).....[90](3.515233333333333 min).....[95](3.66565 min).....[100](3.90225 min).....[105](4.051933333333333 min).....[110](4.270116666666667 min).....[115](4.4125499999999995 min).....[120](4.59455 min).....[125](4.760533333333333 min).....[130](5.01405 min).....[135](5.2106 min).....[140](5.421683333333333 min).....[145](5.585 min).....[150](5.8258 min).....[155](5.9854 min).....[160](6.199183333333334 min).....[165](6.369833333333333 min).....[170](6.6169 min).....[175](6.794266666666667 min).....[180](7.00765 min).....[185](7.127483333333333 min).....[190](7.445583333333333 min).....[195](7.6769 min)...
La población se encuentra en la 10 generación
Población:200
Evaluando población:200
[0](0.038233333333333334 min).....[5](0.19951666666666668 min).....[10](0.42996666666666666 min).....[15](0.5679333333333333 min).....[20](0.7632333333333333 min).....[25](0.9226666666666666 min).....[30](1.1054333333333333 min).....[35](1.2317500000000001 min).....[40](1.4556166666666668 min).....[45](1.6058 min).....[50](1.8102833333333335 min).....[55](1.9846333333333335 min).....[60](2.222766666666667 min).....[65](2.3849 min).....[70](2.6077166666666667 min).....[75](2.7231333333333336 min).....[80](2.99825 min).....[85](3.1555000000000004 min).....[90](3.6008 min).....[95](3.80985 min).....[100](4.102716666666667 min).....[105](4.252983333333334 min).....[110](4.49185 min).....[115](4.671483333333333 min).....[120](4.871266666666667 min).....[125](5.031866666666667 min).....[130](5.228816666666666 min).....[135](5.376866666666667 min).....[140](5.599066666666667 min).....[145](5.773933333333333 min).....[150](6.044216666666667 min).....[155](6.244766666666666 min).....[160](6.450166666666666 min).....[165](6.586916666666666 min).....[170](6.8603 min).....[175](7.031533333333333 min).....[180](7.2552 min).....[185](7.44645 min).....[190](7.768483333333333 min).....[195](7.950066666666667 min)...
La población se encuentra en la 11 generación
Población:200
Evaluando población:200
[0](0.04253333333333333 min).....[5](0.17188333333333333 min).....[10](0.31976666666666664 min).....[15](0.4391833333333333 min).....[20](0.6572333333333333 min).....[25](0.8088666666666666 min).....[30](1.06875 min).....[35](1.256 min).....[40](1.4673333333333334 min).....[45](1.66625 min).....[50](1.8766333333333334 min).....[55](2.0201666666666664 min).....[60](2.2695166666666666 min).....[65](2.433383333333333 min).....[70](2.666616666666667 min).....[75](2.8269 min).....[80](3.0501 min).....[85](3.1994 min).....[90](3.4952666666666667 min).....[95](3.6307166666666664 min).....[100](3.8646833333333332 min).....[105](4.013133333333333 min).....[110](4.238533333333334 min).....[115](4.389333333333334 min).....[120](4.591866666666666 min).....[125](4.742383333333334 min).....[130](4.99735 min).....[135](5.163266666666667 min).....[140](5.388283333333334 min).....[145](5.514083333333334 min).....[150](5.7604999999999995 min).....[155](5.91495 min).....[160](6.14775 min).....[165](6.301583333333334 min).....[170](6.526166666666667 min).....[175](6.676683333333333 min).....[180](6.933000000000001 min).....[185](7.093 min).....[190](7.415816666666667 min).....[195](7.8120666666666665 min)...
La población se encuentra en la 12 generación
Población:200
Evaluando población:200
[0](0.045083333333333336 min).....[5](0.13206666666666667 min).....[10](0.29151666666666665 min).....[15](0.44598333333333334 min).....[20](0.6320166666666667 min).....[25](0.7709499999999999 min).....[30](0.9855333333333333 min).....[35](1.1037666666666666 min).....[40](1.3107333333333335 min).....[45](1.4166333333333334 min).....[50](1.6243166666666666 min).....[55](1.7587666666666666 min).....[60](2.0021166666666668 min).....[65](2.1210333333333335 min).....[70](2.344533333333333 min).....[75](2.5057166666666664 min).....[80](2.7478166666666666 min).....[85](2.8789666666666665 min).....[90](3.0785833333333334 min).....[95](3.213616666666667 min).....[100](3.4528166666666666 min).....[105](3.629033333333333 min).....[110](3.8966 min).....[115](4.05745 min).....[120](4.276933333333333 min).....[125](4.456416666666667 min).....[130](4.702933333333333 min).....[135](4.871300000000001 min).....[140](5.210083333333333 min).....[145](5.39075 min).....[150](5.668450000000001 min).....[155](5.831983333333333 min).....[160](6.149216666666666 min).....[165](6.333066666666666 min).....[170](6.600466666666667 min).....[175](6.794016666666667 min).....[180](7.09075 min).....[185](7.306816666666666 min).....[190](7.5516499999999995 min).....[195](7.763633333333333 min)...
La población se encuentra en la 13 generación
Población:200
Evaluando población:200
[0](0.041133333333333334 min).....[5](0.14115 min).....[10](0.3697666666666667 min).....[15](0.4858166666666667 min).....[20](0.7086666666666667 min).....[25](0.8776833333333334 min).....[30](1.1435166666666667 min).....[35](1.2835666666666665 min).....[40](1.5669499999999998 min).....[45](1.7081833333333334 min).....[50](1.9446333333333332 min).....[55](2.081233333333333 min).....[60](2.25625 min).....[65](2.3946166666666664 min).....[70](2.6197833333333334 min).....[75](2.77055 min).....[80](2.9877333333333334 min).....[85](3.1323833333333337 min).....[90](3.3273333333333333 min).....[95](3.4618333333333333 min).....[100](3.6621 min).....[105](3.8070166666666667 min).....[110](4.0207 min).....[115](4.165183333333333 min).....[120](4.421466666666666 min).....[125](4.59595 min).....[130](4.8302000000000005 min).....[135](4.987433333333333 min).....[140](5.22985 min).....[145](5.374933333333333 min).....[150](5.5858333333333325 min).....[155](5.7509 min).....[160](5.9765500000000005 min).....[165](6.123466666666667 min).....[170](6.335883333333333 min).....[175](6.504583333333333 min).....[180](6.774133333333333 min).....[185](6.971516666666667 min).....[190](7.200466666666667 min).....[195](7.335966666666667 min)...
La población se encuentra en la 14 generación
Población:200
Evaluando población:200
[0](0.04081666666666666 min).....[5](0.14876666666666666 min).....[10](0.5872166666666666 min).....[15](0.74755 min).....[20](1.0831166666666665 min).....[25](1.2293166666666666 min).....[30](1.4856333333333334 min).....[35](1.6241166666666667 min).....[40](1.8335166666666667 min).....[45](1.9958333333333333 min).....[50](2.2474333333333334 min).....[55](2.4025166666666666 min).....[60](2.615466666666667 min).....[65](2.7481999999999998 min).....[70](2.9657833333333334 min).....[75](3.110783333333333 min).....[80](3.3455999999999997 min).....[85](3.4895333333333336 min).....[90](3.720666666666667 min).....[95](3.97585 min).....[100](4.1734 min).....[105](4.3307166666666665 min).....[110](4.5344999999999995 min).....[115](4.666683333333333 min).....[120](4.8538499999999996 min).....[125](4.974666666666667 min).....[130](5.207783333333333 min).....[135](5.334416666666667 min).....[140](5.541300000000001 min).....[145](5.682316666666667 min).....[150](5.910916666666666 min).....[155](6.050366666666666 min).....[160](6.291616666666667 min).....[165](6.431633333333334 min).....[170](6.6674500000000005 min).....[175](6.88905 min).....[180](7.144166666666666 min).....[185](7.340516666666667 min).....[190](7.55355 min).....[195](7.7447 min)...
La población se encuentra en la 15 generación
Población:200
Evaluando población:200
[0](0.0385 min).....[5](0.17231666666666667 min).....[10](0.34271666666666667 min).....[15](0.49716666666666665 min).....[20](0.71635 min).....[25](0.8629 min).....[30](1.0650166666666667 min).....[35](1.2342000000000002 min).....[40](1.4337833333333334 min).....[45](1.5754 min).....[50](1.7985666666666666 min).....[55](1.9480166666666667 min).....[60](2.178933333333333 min).....[65](2.3390666666666666 min).....[70](2.5448999999999997 min).....[75](2.6813999999999996 min).....[80](2.903383333333333 min).....[85](3.011883333333333 min).....[90](3.2144 min).....[95](3.3550166666666663 min).....[100](3.5620833333333333 min).....[105](3.7111333333333336 min).....[110](3.9448 min).....[115](4.06625 min).....[120](4.294316666666666 min).....[125](4.430633333333334 min).....[130](4.7702333333333335 min).....[135](4.9241 min).....[140](5.118516666666666 min).....[145](5.282733333333334 min).....[150](5.538366666666667 min).....[155](5.78145 min).....[160](5.9773 min).....[165](6.1223 min).....[170](6.3729000000000005 min).....[175](6.53855 min).....[180](6.82365 min).....[185](6.983116666666667 min).....[190](7.267216666666667 min).....[195](7.444283333333333 min)...
La población se encuentra en la 16 generación
Población:200
Evaluando población:200
[0](0.03855 min).....[5](0.14716666666666667 min).....[10](0.5546500000000001 min).....[15](0.6820333333333333 min).....[20](1.0451666666666666 min).....[25](1.2140333333333333 min).....[30](1.5271666666666666 min).....[35](1.7701833333333332 min).....[40](2.1428833333333333 min).....[45](2.3566333333333334 min).....[50](2.6177833333333336 min).....[55](2.7548833333333334 min).....[60](2.99555 min).....[65](3.128416666666667 min).....[70](3.3622666666666663 min).....[75](3.4922666666666666 min).....[80](3.7310000000000003 min).....[85](3.8616333333333333 min).....[90](4.114016666666667 min).....[95](4.260716666666666 min).....[100](4.5462 min).....[105](4.694249999999999 min).....[110](4.920616666666667 min).....[115](5.062166666666667 min).....[120](5.282166666666667 min).....[125](5.472133333333333 min).....[130](5.6966 min).....[135](5.842033333333333 min).....[140](6.089383333333333 min).....[145](6.26195 min).....[150](6.4906 min).....[155](6.648916666666667 min).....[160](6.891883333333333 min).....[165](7.0673 min).....[170](7.283600000000001 min).....[175](7.467616666666667 min).....[180](7.808866666666666 min).....[185](7.972733333333333 min).....[190](8.236283333333335 min).....[195](8.399183333333333 min)...
La población se encuentra en la 17 generación
Población:200
Evaluando población:200
[0](0.0394 min).....[5](0.11638333333333332 min).....[10](0.39936666666666665 min).....[15](0.5479333333333333 min).....[20](0.7704333333333333 min).....[25](0.9209833333333334 min).....[30](1.131 min).....[35](1.2613166666666666 min).....[40](1.4874666666666667 min).....[45](1.6468166666666666 min).....[50](1.8426833333333335 min).....[55](1.9806333333333332 min).....[60](2.1801000000000004 min).....[65](2.31165 min).....[70](2.505533333333333 min).....[75](2.6512666666666664 min).....[80](2.8661499999999998 min).....[85](3.0281833333333332 min).....[90](3.227633333333333 min).....[95](3.359166666666667 min).....[100](3.583883333333333 min).....[105](3.7302666666666666 min).....[110](3.9287666666666667 min).....[115](4.086 min).....[120](4.330533333333333 min).....[125](4.487333333333334 min).....[130](4.740633333333333 min).....[135](4.899816666666666 min).....[140](5.101866666666667 min).....[145](5.262416666666667 min).....[150](5.475866666666667 min).....[155](5.646516666666667 min).....[160](5.861366666666667 min).....[165](5.99755 min).....[170](6.239183333333333 min).....[175](6.386183333333333 min).....[180](6.590066666666667 min).....[185](6.73325 min).....[190](7.005533333333333 min).....[195](7.165083333333333 min)...
La población se encuentra en la 18 generación
Población:200
Evaluando población:200
[0](0.038599999999999995 min).....[5](0.11349999999999999 min).....[10](0.3216833333333333 min).....[15](0.45475 min).....[20](0.6264833333333333 min).....[25](0.7504333333333334 min).....[30](0.94145 min).....[35](1.0726333333333333 min).....[40](1.2725833333333334 min).....[45](1.3960666666666666 min).....[50](1.5897666666666666 min).....[55](1.7272166666666666 min).....[60](1.9282833333333333 min).....[65](2.0729833333333336 min).....[70](2.2813166666666667 min).....[75](2.3971666666666667 min).....[80](2.6127166666666666 min).....[85](2.75435 min).....[90](2.9770499999999998 min).....[95](3.13635 min).....[100](3.3427833333333337 min).....[105](3.47115 min).....[110](3.67825 min).....[115](3.8557 min).....[120](4.0582 min).....[125](4.209316666666667 min).....[130](4.3981 min).....[135](4.551566666666667 min).....[140](4.7509500000000005 min).....[145](4.898083333333333 min).....[150](5.119649999999999 min).....[155](5.284666666666666 min).....[160](5.4996833333333335 min).....[165](5.633816666666666 min).....[170](5.822533333333333 min).....[175](5.979466666666666 min).....[180](6.170249999999999 min).....[185](6.336783333333333 min).....[190](6.568983333333334 min).....[195](6.730683333333333 min)...
La población se encuentra en la 19 generación
Población:200
Evaluando población:200
[0](0.0371 min).....[5](0.15755 min).....[10](0.2927 min).....[15](0.4043833333333334 min).....[20](0.6052 min).....[25](0.787 min).....[30](1.0835833333333333 min).....[35](1.2515666666666665 min).....[40](1.4435666666666667 min).....[45](1.5821 min).....[50](1.8317333333333332 min).....[55](2.0582333333333334 min).....[60](2.2485500000000003 min).....[65](2.4084 min).....[70](2.6088333333333336 min).....[75](2.7399833333333334 min).....[80](2.952916666666667 min).....[85](3.06315 min).....[90](3.2611166666666667 min).....[95](3.4046166666666666 min).....[100](3.575083333333333 min).....[105](3.6923833333333334 min).....[110](3.8710666666666667 min).....[115](3.9947333333333335 min).....[120](4.1917333333333335 min).....[125](4.313466666666667 min).....[130](4.505216666666667 min).....[135](4.663250000000001 min).....[140](4.838816666666667 min).....[145](4.955416666666666 min).....[150](5.1385499999999995 min).....[155](5.2734499999999995 min).....[160](5.435783333333333 min).....[165](5.57445 min).....[170](5.769633333333333 min).....[175](5.874066666666667 min).....[180](6.110883333333334 min).....[185](6.204766666666667 min).....[190](6.445283333333333 min).....[195](6.566999999999999 min)...
La población se encuentra en la 20 generación
Población:200
Evaluando población:200
[0](0.04086666666666667 min).....[5](0.11563333333333332 min).....[10](0.28800000000000003 min).....[15](0.4081166666666666 min).....[20](0.5728833333333333 min).....[25](0.6778166666666666 min).....[30](0.8667333333333332 min).....[35](0.97785 min).....[40](1.1457166666666665 min).....[45](1.2708833333333334 min).....[50](1.44885 min).....[55](1.5814666666666668 min).....[60](1.7637333333333334 min).....[65](1.8791333333333333 min).....[70](2.0426166666666665 min).....[75](2.1556833333333336 min).....[80](2.3633499999999996 min).....[85](2.5223333333333335 min).....[90](2.75405 min).....[95](2.8875499999999996 min).....[100](3.0985666666666662 min).....[105](3.2196 min).....[110](3.689633333333333 min).....[115](3.8751499999999997 min).....[120](4.079533333333333 min).....[125](4.203316666666667 min).....[130](4.429083333333334 min).....[135](4.617066666666667 min).....[140](4.815366666666667 min).....[145](4.972683333333333 min).....[150](5.210066666666666 min).....[155](5.3415333333333335 min).....[160](5.60145 min).....[165](5.749 min).....[170](5.9529 min).....[175](6.115783333333334 min).....[180](6.3633999999999995 min).....[185](6.5069333333333335 min).....[190](6.8082 min).....[195](6.9534 min)...
